interf_x.c 350 interf_x.c 196
interf_x.c 299 interf_x.c 127
interf_x.c 197 poteng_x.c 81
water_x.c 375 predcor_x.c 66
kineti_x.c 53 initia_x.c 200
interf_x.c 328 interf_x.c 338
interf_x.c 106 poteng_x.c 67
interf_x.c 142 initia_x.c 126
bndry_x.c 58 bndry_x.c 58
cnstnt_x.c 56 intraf_x.c 114
interf_x.c 342 interf_x.c 348
interf_x.c 184 poteng_x.c 73
interf_x.c 320 interf_x.c 320
interf_x.c 132 intraf_x.c 88
interf_x.c 198 interf_x.c 198
bndry_x.c 51 interf_x.c 267
interf_x.c 108 cnstnt_x.c 55
mdmain_x.c 564 syscons_x.c 50
interf_x.c 312 interf_x.c 314
interf_x.c 344 interf_x.c 336
mdmain_x.c 460 mdmain_x.c 460
mdmain_x.c 482 mdmain_x.c 482
interf_x.c 322 interf_x.c 326
interf_x.c 265 interf_x.c 266
poteng_x.c 70 interf_x.c 174
mdmain_x.c 639 mdmain_x.c 639
interf_x.c 147 initia_x.c 128
intraf_x.c 133 poteng_x.c 80
mdmain_x.c 565 cshift_x.c 61
mdmain_x.c 457 mdmain_x.c 457
interf_x.c 346 interf_x.c 340
interf_x.c 316 interf_x.c 316
mdmain_x.c 642 water_x.c 484
