interf_x.c 350 interf_x.c 338
interf_x.c 299 interf_x.c 132
interf_x.c 197 interf_x.c 318
water_x.c 375 initia_x.c 202
kineti_x.c 53 bndry_x.c 58
initia_x.c 161 predcor_x.c 63
water_x.c 486 mdmain_x.c 555
interf_x.c 328 interf_x.c 320
interf_x.c 106 interf_x.c 196
intraf_x.c 130 syscons_x.c 73
poteng_x.c 77 interf_x.c 173
predcor_x.c 66 interf_x.c 147
interf_x.c 342 interf_x.c 336
interf_x.c 184 syscons_x.c 79
cshift_x.c 51 interf_x.c 198
mdmain_x.c 383 mdmain_x.c 460
mdmain_x.c 371 water_x.c 487
poteng_x.c 67 poteng_x.c 182
mdmain_x.c 558 poteng_x.c 226
interf_x.c 334 interf_x.c 334
interf_x.c 108 syscons_x.c 56
mdmain_x.c 463 cshift_x.c 61
poteng_x.c 78 intraf_x.c 133
mdmain_x.c 560 poteng_x.c 228
interf_x.c 312 interf_x.c 316
interf_x.c 322 interf_x.c 314
intraf_x.c 62 water_x.c 373
initia_x.c 163 intraf_x.c 144
mdmain_x.c 565 syscons_x.c 50
interf_x.c 324 interf_x.c 340
mdmain_x.c 559 poteng_x.c 227
mdmain_x.c 339 mdmain_x.c 339
