interf_x.c 350 interf_x.c 316
interf_x.c 197 intraf_x.c 132
kineti_x.c 53 interf_x.c 266
interf_x.c 328 interf_x.c 318
intraf_x.c 130 intraf_x.c 130
bndry_x.c 58 interf_x.c 185
predcor_x.c 66 initia_x.c 182
interf_x.c 342 interf_x.c 334
interf_x.c 184 interf_x.c 338
interf_x.c 320 interf_x.c 196
interf_x.c 198 interf_x.c 336
poteng_x.c 67 syscons_x.c 51
interf_x.c 305 interf_x.c 127
poteng_x.c 78 interf_x.c 173
mdmain_x.c 315 water_x.c 235
interf_x.c 312 interf_x.c 348
interf_x.c 344 interf_x.c 186
intraf_x.c 69 intraf_x.c 69
intraf_x.c 62 water_x.c 371
cshift_x.c 60 syscons_x.c 56
