interf_x.c 350 interf_x.c 346
interf_x.c 197 poteng_x.c 77
interf_x.c 328 interf_x.c 173
interf_x.c 106 cnstnt_x.c 56
intraf_x.c 130 interf_x.c 314
bndry_x.c 58 bndry_x.c 51
predcor_x.c 66 initia_x.c 127
interf_x.c 342 interf_x.c 338
interf_x.c 184 poteng_x.c 70
interf_x.c 320 interf_x.c 336
interf_x.c 198 interf_x.c 196
poteng_x.c 67 interf_x.c 267
initia_x.c 162 intraf_x.c 144
intraf_x.c 132 poteng_x.c 81
interf_x.c 344 interf_x.c 348
interf_x.c 185 poteng_x.c 73
interf_x.c 265 interf_x.c 265
cshift_x.c 60 initia_x.c 200
mdmain_x.c 293 water_x.c 235
interf_x.c 326 interf_x.c 340
