interf_x.c 350 interf_x.c 326
interf_x.c 197 intraf_x.c 69
interf_x.c 328 interf_x.c 314
interf_x.c 106 interf_x.c 106
intraf_x.c 130 poteng_x.c 78
bndry_x.c 58 interf_x.c 265
predcor_x.c 66 interf_x.c 168
interf_x.c 342 interf_x.c 324
interf_x.c 320 interf_x.c 338
interf_x.c 198 interf_x.c 346
bndry_x.c 51 interf_x.c 266
poteng_x.c 67 poteng_x.c 73
interf_x.c 334 interf_x.c 318
intraf_x.c 132 poteng_x.c 80
cshift_x.c 52 syscons_x.c 56
interf_x.c 312 interf_x.c 312
interf_x.c 344 interf_x.c 196
syscons_x.c 72 syscons_x.c 70
mdmain_x.c 460 mdmain_x.c 457
interf_x.c 322 interf_x.c 340
initia_x.c 163 predcor_x.c 63
interf_x.c 336 interf_x.c 316
intraf_x.c 133 poteng_x.c 81
mdmain_x.c 555 mdmain_x.c 555
mdmain_x.c 213 mdmain_x.c 339
mdmain_x.c 642 water_x.c 487
mdmain_x.c 552 mdmain_x.c 552
interf_x.c 174 interf_x.c 174
