interf_x.c 350 interf_x.c 336
interf_x.c 197 interf_x.c 338
water_x.c 375 intraf_x.c 62
kineti_x.c 53 interf_x.c 184
interf_x.c 328 interf_x.c 348
interf_x.c 106 cnstnt_x.c 89
intraf_x.c 130 interf_x.c 320
bndry_x.c 58 interf_x.c 196
poteng_x.c 77 intraf_x.c 133
predcor_x.c 66 initia_x.c 128
cshift_x.c 63 initia_x.c 200
interf_x.c 342 interf_x.c 318
mdmain_x.c 383 mdmain_x.c 383
mdmain_x.c 371 mdmain_x.c 552
interf_x.c 198 poteng_x.c 73
poteng_x.c 67 interf_x.c 108
mdmain_x.c 260 water_x.c 235
interf_x.c 334 interf_x.c 346
intraf_x.c 132 intraf_x.c 69
poteng_x.c 78 interf_x.c 340
mdmain_x.c 560 poteng_x.c 182
cnstnt_x.c 55 interf_x.c 104
initia_x.c 126 intraf_x.c 144
interf_x.c 147 cnstnt_x.c 102
mdmain_x.c 555 water_x.c 487
