interf_x.c 350 interf_x.c 198
interf_x.c 197 interf_x.c 324
interf_x.c 328 interf_x.c 328
interf_x.c 106 cnstnt_x.c 55
intraf_x.c 130 poteng_x.c 77
bndry_x.c 58 poteng_x.c 73
predcor_x.c 66 initia_x.c 126
interf_x.c 342 interf_x.c 346
interf_x.c 122 intraf_x.c 133
interf_x.c 184 poteng_x.c 67
cshift_x.c 57 syscons_x.c 56
interf_x.c 320 interf_x.c 326
interf_x.c 132 intraf_x.c 144
bndry_x.c 51 interf_x.c 196
intraf_x.c 96 intraf_x.c 105
cshift_x.c 52 initia_x.c 200
interf_x.c 344 interf_x.c 338
interf_x.c 185 poteng_x.c 70
syscons_x.c 72 syscons_x.c 71
interf_x.c 100 initia_x.c 128
interf_x.c 336 interf_x.c 336
mdmain_x.c 555 mdmain_x.c 552
interf_x.c 348 interf_x.c 348
mdmain_x.c 642 mdmain_x.c 642
