interf_x.c 350 interf_x.c 320
interf_x.c 299 mdmain_x.c 339
interf_x.c 197 intraf_x.c 133
water_x.c 375 intraf_x.c 141
kineti_x.c 53 interf_x.c 196
initia_x.c 161 intraf_x.c 144
interf_x.c 328 interf_x.c 186
interf_x.c 106 syscons_x.c 56
interf_x.c 142 predcor_x.c 63
intraf_x.c 130 poteng_x.c 81
bndry_x.c 58 syscons_x.c 51
mdmain_x.c 563 poteng_x.c 182
water_x.c 516 water_x.c 516
interf_x.c 342 interf_x.c 316
interf_x.c 184 interf_x.c 326
cshift_x.c 57 interf_x.c 198
mdmain_x.c 371 mdmain_x.c 371
interf_x.c 334 interf_x.c 338
interf_x.c 312 interf_x.c 340
interf_x.c 344 interf_x.c 185
interf_x.c 322 interf_x.c 174
mdmain_x.c 639 mdmain_x.c 642
