interf_x.c 350 interf_x.c 348
interf_x.c 197 poteng_x.c 78
interf_x.c 328 interf_x.c 334
interf_x.c 106 interf_x.c 108
intraf_x.c 130 interf_x.c 173
bndry_x.c 58 interf_x.c 266
interf_x.c 342 interf_x.c 314
interf_x.c 320 interf_x.c 318
interf_x.c 198 interf_x.c 267
cnstnt_x.c 87 intraf_x.c 114
poteng_x.c 67 interf_x.c 265
intraf_x.c 132 interf_x.c 175
interf_x.c 312 interf_x.c 338
interf_x.c 344 interf_x.c 316
interf_x.c 185 syscons_x.c 56
intraf_x.c 69 intraf_x.c 133
mdmain_x.c 84 water_x.c 235
initia_x.c 126 predcor_x.c 63
interf_x.c 322 interf_x.c 346
poteng_x.c 70 poteng_x.c 73
initia_x.c 127 intraf_x.c 144
poteng_x.c 182 mdmain_x.c 559
