interf_x.c 350 interf_x.c 185
interf_x.c 197 intraf_x.c 130
kineti_x.c 53 interf_x.c 198
interf_x.c 328 interf_x.c 336
bndry_x.c 58 syscons_x.c 56
interf_x.c 342 interf_x.c 174
interf_x.c 184 interf_x.c 348
interf_x.c 320 interf_x.c 316
interf_x.c 132 mdmain_x.c 295
interf_x.c 334 interf_x.c 314
poteng_x.c 78 interf_x.c 312
interf_x.c 344 interf_x.c 340
interf_x.c 322 interf_x.c 324
interf_x.c 161 intraf_x.c 148
interf_x.c 265 syscons_x.c 77
intraf_x.c 133 poteng_x.c 76
mdmain_x.c 156 water_x.c 235
initia_x.c 127 predcor_x.c 63
interf_x.c 338 interf_x.c 338
initia_x.c 128 intraf_x.c 144
interf_x.c 326 interf_x.c 326
mdmain_x.c 196 mdmain_x.c 196
