interf_x.c 350 interf_x.c 318
interf_x.c 197 interf_x.c 320
water_x.c 375 interf_x.c 180
kineti_x.c 53 interf_x.c 267
initia_x.c 161 predcor_x.c 66
interf_x.c 328 interf_x.c 196
interf_x.c 106 syscons_x.c 51
intraf_x.c 130 interf_x.c 290
bndry_x.c 58 poteng_x.c 67
poteng_x.c 77 water_x.c 235
cshift_x.c 63 syscons_x.c 56
interf_x.c 342 poteng_x.c 78
interf_x.c 184 interf_x.c 265
mdmain_x.c 383 mdmain_x.c 339
mdmain_x.c 371 mdmain_x.c 555
interf_x.c 300 interf_x.c 127
interf_x.c 132 initia_x.c 128
interf_x.c 198 interf_x.c 340
mdmain_x.c 558 poteng_x.c 182
mdmain_x.c 392 cnstnt_x.c 59
intraf_x.c 141 water_x.c 373
