interf_x.c 350 interf_x.c 328
interf_x.c 197 interf_x.c 312
interf_x.c 106 intraf_x.c 106
interf_x.c 342 interf_x.c 322
interf_x.c 320 poteng_x.c 78
interf_x.c 198 interf_x.c 266
poteng_x.c 67 poteng_x.c 70
interf_x.c 334 interf_x.c 336
interf_x.c 305 water_x.c 501
intraf_x.c 132 interf_x.c 127
interf_x.c 344 interf_x.c 324
cshift_x.c 58 syscons_x.c 56
interf_x.c 161 mdmain_x.c 196
interf_x.c 180 water_x.c 373
interf_x.c 114 intraf_x.c 105
poteng_x.c 80 interf_x.c 175
cshift_x.c 53 initia_x.c 200
interf_x.c 314 interf_x.c 338
interf_x.c 346 interf_x.c 326
poteng_x.c 73 poteng_x.c 73
interf_x.c 316 interf_x.c 340
