block2_x.c 491 522 500 502 500 
fo_x.c 71 125 77 78 77 
numLL_x.c 189 236 231 233 231 
block2_x.c 674 683 681 683 681 
solve_x.c 103 414 267 269 267 
mf_x.c 145 179 170 170 170 
solve_x.c 419 703 617 623 617 619 
bfac_x.c 457 474 463 464 -1 
amal_x.c 215 260 227 228 227 
fo_x.c 131 145 134 135 134 
fo_x.c 201 222 221 222 221 
solve_x.c 419 703 543 549 543 545 
block2_x.c 274 303 298 299 298 
block2_x.c 343 369 361 364 361 
parts_x.c 193 214 199 201 199 
solve_x.c 419 703 679 685 679 681 
numLL_x.c 46 184 83 84 83 
solve_x.c 103 414 381 382 381 
block2_x.c 674 683 677 678 677 
solve_x.c 419 703 470 476 470 472 
numLL_x.c 189 236 227 230 227 
malloc_x.c 59 70 69 70 69 
parts_x.c 257 279 272 273 272 
bfac_x.c 457 474 469 470 469 
fo_x.c 512 524 517 519 517 
fo_x.c 487 506 505 506 505 
