amal_x.c 60
amal_x.c 86
amal_x.c 87
amal_x.c 98
amal_x.c 99
amal_x.c 110
amal_x.c 134
amal_x.c 136
amal_x.c 137
amal_x.c 160
amal_x.c 161
amal_x.c 164
amal_x.c 165
amal_x.c 167
amal_x.c 168
amal_x.c 169
amal_x.c 171
amal_x.c 175
amal_x.c 177
amal_x.c 179
amal_x.c 181
amal_x.c 234
amal_x.c 235
amal_x.c 274
amal_x.c 279
amal_x.c 298
amal_x.c 300
amal_x.c 301
amal_x.c 302
amal_x.c 303
amal_x.c 306
amal_x.c 307
amal_x.c 308
amal_x.c 309
amal_x.c 310
amal_x.c 313
amal_x.c 314
amal_x.c 315
amal_x.c 316
amal_x.c 327
amal_x.c 330
amal_x.c 333
assign_x.c 103
assign_x.c 104
assign_x.c 105
assign_x.c 120
assign_x.c 121
assign_x.c 122
assign_x.c 127
bfac_x.c 56
bfac_x.c 57
bfac_x.c 61
bfac_x.c 62
bfac_x.c 64
bfac_x.c 66
bfac_x.c 68
bfac_x.c 70
bfac_x.c 71
bfac_x.c 73
bfac_x.c 77
bfac_x.c 93
bfac_x.c 94
bfac_x.c 96
bfac_x.c 111
bfac_x.c 116
bfac_x.c 117
bfac_x.c 118
bfac_x.c 119
bfac_x.c 121
bfac_x.c 123
bfac_x.c 125
bfac_x.c 127
bfac_x.c 128
bfac_x.c 129
bfac_x.c 154
bfac_x.c 155
bfac_x.c 156
bfac_x.c 157
bfac_x.c 164
bfac_x.c 165
bfac_x.c 166
bfac_x.c 167
bfac_x.c 168
bfac_x.c 169
bfac_x.c 173
bfac_x.c 174
bfac_x.c 176
bfac_x.c 177
bfac_x.c 180
bfac_x.c 182
bfac_x.c 184
bfac_x.c 185
bfac_x.c 187
bfac_x.c 189
bfac_x.c 193
bfac_x.c 195
bfac_x.c 198
bfac_x.c 217
bfac_x.c 230
bfac_x.c 231
bfac_x.c 232
bfac_x.c 233
bfac_x.c 234
bfac_x.c 235
bfac_x.c 248
bfac_x.c 259
bfac_x.c 282
bfac_x.c 283
bfac_x.c 284
bfac_x.c 285
bfac_x.c 286
bfac_x.c 287
bfac_x.c 288
bfac_x.c 289
bfac_x.c 298
bfac_x.c 299
bfac_x.c 300
bfac_x.c 301
bfac_x.c 302
bfac_x.c 303
bfac_x.c 304
bfac_x.c 305
bfac_x.c 306
bfac_x.c 307
bfac_x.c 312
bfac_x.c 313
bfac_x.c 314
bfac_x.c 315
bfac_x.c 323
bfac_x.c 324
bfac_x.c 325
bfac_x.c 326
bfac_x.c 327
bfac_x.c 328
bfac_x.c 332
bfac_x.c 333
bfac_x.c 335
bfac_x.c 336
bfac_x.c 337
bfac_x.c 344
bfac_x.c 345
bfac_x.c 346
bfac_x.c 347
bfac_x.c 353
bfac_x.c 354
bfac_x.c 355
bfac_x.c 356
bfac_x.c 357
bfac_x.c 358
bfac_x.c 362
bfac_x.c 364
bfac_x.c 382
bfac_x.c 386
bfac_x.c 387
bfac_x.c 388
bfac_x.c 389
bfac_x.c 390
bfac_x.c 391
bfac_x.c 392
bfac_x.c 416
bfac_x.c 417
bfac_x.c 418
bfac_x.c 419
bfac_x.c 425
bfac_x.c 428
bfac_x.c 429
bfac_x.c 430
bfac_x.c 431
bfac_x.c 432
bfac_x.c 433
bfac_x.c 437
bfac_x.c 438
bfac_x.c 439
bfac_x.c 441
bfac_x.c 442
bfac_x.c 448
bfac_x.c 450
bfac_x.c 463
bfac_x.c 469
bfac_x.c 472
bfac_x.c 473
bfac_x.c 474
bksolve_x.c 48
bksolve_x.c 52
bksolve_x.c 53
bksolve_x.c 55
bksolve_x.c 60
bksolve_x.c 61
bksolve_x.c 62
bksolve_x.c 66
bksolve_x.c 67
bksolve_x.c 68
bksolve_x.c 73
bksolve_x.c 76
bksolve_x.c 77
bksolve_x.c 78
bksolve_x.c 79
bksolve_x.c 90
bksolve_x.c 91
bksolve_x.c 94
bksolve_x.c 95
bksolve_x.c 101
bksolve_x.c 104
bksolve_x.c 105
bksolve_x.c 106
bksolve_x.c 107
bksolve_x.c 113
bksolve_x.c 114
bksolve_x.c 117
bksolve_x.c 118
bksolve_x.c 119
bksolve_x.c 122
bksolve_x.c 128
bksolve_x.c 129
bksolve_x.c 163
bksolve_x.c 167
bksolve_x.c 168
bksolve_x.c 173
bksolve_x.c 174
block2_x.c 59
block2_x.c 65
block2_x.c 81
block2_x.c 82
block2_x.c 83
block2_x.c 86
block2_x.c 89
block2_x.c 100
block2_x.c 101
block2_x.c 106
block2_x.c 108
block2_x.c 110
block2_x.c 112
block2_x.c 113
block2_x.c 120
block2_x.c 129
block2_x.c 135
block2_x.c 148
block2_x.c 150
block2_x.c 151
block2_x.c 154
block2_x.c 157
block2_x.c 162
block2_x.c 163
block2_x.c 170
block2_x.c 178
block2_x.c 179
block2_x.c 180
block2_x.c 182
block2_x.c 189
block2_x.c 190
block2_x.c 191
block2_x.c 193
block2_x.c 195
block2_x.c 207
block2_x.c 208
block2_x.c 210
block2_x.c 246
block2_x.c 247
block2_x.c 248
block2_x.c 249
block2_x.c 264
block2_x.c 265
block2_x.c 286
block2_x.c 287
block2_x.c 288
block2_x.c 289
block2_x.c 290
block2_x.c 294
block2_x.c 297
block2_x.c 298
block2_x.c 299
block2_x.c 319
block2_x.c 330
block2_x.c 331
block2_x.c 332
block2_x.c 338
block2_x.c 346
block2_x.c 349
block2_x.c 352
block2_x.c 354
block2_x.c 355
block2_x.c 356
block2_x.c 357
block2_x.c 358
block2_x.c 359
block2_x.c 360
block2_x.c 361
block2_x.c 367
block2_x.c 378
block2_x.c 379
block2_x.c 387
block2_x.c 388
block2_x.c 389
block2_x.c 390
block2_x.c 391
block2_x.c 392
block2_x.c 395
block2_x.c 400
block2_x.c 401
block2_x.c 402
block2_x.c 403
block2_x.c 404
block2_x.c 405
block2_x.c 406
block2_x.c 407
block2_x.c 410
block2_x.c 421
block2_x.c 422
block2_x.c 427
block2_x.c 436
block2_x.c 439
block2_x.c 440
block2_x.c 441
block2_x.c 442
block2_x.c 445
block2_x.c 451
block2_x.c 452
block2_x.c 453
block2_x.c 454
block2_x.c 455
block2_x.c 456
block2_x.c 457
block2_x.c 460
block2_x.c 465
block2_x.c 468
block2_x.c 470
block2_x.c 473
block2_x.c 480
block2_x.c 483
block2_x.c 485
block2_x.c 497
block2_x.c 499
block2_x.c 500
block2_x.c 505
block2_x.c 514
block2_x.c 516
block2_x.c 530
block2_x.c 531
block2_x.c 532
block2_x.c 533
block2_x.c 536
block2_x.c 547
block2_x.c 548
block2_x.c 549
block2_x.c 550
block2_x.c 553
block2_x.c 555
block2_x.c 559
block2_x.c 566
block2_x.c 567
block2_x.c 568
block2_x.c 569
block2_x.c 572
block2_x.c 574
block2_x.c 577
block2_x.c 580
block2_x.c 581
block2_x.c 582
block2_x.c 598
block2_x.c 599
block2_x.c 614
block2_x.c 615
block2_x.c 628
block2_x.c 632
block2_x.c 636
block2_x.c 649
block2_x.c 650
block2_x.c 651
block2_x.c 657
block2_x.c 658
block2_x.c 678
block2_x.c 681
block2_x.c 682
block2_x.c 683
block2_x.c 698
block2_x.c 707
block2_x.c 708
fo_x.c 64
fo_x.c 65
fo_x.c 74
fo_x.c 75
fo_x.c 78
fo_x.c 80
fo_x.c 81
fo_x.c 82
fo_x.c 83
fo_x.c 84
fo_x.c 85
fo_x.c 86
fo_x.c 87
fo_x.c 90
fo_x.c 91
fo_x.c 92
fo_x.c 94
fo_x.c 97
fo_x.c 100
fo_x.c 102
fo_x.c 103
fo_x.c 105
fo_x.c 107
fo_x.c 110
fo_x.c 113
fo_x.c 114
fo_x.c 115
fo_x.c 118
fo_x.c 122
fo_x.c 125
fo_x.c 135
fo_x.c 137
fo_x.c 138
fo_x.c 139
fo_x.c 141
fo_x.c 143
fo_x.c 144
fo_x.c 154
fo_x.c 155
fo_x.c 157
fo_x.c 159
fo_x.c 177
fo_x.c 180
fo_x.c 185
fo_x.c 187
fo_x.c 189
fo_x.c 190
fo_x.c 191
fo_x.c 206
fo_x.c 207
fo_x.c 208
fo_x.c 211
fo_x.c 212
fo_x.c 214
fo_x.c 219
fo_x.c 221
fo_x.c 233
fo_x.c 237
fo_x.c 238
fo_x.c 241
fo_x.c 243
fo_x.c 248
fo_x.c 266
fo_x.c 267
fo_x.c 268
fo_x.c 270
fo_x.c 271
fo_x.c 281
fo_x.c 282
fo_x.c 283
fo_x.c 286
fo_x.c 287
fo_x.c 288
fo_x.c 296
fo_x.c 297
fo_x.c 299
fo_x.c 311
fo_x.c 312
fo_x.c 314
fo_x.c 315
fo_x.c 327
fo_x.c 330
fo_x.c 333
fo_x.c 335
fo_x.c 337
fo_x.c 347
fo_x.c 350
fo_x.c 352
fo_x.c 353
fo_x.c 356
fo_x.c 357
fo_x.c 364
fo_x.c 366
fo_x.c 368
fo_x.c 370
fo_x.c 386
fo_x.c 387
fo_x.c 418
fo_x.c 419
fo_x.c 434
fo_x.c 454
fo_x.c 458
fo_x.c 475
fo_x.c 476
fo_x.c 477
fo_x.c 478
fo_x.c 491
fo_x.c 492
fo_x.c 493
fo_x.c 496
fo_x.c 497
fo_x.c 500
fo_x.c 502
fo_x.c 505
fo_x.c 515
fo_x.c 516
fo_x.c 517
fo_x.c 518
fo_x.c 533
fo_x.c 535
fo_x.c 537
fo_x.c 554
fo_x.c 555
fo_x.c 556
fo_x.c 560
fo_x.c 561
fo_x.c 562
fo_x.c 566
fo_x.c 570
fo_x.c 576
fo_x.c 577
fo_x.c 578
fo_x.c 582
fo_x.c 586
fo_x.c 598
fo_x.c 599
fo_x.c 601
fo_x.c 612
fo_x.c 614
fo_x.c 615
fo_x.c 616
fo_x.c 620
fo_x.c 621
fo_x.c 626
fo_x.c 633
fo_x.c 639
fo_x.c 651
fo_x.c 663
fo_x.c 669
fo_x.c 670
fo_x.c 674
fo_x.c 675
fo_x.c 689
fo_x.c 694
fo_x.c 698
malloc_x.c 62
malloc_x.c 91
malloc_x.c 92
malloc_x.c 152
malloc_x.c 154
malloc_x.c 156
malloc_x.c 164
malloc_x.c 167
malloc_x.c 173
malloc_x.c 174
malloc_x.c 177
malloc_x.c 184
malloc_x.c 186
malloc_x.c 189
malloc_x.c 197
malloc_x.c 205
malloc_x.c 214
malloc_x.c 217
malloc_x.c 218
malloc_x.c 220
malloc_x.c 224
malloc_x.c 225
malloc_x.c 226
malloc_x.c 233
malloc_x.c 234
malloc_x.c 235
malloc_x.c 238
malloc_x.c 239
malloc_x.c 284
malloc_x.c 295
malloc_x.c 296
malloc_x.c 302
malloc_x.c 319
malloc_x.c 320
malloc_x.c 321
mf_x.c 60
mf_x.c 61
mf_x.c 62
mf_x.c 63
mf_x.c 74
mf_x.c 79
mf_x.c 81
mf_x.c 87
mf_x.c 105
mf_x.c 106
mf_x.c 107
mf_x.c 113
mf_x.c 114
mf_x.c 115
mf_x.c 120
mf_x.c 121
mf_x.c 123
mf_x.c 124
mf_x.c 127
mf_x.c 128
mf_x.c 130
mf_x.c 131
mf_x.c 140
mf_x.c 150
mf_x.c 153
mf_x.c 154
mf_x.c 155
mf_x.c 156
mf_x.c 157
mf_x.c 159
mf_x.c 160
mf_x.c 161
mf_x.c 162
mf_x.c 163
mf_x.c 170
mf_x.c 175
mf_x.c 178
mf_x.c 179
numLL_x.c 58
numLL_x.c 61
numLL_x.c 62
numLL_x.c 64
numLL_x.c 68
numLL_x.c 70
numLL_x.c 71
numLL_x.c 75
numLL_x.c 76
numLL_x.c 77
numLL_x.c 79
numLL_x.c 81
numLL_x.c 83
numLL_x.c 86
numLL_x.c 91
numLL_x.c 92
numLL_x.c 93
numLL_x.c 95
numLL_x.c 100
numLL_x.c 108
numLL_x.c 110
numLL_x.c 113
numLL_x.c 114
numLL_x.c 115
numLL_x.c 121
numLL_x.c 122
numLL_x.c 123
numLL_x.c 126
numLL_x.c 127
numLL_x.c 128
numLL_x.c 135
numLL_x.c 140
numLL_x.c 141
numLL_x.c 145
numLL_x.c 148
numLL_x.c 152
numLL_x.c 153
numLL_x.c 154
numLL_x.c 156
numLL_x.c 158
numLL_x.c 164
numLL_x.c 165
numLL_x.c 166
numLL_x.c 168
numLL_x.c 172
numLL_x.c 192
numLL_x.c 197
numLL_x.c 202
numLL_x.c 206
numLL_x.c 208
numLL_x.c 209
numLL_x.c 227
numLL_x.c 231
numLL_x.c 249
numLL_x.c 255
numLL_x.c 259
numLL_x.c 276
numLL_x.c 294
numLL_x.c 297
numLL_x.c 298
numLL_x.c 316
numLL_x.c 319
numLL_x.c 321
numLL_x.c 332
numLL_x.c 333
numLL_x.c 337
numLL_x.c 345
numLL_x.c 346
numLL_x.c 349
numLL_x.c 364
numLL_x.c 366
numLL_x.c 408
numLL_x.c 419
numLL_x.c 420
numLL_x.c 421
numLL_x.c 422
numLL_x.c 423
numLL_x.c 424
numLL_x.c 425
numLL_x.c 426
numLL_x.c 428
numLL_x.c 430
numLL_x.c 433
numLL_x.c 437
numLL_x.c 438
numLL_x.c 439
numLL_x.c 440
numLL_x.c 441
numLL_x.c 442
numLL_x.c 443
numLL_x.c 444
numLL_x.c 445
numLL_x.c 446
numLL_x.c 456
numLL_x.c 463
numLL_x.c 464
numLL_x.c 465
numLL_x.c 466
numLL_x.c 468
numLL_x.c 469
numLL_x.c 471
numLL_x.c 474
numLL_x.c 475
numLL_x.c 476
numLL_x.c 477
numLL_x.c 478
numLL_x.c 479
numLL_x.c 488
numLL_x.c 493
numLL_x.c 494
numLL_x.c 496
numLL_x.c 497
numLL_x.c 499
numLL_x.c 502
numLL_x.c 503
numLL_x.c 504
numLL_x.c 513
numLL_x.c 514
numLL_x.c 516
numLL_x.c 517
numLL_x.c 519
numLL_x.c 522
numLL_x.c 523
numLL_x.c 539
numLL_x.c 549
numLL_x.c 560
numLL_x.c 561
numLL_x.c 563
numLL_x.c 567
numLL_x.c 568
numLL_x.c 569
numLL_x.c 570
numLL_x.c 571
numLL_x.c 572
numLL_x.c 573
numLL_x.c 574
numLL_x.c 575
numLL_x.c 576
numLL_x.c 588
numLL_x.c 595
numLL_x.c 597
numLL_x.c 600
numLL_x.c 601
numLL_x.c 602
numLL_x.c 603
numLL_x.c 604
numLL_x.c 605
numLL_x.c 619
numLL_x.c 621
numLL_x.c 624
numLL_x.c 625
numLL_x.c 626
numLL_x.c 627
numLL_x.c 631
parts_x.c 65
parts_x.c 78
parts_x.c 97
parts_x.c 102
parts_x.c 107
parts_x.c 118
parts_x.c 119
parts_x.c 121
parts_x.c 126
parts_x.c 127
parts_x.c 128
parts_x.c 131
parts_x.c 132
parts_x.c 137
parts_x.c 138
parts_x.c 144
parts_x.c 145
parts_x.c 146
parts_x.c 156
parts_x.c 157
parts_x.c 161
parts_x.c 165
parts_x.c 166
parts_x.c 167
parts_x.c 168
parts_x.c 183
parts_x.c 199
parts_x.c 205
parts_x.c 207
parts_x.c 261
parts_x.c 267
parts_x.c 272
seg_x.c 52
seg_x.c 69
seg_x.c 70
seg_x.c 80
seg_x.c 88
seg_x.c 91
solve_x.c 131
solve_x.c 132
solve_x.c 151
solve_x.c 156
solve_x.c 191
solve_x.c 193
solve_x.c 267
solve_x.c 268
solve_x.c 276
solve_x.c 277
solve_x.c 278
solve_x.c 362
solve_x.c 368
solve_x.c 370
solve_x.c 372
solve_x.c 373
solve_x.c 375
solve_x.c 376
solve_x.c 378
solve_x.c 382
solve_x.c 393
solve_x.c 395
solve_x.c 397
solve_x.c 399
solve_x.c 424
solve_x.c 425
solve_x.c 434
solve_x.c 435
solve_x.c 436
solve_x.c 464
solve_x.c 466
solve_x.c 470
solve_x.c 486
solve_x.c 488
solve_x.c 501
solve_x.c 510
solve_x.c 537
solve_x.c 539
solve_x.c 543
solve_x.c 559
solve_x.c 561
solve_x.c 571
solve_x.c 580
solve_x.c 583
solve_x.c 611
solve_x.c 613
solve_x.c 617
solve_x.c 633
solve_x.c 635
solve_x.c 645
solve_x.c 646
solve_x.c 649
solve_x.c 650
solve_x.c 673
solve_x.c 675
solve_x.c 679
solve_x.c 695
solve_x.c 697
solve_x.c 716
solve_x.c 717
solve_x.c 718
solve_x.c 719
solve_x.c 722
solve_x.c 723
solve_x.c 724
solve_x.c 731
solve_x.c 748
solve_x.c 751
tree_x.c 47
tree_x.c 50
tree_x.c 52
tree_x.c 54
tree_x.c 61
tree_x.c 86
tree_x.c 89
tree_x.c 91
tree_x.c 92
tree_x.c 97
tree_x.c 98
tree_x.c 100
tree_x.c 104
tree_x.c 118
tree_x.c 119
tree_x.c 122
tree_x.c 124
tree_x.c 125
tree_x.c 128
tree_x.c 130
tree_x.c 156
tree_x.c 157
tree_x.c 161
tree_x.c 170
tree_x.c 173
tree_x.c 188
tree_x.c 189
tree_x.c 192
tree_x.c 194
tree_x.c 195
util_x.c 179
util_x.c 187
util_x.c 188
util_x.c 192
util_x.c 193
util_x.c 237
util_x.c 258
util_x.c 260
util_x.c 261
util_x.c 262
util_x.c 269
util_x.c 271
util_x.c 272
util_x.c 277
util_x.c 278
util_x.c 282
util_x.c 283
util_x.c 288
util_x.c 289
util_x.c 293
util_x.c 296
util_x.c 314
util_x.c 315
util_x.c 318
util_x.c 320
util_x.c 321
util_x.c 324
