bndry_x.c 46
bndry_x.c 51
bndry_x.c 53
bndry_x.c 54
bndry_x.c 55
bndry_x.c 57
bndry_x.c 58
bndry_x.c 59
bndry_x.c 60
cnstnt_x.c 54
cnstnt_x.c 55
cnstnt_x.c 56
cnstnt_x.c 57
cnstnt_x.c 58
cnstnt_x.c 59
cnstnt_x.c 72
cnstnt_x.c 73
cnstnt_x.c 74
cnstnt_x.c 75
cnstnt_x.c 76
cnstnt_x.c 77
cnstnt_x.c 78
cnstnt_x.c 79
cnstnt_x.c 80
cnstnt_x.c 81
cnstnt_x.c 82
cnstnt_x.c 83
cnstnt_x.c 84
cnstnt_x.c 85
cnstnt_x.c 86
cnstnt_x.c 87
cnstnt_x.c 88
cnstnt_x.c 89
cnstnt_x.c 90
cnstnt_x.c 94
cnstnt_x.c 95
cnstnt_x.c 96
cnstnt_x.c 97
cnstnt_x.c 98
cnstnt_x.c 99
cnstnt_x.c 100
cnstnt_x.c 101
cnstnt_x.c 102
cnstnt_x.c 104
cnstnt_x.c 105
cnstnt_x.c 106
cnstnt_x.c 107
cnstnt_x.c 108
cnstnt_x.c 109
cnstnt_x.c 110
cnstnt_x.c 111
cnstnt_x.c 117
cnstnt_x.c 121
cnstnt_x.c 124
cnstnt_x.c 134
cnstnt_x.c 142
cnstnt_x.c 143
cnstnt_x.c 144
cnstnt_x.c 147
cnstnt_x.c 148
cnstnt_x.c 149
cnstnt_x.c 150
cnstnt_x.c 153
cnstnt_x.c 154
cnstnt_x.c 155
cnstnt_x.c 156
cnstnt_x.c 157
cnstnt_x.c 160
cnstnt_x.c 161
cnstnt_x.c 162
cnstnt_x.c 163
cnstnt_x.c 164
cnstnt_x.c 165
cnstnt_x.c 168
cnstnt_x.c 169
cnstnt_x.c 170
cnstnt_x.c 171
cnstnt_x.c 172
cnstnt_x.c 173
cnstnt_x.c 174
cshift_x.c 51
cshift_x.c 52
cshift_x.c 53
cshift_x.c 54
cshift_x.c 55
cshift_x.c 56
cshift_x.c 57
cshift_x.c 58
cshift_x.c 59
cshift_x.c 60
cshift_x.c 61
cshift_x.c 62
cshift_x.c 63
initia_x.c 126
initia_x.c 127
initia_x.c 128
initia_x.c 157
initia_x.c 158
initia_x.c 159
initia_x.c 161
initia_x.c 162
initia_x.c 163
initia_x.c 178
initia_x.c 182
initia_x.c 186
initia_x.c 200
initia_x.c 202
initia_x.c 204
interf_x.c 83
interf_x.c 88
interf_x.c 100
interf_x.c 104
interf_x.c 106
interf_x.c 108
interf_x.c 114
interf_x.c 121
interf_x.c 122
interf_x.c 126
interf_x.c 127
interf_x.c 130
interf_x.c 132
interf_x.c 139
interf_x.c 142
interf_x.c 147
interf_x.c 161
interf_x.c 168
interf_x.c 169
interf_x.c 173
interf_x.c 174
interf_x.c 175
interf_x.c 180
interf_x.c 184
interf_x.c 185
interf_x.c 186
interf_x.c 192
interf_x.c 196
interf_x.c 197
interf_x.c 198
interf_x.c 262
interf_x.c 265
interf_x.c 266
interf_x.c 267
interf_x.c 290
interf_x.c 291
interf_x.c 292
interf_x.c 299
interf_x.c 300
interf_x.c 301
interf_x.c 302
interf_x.c 303
interf_x.c 304
interf_x.c 305
interf_x.c 306
interf_x.c 307
interf_x.c 309
interf_x.c 310
interf_x.c 311
interf_x.c 312
interf_x.c 314
interf_x.c 316
interf_x.c 318
interf_x.c 320
interf_x.c 322
interf_x.c 324
interf_x.c 326
interf_x.c 328
interf_x.c 331
interf_x.c 332
interf_x.c 333
interf_x.c 334
interf_x.c 336
interf_x.c 338
interf_x.c 340
interf_x.c 342
interf_x.c 344
interf_x.c 346
interf_x.c 348
interf_x.c 350
intraf_x.c 62
intraf_x.c 69
intraf_x.c 72
intraf_x.c 74
intraf_x.c 86
intraf_x.c 88
intraf_x.c 90
intraf_x.c 95
intraf_x.c 96
intraf_x.c 105
intraf_x.c 106
intraf_x.c 107
intraf_x.c 108
intraf_x.c 110
intraf_x.c 112
intraf_x.c 114
intraf_x.c 118
intraf_x.c 122
intraf_x.c 130
intraf_x.c 132
intraf_x.c 133
intraf_x.c 141
intraf_x.c 144
intraf_x.c 148
kineti_x.c 51
kineti_x.c 53
kineti_x.c 58
mdmain_x.c 78
mdmain_x.c 80
mdmain_x.c 84
mdmain_x.c 100
mdmain_x.c 102
mdmain_x.c 134
mdmain_x.c 136
mdmain_x.c 140
mdmain_x.c 156
mdmain_x.c 158
mdmain_x.c 192
mdmain_x.c 196
mdmain_x.c 197
mdmain_x.c 198
mdmain_x.c 199
mdmain_x.c 201
mdmain_x.c 213
mdmain_x.c 238
mdmain_x.c 240
mdmain_x.c 244
mdmain_x.c 260
mdmain_x.c 262
mdmain_x.c 293
mdmain_x.c 295
mdmain_x.c 299
mdmain_x.c 315
mdmain_x.c 317
mdmain_x.c 336
mdmain_x.c 339
mdmain_x.c 352
mdmain_x.c 368
mdmain_x.c 371
mdmain_x.c 383
mdmain_x.c 392
mdmain_x.c 414
mdmain_x.c 416
mdmain_x.c 420
mdmain_x.c 436
mdmain_x.c 438
mdmain_x.c 457
mdmain_x.c 460
mdmain_x.c 463
mdmain_x.c 464
mdmain_x.c 482
mdmain_x.c 509
mdmain_x.c 511
mdmain_x.c 515
mdmain_x.c 531
mdmain_x.c 533
mdmain_x.c 552
mdmain_x.c 555
mdmain_x.c 558
mdmain_x.c 559
mdmain_x.c 560
mdmain_x.c 563
mdmain_x.c 564
mdmain_x.c 565
mdmain_x.c 569
mdmain_x.c 596
mdmain_x.c 598
mdmain_x.c 602
mdmain_x.c 618
mdmain_x.c 620
mdmain_x.c 639
mdmain_x.c 642
poteng_x.c 62
poteng_x.c 67
poteng_x.c 70
poteng_x.c 73
poteng_x.c 76
poteng_x.c 77
poteng_x.c 78
poteng_x.c 80
poteng_x.c 81
poteng_x.c 82
poteng_x.c 90
poteng_x.c 91
poteng_x.c 92
poteng_x.c 97
poteng_x.c 101
poteng_x.c 166
poteng_x.c 179
poteng_x.c 180
poteng_x.c 182
poteng_x.c 184
poteng_x.c 189
poteng_x.c 194
poteng_x.c 198
poteng_x.c 199
poteng_x.c 202
poteng_x.c 205
poteng_x.c 212
poteng_x.c 226
poteng_x.c 227
poteng_x.c 228
predcor_x.c 56
predcor_x.c 63
predcor_x.c 66
predcor_x.c 90
predcor_x.c 93
predcor_x.c 95
syscons_x.c 49
syscons_x.c 50
syscons_x.c 51
syscons_x.c 56
syscons_x.c 58
syscons_x.c 62
syscons_x.c 67
syscons_x.c 70
syscons_x.c 71
syscons_x.c 72
syscons_x.c 73
syscons_x.c 77
syscons_x.c 78
syscons_x.c 79
water_x.c 132
water_x.c 134
water_x.c 136
water_x.c 155
water_x.c 194
water_x.c 233
water_x.c 235
water_x.c 371
water_x.c 373
water_x.c 375
water_x.c 399
water_x.c 400
water_x.c 401
water_x.c 406
water_x.c 484
water_x.c 485
water_x.c 486
water_x.c 487
water_x.c 489
water_x.c 501
water_x.c 514
water_x.c 516
