radix_x.c 188
radix_x.c 198
radix_x.c 203
radix_x.c 215
radix_x.c 221
radix_x.c 245
radix_x.c 252
radix_x.c 253
radix_x.c 271
radix_x.c 276
radix_x.c 307
radix_x.c 308
radix_x.c 326
radix_x.c 327
radix_x.c 334
radix_x.c 339
radix_x.c 340
radix_x.c 355
radix_x.c 362
radix_x.c 370
radix_x.c 377
radix_x.c 443
radix_x.c 447
radix_x.c 448
radix_x.c 449
radix_x.c 451
radix_x.c 452
radix_x.c 454
radix_x.c 455
radix_x.c 457
radix_x.c 458
radix_x.c 460
radix_x.c 461
radix_x.c 463
radix_x.c 464
radix_x.c 466
radix_x.c 467
radix_x.c 469
radix_x.c 470
radix_x.c 471
radix_x.c 477
radix_x.c 492
radix_x.c 494
radix_x.c 496
radix_x.c 498
radix_x.c 506
radix_x.c 552
radix_x.c 555
radix_x.c 556
radix_x.c 569
radix_x.c 570
radix_x.c 571
radix_x.c 572
radix_x.c 573
radix_x.c 589
radix_x.c 590
radix_x.c 592
radix_x.c 600
radix_x.c 601
radix_x.c 620
radix_x.c 621
radix_x.c 623
radix_x.c 631
radix_x.c 632
radix_x.c 649
radix_x.c 650
radix_x.c 651
radix_x.c 652
radix_x.c 653
radix_x.c 666
radix_x.c 667
radix_x.c 669
radix_x.c 670
radix_x.c 672
radix_x.c 674
radix_x.c 676
radix_x.c 677
radix_x.c 678
radix_x.c 691
radix_x.c 692
radix_x.c 694
radix_x.c 702
radix_x.c 703
radix_x.c 710
radix_x.c 711
radix_x.c 712
radix_x.c 715
radix_x.c 716
radix_x.c 720
radix_x.c 742
radix_x.c 743
radix_x.c 744
radix_x.c 747
radix_x.c 748
radix_x.c 756
radix_x.c 772
radix_x.c 773
radix_x.c 775
radix_x.c 783
radix_x.c 784
radix_x.c 790
radix_x.c 792
radix_x.c 819
radix_x.c 820
radix_x.c 826
radix_x.c 833
radix_x.c 845
radix_x.c 847
radix_x.c 848
radix_x.c 854
radix_x.c 855
radix_x.c 862
radix_x.c 863
radix_x.c 885
radix_x.c 886
radix_x.c 888
radix_x.c 896
radix_x.c 897
radix_x.c 915
radix_x.c 917
radix_x.c 918
radix_x.c 919
radix_x.c 936
radix_x.c 961
radix_x.c 963
radix_x.c 967
radix_x.c 983
radix_x.c 985
radix_x.c 1021
radix_x.c 1023
radix_x.c 1027
radix_x.c 1043
radix_x.c 1045
radix_x.c 1066
radix_x.c 1067
radix_x.c 1068
radix_x.c 1071
radix_x.c 1072
radix_x.c 1073
radix_x.c 1208
radix_x.c 1216
radix_x.c 1217
radix_x.c 1233
radix_x.c 1234
radix_x.c 1256
radix_x.c 1258
