fft_x.c 179
fft_x.c 189
fft_x.c 196
fft_x.c 209
fft_x.c 211
fft_x.c 213
fft_x.c 236
fft_x.c 237
fft_x.c 250
fft_x.c 253
fft_x.c 255
fft_x.c 263
fft_x.c 265
fft_x.c 276
fft_x.c 277
fft_x.c 279
fft_x.c 300
fft_x.c 301
fft_x.c 302
fft_x.c 377
fft_x.c 379
fft_x.c 383
fft_x.c 453
fft_x.c 458
fft_x.c 462
fft_x.c 463
fft_x.c 464
fft_x.c 465
fft_x.c 466
fft_x.c 467
fft_x.c 468
fft_x.c 469
fft_x.c 471
fft_x.c 472
fft_x.c 474
fft_x.c 475
fft_x.c 477
fft_x.c 478
fft_x.c 480
fft_x.c 481
fft_x.c 483
fft_x.c 484
fft_x.c 486
fft_x.c 487
fft_x.c 489
fft_x.c 492
fft_x.c 493
fft_x.c 494
fft_x.c 508
fft_x.c 510
fft_x.c 512
fft_x.c 514
fft_x.c 518
fft_x.c 550
fft_x.c 551
fft_x.c 579
fft_x.c 581
fft_x.c 585
fft_x.c 601
fft_x.c 603
fft_x.c 618
fft_x.c 619
fft_x.c 622
fft_x.c 623
fft_x.c 625
fft_x.c 647
fft_x.c 649
fft_x.c 653
fft_x.c 669
fft_x.c 671
fft_x.c 684
fft_x.c 699
fft_x.c 703
fft_x.c 704
fft_x.c 708
fft_x.c 720
fft_x.c 721
fft_x.c 724
fft_x.c 725
fft_x.c 736
fft_x.c 740
fft_x.c 741
fft_x.c 742
fft_x.c 760
fft_x.c 776
fft_x.c 777
fft_x.c 797
fft_x.c 798
fft_x.c 811
fft_x.c 812
fft_x.c 866
fft_x.c 868
fft_x.c 872
fft_x.c 888
fft_x.c 890
fft_x.c 958
fft_x.c 960
fft_x.c 964
fft_x.c 980
fft_x.c 982
fft_x.c 1050
fft_x.c 1052
fft_x.c 1056
fft_x.c 1072
fft_x.c 1074
fft_x.c 1136
fft_x.c 1138
fft_x.c 1142
fft_x.c 1158
fft_x.c 1160
fft_x.c 1171
fft_x.c 1197
fft_x.c 1199
fft_x.c 1203
fft_x.c 1219
fft_x.c 1221
fft_x.c 1242
fft_x.c 1243
fft_x.c 1244
fft_x.c 1245
fft_x.c 1246
fft_x.c 1247
fft_x.c 1257
fft_x.c 1258
fft_x.c 1281
fft_x.c 1282
fft_x.c 1287
fft_x.c 1289
fft_x.c 1298
fft_x.c 1299
fft_x.c 1317
fft_x.c 1318
fft_x.c 1335
fft_x.c 1336
fft_x.c 1351
fft_x.c 1352
fft_x.c 1364
fft_x.c 1365
fft_x.c 1400
fft_x.c 1401
fft_x.c 1404
fft_x.c 1405
fft_x.c 1406
fft_x.c 1407
fft_x.c 1408
fft_x.c 1409
fft_x.c 1423
