jacobcalc.C 56
jacobcalc.C 57
jacobcalc.C 58
jacobcalc.C 60
jacobcalc.C 61
jacobcalc.C 63
jacobcalc.C 64
jacobcalc.C 66
jacobcalc.C 67
jacobcalc.C 70
jacobcalc.C 71
jacobcalc.C 73
jacobcalc.C 75
jacobcalc.C 77
jacobcalc.C 79
jacobcalc.C 81
jacobcalc.C 83
jacobcalc.C 85
jacobcalc.C 88
jacobcalc.C 89
jacobcalc.C 91
jacobcalc.C 93
jacobcalc.C 95
jacobcalc.C 97
jacobcalc.C 99
jacobcalc.C 101
jacobcalc.C 103
jacobcalc.C 106
jacobcalc.C 107
jacobcalc.C 108
jacobcalc.C 110
jacobcalc.C 112
jacobcalc.C 114
jacobcalc.C 117
jacobcalc.C 119
jacobcalc.C 121
jacobcalc.C 123
jacobcalc.C 126
jacobcalc.C 127
jacobcalc.C 129
jacobcalc.C 131
jacobcalc.C 133
jacobcalc.C 136
jacobcalc.C 138
jacobcalc.C 140
jacobcalc.C 142
jacobcalc.C 145
jacobcalc.C 146
jacobcalc.C 148
jacobcalc.C 150
jacobcalc.C 152
jacobcalc.C 154
jacobcalc.C 155
jacobcalc.C 157
jacobcalc.C 159
jacobcalc.C 161
jacobcalc.C 165
jacobcalc.C 166
jacobcalc.C 167
jacobcalc.C 169
jacobcalc.C 171
jacobcalc.C 173
jacobcalc.C 176
jacobcalc.C 178
jacobcalc.C 180
jacobcalc.C 182
jacobcalc.C 185
jacobcalc.C 186
jacobcalc.C 188
jacobcalc.C 190
jacobcalc.C 192
jacobcalc.C 195
jacobcalc.C 197
jacobcalc.C 199
jacobcalc.C 201
jacobcalc.C 204
jacobcalc.C 205
jacobcalc.C 207
jacobcalc.C 209
jacobcalc.C 211
jacobcalc.C 213
jacobcalc.C 214
jacobcalc.C 216
jacobcalc.C 218
jacobcalc.C 220
jacobcalc.C 224
jacobcalc.C 226
jacobcalc.C 227
jacobcalc.C 229
jacobcalc.C 232
jacobcalc.C 234
jacobcalc.C 235
jacobcalc.C 237
jacobcalc.C 240
jacobcalc.C 242
jacobcalc.C 244
jacobcalc.C 247
jacobcalc.C 249
jacobcalc.C 251
jacobcalc.C 255
jacobcalc.C 256
jacobcalc.C 258
jacobcalc.C 259
jacobcalc.C 261
jacobcalc.C 264
jacobcalc.C 266
jacobcalc.C 267
jacobcalc.C 269
jacobcalc.C 272
jacobcalc.C 274
jacobcalc.C 276
jacobcalc.C 279
jacobcalc.C 281
jacobcalc.C 283
jacobcalc.C 287
jacobcalc.C 288
jacobcalc.C 289
jacobcalc.C 293
jacobcalc.C 294
jacobcalc.C 295
jacobcalc.C 296
jacobcalc.C 297
jacobcalc.C 298
jacobcalc.C 299
jacobcalc.C 303
jacobcalc.C 306
jacobcalc.C 309
jacobcalc.C 312
jacobcalc.C 315
jacobcalc.C 317
jacobcalc.C 319
jacobcalc.C 321
jacobcalc.C 324
jacobcalc.C 328
jacobcalc.C 329
jacobcalc.C 331
jacobcalc.C 334
jacobcalc.C 335
jacobcalc.C 337
jacobcalc.C 340
jacobcalc.C 342
jacobcalc.C 345
jacobcalc.C 347
jacobcalc2.C 56
jacobcalc2.C 57
jacobcalc2.C 58
jacobcalc2.C 60
jacobcalc2.C 61
jacobcalc2.C 63
jacobcalc2.C 64
jacobcalc2.C 66
jacobcalc2.C 67
jacobcalc2.C 70
jacobcalc2.C 71
jacobcalc2.C 73
jacobcalc2.C 75
jacobcalc2.C 77
jacobcalc2.C 79
jacobcalc2.C 81
jacobcalc2.C 83
jacobcalc2.C 85
jacobcalc2.C 88
jacobcalc2.C 89
jacobcalc2.C 91
jacobcalc2.C 93
jacobcalc2.C 95
jacobcalc2.C 97
jacobcalc2.C 99
jacobcalc2.C 101
jacobcalc2.C 103
jacobcalc2.C 106
jacobcalc2.C 107
jacobcalc2.C 108
jacobcalc2.C 110
jacobcalc2.C 112
jacobcalc2.C 114
jacobcalc2.C 117
jacobcalc2.C 119
jacobcalc2.C 121
jacobcalc2.C 123
jacobcalc2.C 126
jacobcalc2.C 127
jacobcalc2.C 129
jacobcalc2.C 131
jacobcalc2.C 133
jacobcalc2.C 136
jacobcalc2.C 138
jacobcalc2.C 140
jacobcalc2.C 142
jacobcalc2.C 145
jacobcalc2.C 146
jacobcalc2.C 148
jacobcalc2.C 150
jacobcalc2.C 152
jacobcalc2.C 154
jacobcalc2.C 155
jacobcalc2.C 157
jacobcalc2.C 159
jacobcalc2.C 161
jacobcalc2.C 165
jacobcalc2.C 166
jacobcalc2.C 167
jacobcalc2.C 169
jacobcalc2.C 171
jacobcalc2.C 173
jacobcalc2.C 176
jacobcalc2.C 178
jacobcalc2.C 180
jacobcalc2.C 182
jacobcalc2.C 185
jacobcalc2.C 186
jacobcalc2.C 188
jacobcalc2.C 190
jacobcalc2.C 192
jacobcalc2.C 195
jacobcalc2.C 197
jacobcalc2.C 199
jacobcalc2.C 201
jacobcalc2.C 204
jacobcalc2.C 205
jacobcalc2.C 207
jacobcalc2.C 209
jacobcalc2.C 211
jacobcalc2.C 213
jacobcalc2.C 214
jacobcalc2.C 216
jacobcalc2.C 218
jacobcalc2.C 220
jacobcalc2.C 224
jacobcalc2.C 225
jacobcalc2.C 227
jacobcalc2.C 228
jacobcalc2.C 230
jacobcalc2.C 233
jacobcalc2.C 235
jacobcalc2.C 236
jacobcalc2.C 238
jacobcalc2.C 241
jacobcalc2.C 243
jacobcalc2.C 245
jacobcalc2.C 248
jacobcalc2.C 250
jacobcalc2.C 252
jacobcalc2.C 256
jacobcalc2.C 257
jacobcalc2.C 259
jacobcalc2.C 260
jacobcalc2.C 262
jacobcalc2.C 265
jacobcalc2.C 267
jacobcalc2.C 268
jacobcalc2.C 270
jacobcalc2.C 273
jacobcalc2.C 275
jacobcalc2.C 277
jacobcalc2.C 280
jacobcalc2.C 282
jacobcalc2.C 284
jacobcalc2.C 288
jacobcalc2.C 289
jacobcalc2.C 290
jacobcalc2.C 294
jacobcalc2.C 295
jacobcalc2.C 296
jacobcalc2.C 297
jacobcalc2.C 298
jacobcalc2.C 299
jacobcalc2.C 300
jacobcalc2.C 304
jacobcalc2.C 307
jacobcalc2.C 310
jacobcalc2.C 313
jacobcalc2.C 316
jacobcalc2.C 318
jacobcalc2.C 320
jacobcalc2.C 322
jacobcalc2.C 325
jacobcalc2.C 330
jacobcalc2.C 331
jacobcalc2.C 333
jacobcalc2.C 336
jacobcalc2.C 337
jacobcalc2.C 339
jacobcalc2.C 342
jacobcalc2.C 344
jacobcalc2.C 347
jacobcalc2.C 349
laplacalc.C 42
laplacalc.C 43
laplacalc.C 45
laplacalc.C 46
laplacalc.C 48
laplacalc.C 51
laplacalc.C 53
laplacalc.C 54
laplacalc.C 56
laplacalc.C 59
laplacalc.C 61
laplacalc.C 63
laplacalc.C 66
laplacalc.C 68
laplacalc.C 70
laplacalc.C 74
laplacalc.C 75
laplacalc.C 79
laplacalc.C 80
laplacalc.C 81
laplacalc.C 82
laplacalc.C 86
laplacalc.C 92
laplacalc.C 93
laplacalc.C 95
laplacalc.C 98
laplacalc.C 99
laplacalc.C 101
laplacalc.C 104
laplacalc.C 106
laplacalc.C 109
laplacalc.C 111
linkup.C 35
linkup.C 36
linkup.C 37
linkup.C 42
linkup.C 43
linkup.C 44
linkup.C 45
linkup.C 46
linkup.C 47
linkup.C 48
linkup.C 69
linkup.C 108
linkup.C 112
linkup.C 122
linkup.C 131
linkup.C 135
linkup.C 160
linkup.C 164
linkup.C 174
linkup.C 183
linkup.C 187
main.C 165
main.C 171
main.C 182
main.C 183
main.C 184
main.C 185
main.C 205
main.C 215
main.C 216
main.C 223
main.C 224
main.C 226
main.C 227
main.C 237
main.C 240
main.C 241
main.C 246
main.C 264
main.C 265
main.C 266
main.C 267
main.C 270
main.C 271
main.C 272
main.C 276
main.C 277
main.C 281
main.C 299
main.C 300
main.C 301
main.C 302
main.C 303
main.C 304
main.C 305
main.C 309
main.C 310
main.C 311
main.C 312
main.C 313
main.C 314
main.C 315
main.C 324
main.C 325
main.C 326
main.C 343
main.C 344
main.C 356
main.C 357
main.C 358
main.C 359
main.C 360
main.C 361
main.C 362
main.C 363
main.C 364
main.C 365
main.C 366
main.C 367
main.C 368
main.C 369
main.C 370
main.C 371
main.C 372
main.C 373
main.C 374
main.C 375
main.C 376
main.C 377
main.C 378
main.C 379
main.C 380
main.C 382
main.C 441
main.C 446
main.C 447
main.C 448
main.C 450
main.C 451
main.C 459
main.C 460
main.C 461
main.C 462
main.C 464
main.C 465
main.C 466
main.C 469
main.C 471
main.C 472
main.C 486
main.C 489
main.C 490
main.C 491
main.C 493
main.C 494
main.C 496
main.C 497
main.C 499
main.C 500
main.C 502
main.C 503
main.C 505
main.C 506
main.C 508
main.C 509
main.C 511
main.C 512
main.C 513
main.C 519
main.C 530
main.C 533
multi.C 50
multi.C 61
multi.C 69
multi.C 79
multi.C 96
multi.C 97
multi.C 110
multi.C 112
multi.C 119
multi.C 122
multi.C 130
multi.C 145
multi.C 151
multi.C 176
multi.C 178
multi.C 212
multi.C 217
multi.C 218
multi.C 219
multi.C 220
multi.C 222
multi.C 223
multi.C 225
multi.C 227
multi.C 228
multi.C 231
multi.C 232
multi.C 233
multi.C 234
multi.C 236
multi.C 239
multi.C 242
multi.C 249
multi.C 250
multi.C 251
multi.C 252
multi.C 254
multi.C 257
multi.C 260
multi.C 268
multi.C 269
multi.C 270
multi.C 271
multi.C 273
multi.C 276
multi.C 279
multi.C 286
multi.C 287
multi.C 288
multi.C 289
multi.C 291
multi.C 294
multi.C 297
multi.C 353
multi.C 354
multi.C 355
multi.C 356
multi.C 357
multi.C 358
multi.C 359
multi.C 360
multi.C 362
multi.C 363
multi.C 364
multi.C 365
multi.C 367
multi.C 369
multi.C 370
multi.C 371
multi.C 375
multi.C 377
multi.C 378
multi.C 379
multi.C 380
multi.C 381
multi.C 382
multi.C 383
multi.C 384
multi.C 387
multi.C 392
multi.C 393
multi.C 394
multi.C 401
multi.C 403
multi.C 405
multi.C 406
multi.C 408
multi.C 410
multi.C 412
multi.C 413
multi.C 415
multi.C 417
multi.C 420
multi.C 422
multi.C 424
multi.C 425
multi.C 427
multi.C 428
multi.C 429
multi.C 430
multi.C 431
multi.C 432
multi.C 437
multi.C 473
multi.C 474
multi.C 476
multi.C 477
multi.C 478
multi.C 479
multi.C 480
multi.C 481
multi.C 483
multi.C 484
multi.C 488
multi.C 489
multi.C 492
multi.C 493
multi.C 494
multi.C 495
multi.C 496
multi.C 499
multi.C 500
multi.C 502
multi.C 503
multi.C 504
multi.C 505
multi.C 506
multi.C 507
multi.C 508
multi.C 509
multi.C 510
multi.C 511
multi.C 528
multi.C 529
multi.C 530
multi.C 531
multi.C 533
multi.C 535
multi.C 537
multi.C 556
multi.C 557
multi.C 558
multi.C 559
multi.C 561
multi.C 562
multi.C 564
multi.C 566
multi.C 568
multi.C 570
multi.C 572
multi.C 574
multi.C 576
multi.C 579
multi.C 580
multi.C 582
multi.C 584
multi.C 586
multi.C 589
multi.C 591
multi.C 593
multi.C 595
multi.C 598
multi.C 599
multi.C 601
multi.C 603
multi.C 605
multi.C 608
multi.C 610
multi.C 612
multi.C 614
multi.C 617
multi.C 618
multi.C 620
multi.C 622
multi.C 624
multi.C 626
multi.C 627
multi.C 629
multi.C 631
multi.C 633
multi.C 637
multi.C 639
multi.C 640
multi.C 642
multi.C 645
multi.C 647
multi.C 648
multi.C 650
multi.C 653
multi.C 655
multi.C 657
multi.C 660
multi.C 662
multi.C 664
multi.C 683
multi.C 684
multi.C 685
multi.C 686
multi.C 688
multi.C 689
multi.C 690
multi.C 691
multi.C 694
multi.C 695
multi.C 697
multi.C 698
multi.C 700
multi.C 704
multi.C 705
multi.C 707
multi.C 709
multi.C 728
multi.C 729
multi.C 730
multi.C 731
multi.C 733
multi.C 734
multi.C 736
multi.C 737
multi.C 739
multi.C 742
multi.C 744
multi.C 745
multi.C 747
multi.C 750
multi.C 752
multi.C 754
multi.C 757
multi.C 759
multi.C 761
multi.C 779
multi.C 780
multi.C 781
multi.C 782
multi.C 784
multi.C 785
multi.C 787
multi.C 788
multi.C 790
multi.C 793
multi.C 795
multi.C 796
multi.C 798
multi.C 801
multi.C 803
multi.C 805
multi.C 808
multi.C 810
multi.C 812
slave1.C 76
slave1.C 79
slave1.C 80
slave1.C 86
slave1.C 167
slave1.C 168
slave1.C 169
slave1.C 170
slave1.C 171
slave1.C 172
slave1.C 173
slave1.C 174
slave1.C 179
slave1.C 181
slave1.C 182
slave1.C 183
slave1.C 184
slave1.C 186
slave1.C 201
slave1.C 203
slave1.C 204
slave1.C 205
slave1.C 206
slave1.C 210
slave1.C 211
slave1.C 212
slave1.C 214
slave1.C 215
slave1.C 217
slave1.C 218
slave1.C 220
slave1.C 221
slave1.C 223
slave1.C 224
slave1.C 226
slave1.C 229
slave1.C 230
slave1.C 232
slave1.C 235
slave1.C 237
slave1.C 240
slave1.C 242
slave1.C 247
slave1.C 249
slave1.C 252
slave1.C 253
slave1.C 254
slave1.C 256
slave1.C 257
slave1.C 259
slave1.C 260
slave1.C 262
slave1.C 263
slave1.C 265
slave1.C 266
slave1.C 268
slave1.C 271
slave1.C 272
slave1.C 274
slave1.C 277
slave1.C 279
slave1.C 282
slave1.C 284
slave1.C 288
slave1.C 290
slave1.C 294
slave1.C 295
slave1.C 296
slave1.C 298
slave1.C 299
slave1.C 301
slave1.C 302
slave1.C 304
slave1.C 305
slave1.C 307
slave1.C 308
slave1.C 310
slave1.C 313
slave1.C 314
slave1.C 316
slave1.C 319
slave1.C 321
slave1.C 324
slave1.C 326
slave1.C 330
slave1.C 332
slave1.C 340
slave1.C 345
slave1.C 347
slave1.C 353
slave1.C 356
slave1.C 359
slave1.C 360
slave1.C 362
slave1.C 363
slave1.C 366
slave1.C 367
slave1.C 369
slave1.C 370
slave1.C 372
slave1.C 375
slave1.C 376
slave1.C 377
slave1.C 378
slave1.C 380
slave1.C 383
slave1.C 384
slave1.C 385
slave1.C 387
slave1.C 390
slave1.C 392
slave1.C 395
slave1.C 397
slave1.C 403
slave1.C 405
slave1.C 406
slave1.C 408
slave1.C 409
slave1.C 410
slave1.C 411
slave1.C 414
slave1.C 416
slave1.C 417
slave1.C 418
slave1.C 419
slave1.C 422
slave1.C 424
slave1.C 425
slave1.C 426
slave1.C 429
slave1.C 431
slave1.C 432
slave1.C 433
slave1.C 437
slave1.C 438
slave1.C 439
slave1.C 441
slave1.C 442
slave1.C 443
slave1.C 444
slave1.C 446
slave1.C 454
slave1.C 455
slave1.C 457
slave1.C 463
slave1.C 468
slave1.C 470
slave1.C 471
slave1.C 473
slave1.C 474
slave1.C 476
slave1.C 477
slave1.C 479
slave1.C 480
slave1.C 482
slave1.C 483
slave1.C 485
slave1.C 488
slave1.C 489
slave1.C 491
slave1.C 494
slave1.C 496
slave1.C 499
slave1.C 501
slave1.C 505
slave1.C 507
slave1.C 517
slave1.C 527
slave1.C 528
slave1.C 529
slave1.C 531
slave1.C 532
slave1.C 534
slave1.C 535
slave1.C 537
slave1.C 538
slave1.C 540
slave1.C 541
slave1.C 543
slave1.C 546
slave1.C 547
slave1.C 549
slave1.C 552
slave1.C 554
slave1.C 557
slave1.C 559
slave1.C 563
slave1.C 565
slave1.C 573
slave1.C 574
slave1.C 575
slave1.C 577
slave1.C 578
slave1.C 580
slave1.C 581
slave1.C 583
slave1.C 584
slave1.C 586
slave1.C 587
slave1.C 589
slave1.C 592
slave1.C 593
slave1.C 595
slave1.C 598
slave1.C 600
slave1.C 603
slave1.C 605
slave1.C 609
slave1.C 611
slave1.C 618
slave1.C 619
slave1.C 620
slave1.C 621
slave1.C 622
slave1.C 624
slave1.C 625
slave1.C 627
slave1.C 628
slave1.C 630
slave1.C 632
slave1.C 633
slave1.C 635
slave1.C 637
slave1.C 638
slave1.C 640
slave1.C 643
slave1.C 646
slave1.C 647
slave1.C 649
slave1.C 652
slave1.C 655
slave1.C 657
slave1.C 660
slave1.C 661
slave1.C 665
slave1.C 669
slave1.C 671
slave1.C 674
slave1.C 680
slave1.C 693
slave1.C 695
slave1.C 697
slave1.C 698
slave1.C 710
slave1.C 717
slave1.C 725
slave1.C 726
slave1.C 727
slave1.C 728
slave1.C 730
slave1.C 731
slave1.C 733
slave1.C 734
slave1.C 736
slave1.C 737
slave1.C 740
slave1.C 741
slave1.C 742
slave1.C 744
slave1.C 747
slave1.C 748
slave1.C 749
slave1.C 751
slave1.C 754
slave1.C 756
slave1.C 759
slave1.C 761
slave1.C 766
slave1.C 767
slave1.C 769
slave1.C 775
slave1.C 776
slave1.C 777
slave1.C 778
slave1.C 780
slave1.C 781
slave1.C 783
slave1.C 784
slave1.C 786
slave1.C 787
slave1.C 790
slave1.C 791
slave1.C 792
slave1.C 794
slave1.C 797
slave1.C 798
slave1.C 799
slave1.C 801
slave1.C 804
slave1.C 806
slave1.C 809
slave1.C 811
slave1.C 815
slave1.C 816
slave1.C 818
slave1.C 825
slave1.C 827
slave2.C 73
slave2.C 74
slave2.C 75
slave2.C 83
slave2.C 84
slave2.C 85
slave2.C 87
slave2.C 88
slave2.C 90
slave2.C 91
slave2.C 93
slave2.C 94
slave2.C 96
slave2.C 97
slave2.C 99
slave2.C 102
slave2.C 103
slave2.C 105
slave2.C 108
slave2.C 110
slave2.C 113
slave2.C 115
slave2.C 119
slave2.C 121
slave2.C 125
slave2.C 126
slave2.C 127
slave2.C 129
slave2.C 130
slave2.C 132
slave2.C 133
slave2.C 135
slave2.C 136
slave2.C 138
slave2.C 139
slave2.C 141
slave2.C 144
slave2.C 145
slave2.C 147
slave2.C 150
slave2.C 152
slave2.C 155
slave2.C 157
slave2.C 161
slave2.C 163
slave2.C 172
slave2.C 173
slave2.C 174
slave2.C 176
slave2.C 177
slave2.C 179
slave2.C 180
slave2.C 182
slave2.C 183
slave2.C 185
slave2.C 191
slave2.C 192
slave2.C 193
slave2.C 194
slave2.C 195
slave2.C 197
slave2.C 198
slave2.C 200
slave2.C 201
slave2.C 203
slave2.C 204
slave2.C 207
slave2.C 208
slave2.C 209
slave2.C 210
slave2.C 212
slave2.C 215
slave2.C 216
slave2.C 217
slave2.C 218
slave2.C 220
slave2.C 223
slave2.C 225
slave2.C 228
slave2.C 230
slave2.C 234
slave2.C 235
slave2.C 236
slave2.C 238
slave2.C 244
slave2.C 247
slave2.C 248
slave2.C 250
slave2.C 251
slave2.C 254
slave2.C 255
slave2.C 258
slave2.C 259
slave2.C 262
slave2.C 264
slave2.C 267
slave2.C 269
slave2.C 273
slave2.C 275
slave2.C 278
slave2.C 280
slave2.C 285
slave2.C 286
slave2.C 288
slave2.C 295
slave2.C 296
slave2.C 297
slave2.C 298
slave2.C 300
slave2.C 301
slave2.C 303
slave2.C 304
slave2.C 306
slave2.C 307
slave2.C 309
slave2.C 311
slave2.C 314
slave2.C 316
slave2.C 319
slave2.C 321
slave2.C 324
slave2.C 326
slave2.C 331
slave2.C 332
slave2.C 334
slave2.C 341
slave2.C 352
slave2.C 353
slave2.C 354
slave2.C 355
slave2.C 357
slave2.C 358
slave2.C 360
slave2.C 361
slave2.C 363
slave2.C 364
slave2.C 366
slave2.C 368
slave2.C 371
slave2.C 373
slave2.C 376
slave2.C 378
slave2.C 381
slave2.C 383
slave2.C 388
slave2.C 389
slave2.C 391
slave2.C 401
slave2.C 402
slave2.C 403
slave2.C 405
slave2.C 406
slave2.C 408
slave2.C 409
slave2.C 411
slave2.C 412
slave2.C 414
slave2.C 424
slave2.C 425
slave2.C 426
slave2.C 428
slave2.C 429
slave2.C 431
slave2.C 432
slave2.C 434
slave2.C 435
slave2.C 437
slave2.C 439
slave2.C 442
slave2.C 444
slave2.C 447
slave2.C 449
slave2.C 452
slave2.C 454
slave2.C 458
slave2.C 460
slave2.C 467
slave2.C 479
slave2.C 486
slave2.C 487
slave2.C 488
slave2.C 489
slave2.C 491
slave2.C 492
slave2.C 494
slave2.C 495
slave2.C 497
slave2.C 498
slave2.C 500
slave2.C 501
slave2.C 502
slave2.C 504
slave2.C 507
slave2.C 508
slave2.C 509
slave2.C 511
slave2.C 514
slave2.C 516
slave2.C 519
slave2.C 521
slave2.C 525
slave2.C 526
slave2.C 528
slave2.C 537
slave2.C 543
slave2.C 554
slave2.C 560
slave2.C 566
slave2.C 581
slave2.C 582
slave2.C 583
slave2.C 584
slave2.C 585
slave2.C 586
slave2.C 587
slave2.C 588
slave2.C 589
slave2.C 590
slave2.C 593
slave2.C 597
slave2.C 598
slave2.C 601
slave2.C 605
slave2.C 606
slave2.C 609
slave2.C 613
slave2.C 614
slave2.C 618
slave2.C 623
slave2.C 624
slave2.C 625
slave2.C 626
slave2.C 627
slave2.C 628
slave2.C 629
slave2.C 630
slave2.C 631
slave2.C 633
slave2.C 636
slave2.C 641
slave2.C 642
slave2.C 643
slave2.C 644
slave2.C 645
slave2.C 646
slave2.C 647
slave2.C 648
slave2.C 649
slave2.C 651
slave2.C 655
slave2.C 660
slave2.C 662
slave2.C 665
slave2.C 670
slave2.C 672
slave2.C 676
slave2.C 683
slave2.C 684
slave2.C 685
slave2.C 686
slave2.C 687
slave2.C 688
slave2.C 689
slave2.C 690
slave2.C 692
slave2.C 696
slave2.C 705
slave2.C 714
slave2.C 716
slave2.C 722
slave2.C 725
slave2.C 728
slave2.C 729
slave2.C 731
slave2.C 732
slave2.C 734
slave2.C 735
slave2.C 736
slave2.C 737
slave2.C 739
slave2.C 740
slave2.C 742
slave2.C 746
slave2.C 747
slave2.C 748
slave2.C 750
slave2.C 753
slave2.C 754
slave2.C 755
slave2.C 757
slave2.C 760
slave2.C 762
slave2.C 765
slave2.C 767
slave2.C 771
slave2.C 773
slave2.C 774
slave2.C 776
slave2.C 780
slave2.C 786
slave2.C 788
slave2.C 795
slave2.C 801
slave2.C 802
slave2.C 803
slave2.C 805
slave2.C 806
slave2.C 812
slave2.C 824
slave2.C 825
slave2.C 826
slave2.C 828
slave2.C 829
slave2.C 831
slave2.C 832
slave2.C 834
slave2.C 835
slave2.C 837
slave2.C 838
slave2.C 840
slave2.C 843
slave2.C 844
slave2.C 846
slave2.C 849
slave2.C 851
slave2.C 854
slave2.C 856
slave2.C 860
slave2.C 862
slave2.C 870
slave2.C 875
slave2.C 885
slave2.C 887
slave2.C 888
slave2.C 889
slave2.C 890
slave2.C 892
slave2.C 893
slave2.C 895
slave2.C 896
slave2.C 898
slave2.C 899
slave2.C 902
slave2.C 903
slave2.C 904
slave2.C 906
slave2.C 909
slave2.C 910
slave2.C 911
slave2.C 913
slave2.C 916
slave2.C 918
slave2.C 921
slave2.C 923
slave2.C 927
slave2.C 928
slave2.C 930
slave2.C 934
slave2.C 935
slave2.C 936
slave2.C 937
slave2.C 939
slave2.C 940
slave2.C 942
slave2.C 945
slave2.C 946
slave2.C 947
slave2.C 949
slave2.C 952
slave2.C 953
slave2.C 954
slave2.C 956
slave2.C 959
slave2.C 961
slave2.C 964
slave2.C 966
slave2.C 970
slave2.C 972
slave2.C 973
slave2.C 975
slave2.C 979
slave2.C 985
slave2.C 987
slave2.C 991
slave2.C 992
slave2.C 993
slave2.C 995
slave2.C 996
slave2.C 1002
slave2.C 1019
slave2.C 1020
slave2.C 1021
slave2.C 1022
slave2.C 1023
slave2.C 1024
slave2.C 1025
slave2.C 1027
slave2.C 1028
slave2.C 1029
slave2.C 1031
slave2.C 1032
slave2.C 1033
slave2.C 1035
slave2.C 1036
slave2.C 1038
slave2.C 1041
slave2.C 1042
slave2.C 1043
slave2.C 1044
slave2.C 1045
slave2.C 1047
slave2.C 1048
slave2.C 1051
slave2.C 1052
slave2.C 1053
slave2.C 1054
slave2.C 1055
slave2.C 1057
slave2.C 1058
slave2.C 1061
slave2.C 1063
slave2.C 1064
slave2.C 1067
slave2.C 1069
slave2.C 1070
slave2.C 1075
slave2.C 1076
slave2.C 1077
slave2.C 1078
slave2.C 1080
slave2.C 1081
slave2.C 1087
slave2.C 1096
slave2.C 1100
slave2.C 1101
slave2.C 1102
slave2.C 1103
slave2.C 1105
slave2.C 1106
slave2.C 1109
slave2.C 1110
slave2.C 1113
slave2.C 1114
slave2.C 1117
slave2.C 1118
slave2.C 1119
slave2.C 1121
slave2.C 1124
slave2.C 1125
slave2.C 1126
slave2.C 1128
slave2.C 1131
slave2.C 1133
slave2.C 1136
slave2.C 1138
slave2.C 1143
slave2.C 1144
slave2.C 1146
slave2.C 1150
slave2.C 1151
slave2.C 1152
slave2.C 1153
slave2.C 1155
slave2.C 1156
slave2.C 1159
slave2.C 1160
slave2.C 1163
slave2.C 1164
slave2.C 1167
slave2.C 1168
slave2.C 1169
slave2.C 1171
slave2.C 1174
slave2.C 1175
slave2.C 1176
slave2.C 1178
slave2.C 1181
slave2.C 1183
slave2.C 1186
slave2.C 1188
slave2.C 1194
slave2.C 1195
slave2.C 1197
slave2.C 1203
subblock.C 43
subblock.C 50
subblock.C 57
subblock.C 58
subblock.C 59
subblock.C 60
subblock.C 61
subblock.C 62
subblock.C 63
subblock.C 64
subblock.C 68
subblock.C 69
subblock.C 70
subblock.C 71
subblock.C 72
subblock.C 73
subblock.C 74
subblock.C 75
subblock.C 77
subblock.C 80
subblock.C 83
subblock.C 86
subblock.C 91
subblock.C 94
subblock.C 100
subblock.C 103
subblock.C 108
subblock.C 109
