main.c 80  0 main.c 97 100000000:1, 2
main.c 80  0 main.c 96 100000000:1, 1
main.c 96 100000000:1, 1 main.c 82 100000000:2,200000001:1,300000002:1, 5
main.c 96 100000000:1, 1 main.c 79  0
main.c 96 100000000:1, 1 main.c 64 100000000:1, 8
main.c 96 100000000:1, 1 main.c 78 100000000:2,200000001:1,300000002:1, 4
main.c 96 100000000:1, 1 main.c 77 100000000:2,200000001:1,300000002:1, 3
main.c 96 100000000:1, 1 main.c 75 100000000:2,200000001:1,300000002:1, 1
main.c 60 100000000:2,200000001:1,300000002:1, 10 main.c 97 100000000:1, 2
main.c 76 100000000:2,200000001:1,300000002:1, 2 main.c 57 100000000:2,200000001:1,300000002:1, 8
main.c 78 100000000:2,200000001:1,300000002:1, 4 main.c 97 100000000:1, 2
main.c 149 100000000:5,200000001:1,300000002:1, 16 main.c 61 100000000:2,200000001:1,300000002:1, 11
main.c 149 100000000:5,200000001:1,300000002:1, 16 main.c 58 100000000:2,200000001:1,300000002:1, 9
main.c 57 100000000:2,200000001:1,300000002:1, 8 main.c 150 100000000:5,200000001:1,300000002:1, 17
main.c 57 100000000:2,200000001:1,300000002:1, 8 main.c 146 100000000:5,200000001:1,300000002:1, 14
main.c 57 100000000:2,200000001:1,300000002:1, 8 main.c 57 100000000:2,200000001:1,300000002:1, 8
main.c 82 100000000:2,200000001:1,300000002:1, 5 main.c 58 100000000:2,200000001:1,300000002:1, 9
main.c 82 100000000:2,200000001:1,300000002:1, 5 main.c 144 100000000:5,200000001:1,300000002:1, 13
main.c 62 100000000:2,200000001:1,300000002:1, 12 main.c 97 100000000:1, 2
main.c 79  0 main.c 58 100000000:2,200000001:1,300000002:1, 9
main.c 79  0 main.c 144 100000000:5,200000001:1,300000002:1, 13
main.c 64 100000000:1, 8 main.c 144 100000000:5,200000001:1,300000002:1, 13
main.c 147 100000000:5,200000001:1,300000002:1, 15 main.c 105 100000000:2,200000001:1,300000002:1, 7
main.c 98 100000000:1, 3 main.c 84 100000000:2,200000001:1,300000002:1, 6
main.c 98 100000000:1, 3 main.c 67 100000000:2,200000001:1,300000002:1, 13
main.c 61 100000000:2,200000001:1,300000002:1, 11 main.c 58 100000000:2,200000001:1,300000002:1, 9
main.c 133 100000000:1, 4 main.c 105 100000000:2,200000001:1,300000002:1, 7
main.c 58 100000000:2,200000001:1,300000002:1, 9 main.c 58 100000000:2,200000001:1,300000002:1, 9
main.c 105 100000000:2,200000001:1,300000002:1, 7 main.c 105 100000000:2,200000001:1,300000002:1, 7
main.c 65 100000000:1, 9 main.c 97 100000000:1, 2
