lu_x.c 794 100000000:65,200000001:65, 827 lu_x.c 1355  0
lu_x.c 794 100000000:65,200000001:65, 827 lu_x.c 1185 100000000:1, 11
lu_x.c 794 100000000:65,200000001:65, 827 lu_x.c 811 100000000:65,200000001:63, 730
lu_x.c 794 100000000:65,200000001:65, 827 lu_x.c 1333  0
lu_x.c 794 100000000:65,200000001:65, 827 lu_x.c 1183 100000000:1, 10
lu_x.c 794 100000000:65,200000001:65, 827 lu_x.c 795 100000000:65,200000001:65, 828
lu_x.c 794 100000000:65,200000001:65, 827 lu_x.c 1320  0
lu_x.c 794 100000000:65,200000001:65, 827 lu_x.c 856 100000000:65,200000001:65, 825
lu_x.c 794 100000000:65,200000001:65, 827 lu_x.c 794 100000000:65,200000001:65, 827
lu_x.c 794 100000000:65,200000001:65, 827 lu_x.c 1283  0
lu_x.c 794 100000000:65,200000001:65, 827 lu_x.c 844 100000000:65,200000001:65, 824
lu_x.c 794 100000000:65,200000001:65, 827 lu_x.c 1247 100000000:3,200000001:2, 13
lu_x.c 794 100000000:65,200000001:65, 827 lu_x.c 828 100000000:64,200000001:64, 814
lu_x.c 794 100000000:65,200000001:65, 827 lu_x.c 1211 100000000:1, 12
lu_x.c 794 100000000:65,200000001:65, 827 lu_x.c 827 100000000:64,200000001:64, 813
lu_x.c 476  0 lu_x.c 763 100000000:68,200000001:68, 846
lu_x.c 476  0 lu_x.c 762 100000000:68,200000001:68, 845
lu_x.c 476  0 lu_x.c 761 100000000:68,200000001:68, 844
lu_x.c 476  0 lu_x.c 760 100000000:68,200000001:68, 843
lu_x.c 476  0 lu_x.c 759 100000000:68,200000001:68, 842
lu_x.c 762 100000000:68,200000001:68, 845 lu_x.c 464  0
lu_x.c 762 100000000:68,200000001:68, 845 lu_x.c 452  0
lu_x.c 762 100000000:68,200000001:68, 845 lu_x.c 438  0
lu_x.c 762 100000000:68,200000001:68, 845 lu_x.c 475  0
lu_x.c 762 100000000:68,200000001:68, 845 lu_x.c 463  0
lu_x.c 762 100000000:68,200000001:68, 845 lu_x.c 451  0
lu_x.c 762 100000000:68,200000001:68, 845 lu_x.c 436  0
lu_x.c 762 100000000:68,200000001:68, 845 lu_x.c 473  0
lu_x.c 762 100000000:68,200000001:68, 845 lu_x.c 461  0
lu_x.c 762 100000000:68,200000001:68, 845 lu_x.c 448  0
lu_x.c 762 100000000:68,200000001:68, 845 lu_x.c 435  0
lu_x.c 762 100000000:68,200000001:68, 845 lu_x.c 760 100000000:68,200000001:68, 843
lu_x.c 762 100000000:68,200000001:68, 845 lu_x.c 472  0
lu_x.c 762 100000000:68,200000001:68, 845 lu_x.c 763 100000000:68,200000001:68, 846
lu_x.c 762 100000000:68,200000001:68, 845 lu_x.c 460  0
lu_x.c 762 100000000:68,200000001:68, 845 lu_x.c 447  0
lu_x.c 762 100000000:68,200000001:68, 845 lu_x.c 433  0
lu_x.c 762 100000000:68,200000001:68, 845 lu_x.c 494  0
lu_x.c 762 100000000:68,200000001:68, 845 lu_x.c 470  0
lu_x.c 762 100000000:68,200000001:68, 845 lu_x.c 762 100000000:68,200000001:68, 845
lu_x.c 762 100000000:68,200000001:68, 845 lu_x.c 458  0
lu_x.c 762 100000000:68,200000001:68, 845 lu_x.c 446  0
lu_x.c 762 100000000:68,200000001:68, 845 lu_x.c 759 100000000:68,200000001:68, 842
lu_x.c 762 100000000:68,200000001:68, 845 lu_x.c 488 100000000:70,200000001:68, 752
lu_x.c 762 100000000:68,200000001:68, 845 lu_x.c 469  0
lu_x.c 762 100000000:68,200000001:68, 845 lu_x.c 457  0
lu_x.c 762 100000000:68,200000001:68, 845 lu_x.c 761 100000000:68,200000001:68, 844
lu_x.c 762 100000000:68,200000001:68, 845 lu_x.c 445  0
lu_x.c 762 100000000:68,200000001:68, 845 lu_x.c 478  0
lu_x.c 762 100000000:68,200000001:68, 845 lu_x.c 467  0
lu_x.c 762 100000000:68,200000001:68, 845 lu_x.c 455  0
lu_x.c 762 100000000:68,200000001:68, 845 lu_x.c 441  0
lu_x.c 762 100000000:68,200000001:68, 845 lu_x.c 477  0
lu_x.c 762 100000000:68,200000001:68, 845 lu_x.c 466  0
lu_x.c 762 100000000:68,200000001:68, 845 lu_x.c 454  0
lu_x.c 762 100000000:68,200000001:68, 845 lu_x.c 439  0
lu_x.c 1127 100000000:65,200000001:65, 822 lu_x.c 268 100000000:1, 6
lu_x.c 463  0 lu_x.c 763 100000000:68,200000001:68, 846
lu_x.c 463  0 lu_x.c 761 100000000:68,200000001:68, 844
lu_x.c 463  0 lu_x.c 760 100000000:68,200000001:68, 843
lu_x.c 463  0 lu_x.c 759 100000000:68,200000001:68, 842
lu_x.c 538 100000000:2,200000001:1, 15 lu_x.c 171  0
lu_x.c 538 100000000:2,200000001:1, 15 lu_x.c 170 100000000:1, 3
lu_x.c 538 100000000:2,200000001:1, 15 lu_x.c 168 100000000:1, 1
lu_x.c 997 100000000:67,200000001:66, 743 lu_x.c 268 100000000:1, 6
lu_x.c 448  0 lu_x.c 763 100000000:68,200000001:68, 846
lu_x.c 448  0 lu_x.c 761 100000000:68,200000001:68, 844
lu_x.c 448  0 lu_x.c 760 100000000:68,200000001:68, 843
lu_x.c 448  0 lu_x.c 759 100000000:68,200000001:68, 842
lu_x.c 869 100000000:65,200000001:64, 728 lu_x.c 169 100000000:1, 2
lu_x.c 433  0 lu_x.c 763 100000000:68,200000001:68, 846
lu_x.c 433  0 lu_x.c 761 100000000:68,200000001:68, 844
lu_x.c 433  0 lu_x.c 760 100000000:68,200000001:68, 843
lu_x.c 433  0 lu_x.c 759 100000000:68,200000001:68, 842
lu_x.c 1226 100000000:3,200000001:2, 8 lu_x.c 211  0
lu_x.c 1226 100000000:3,200000001:2, 8 lu_x.c 209 100000000:1, 4
lu_x.c 1183 100000000:1, 10 lu_x.c 1247 100000000:3,200000001:2, 13
lu_x.c 1183 100000000:1, 10 lu_x.c 856 100000000:65,200000001:65, 825
lu_x.c 1183 100000000:1, 10 lu_x.c 844 100000000:65,200000001:65, 824
lu_x.c 1183 100000000:1, 10 lu_x.c 828 100000000:64,200000001:64, 814
lu_x.c 1183 100000000:1, 10 lu_x.c 827 100000000:64,200000001:64, 813
lu_x.c 1183 100000000:1, 10 lu_x.c 811 100000000:65,200000001:63, 730
lu_x.c 1183 100000000:1, 10 lu_x.c 795 100000000:65,200000001:65, 828
lu_x.c 643 100000000:3,200000001:3, 19 lu_x.c 370 100000000:1, 8
lu_x.c 511 100000000:70,200000001:68, 754 lu_x.c 779 100000000:68,200000001:68, 849
lu_x.c 473  0 lu_x.c 763 100000000:68,200000001:68, 846
lu_x.c 473  0 lu_x.c 761 100000000:68,200000001:68, 844
lu_x.c 473  0 lu_x.c 760 100000000:68,200000001:68, 843
lu_x.c 473  0 lu_x.c 759 100000000:68,200000001:68, 842
lu_x.c 169 100000000:1, 2 lu_x.c 582 100000000:2,200000001:1, 17
lu_x.c 169 100000000:1, 2 lu_x.c 1062 100000000:67,200000001:66, 745
lu_x.c 169 100000000:1, 2 lu_x.c 950 100000000:66,200000001:65, 830
lu_x.c 169 100000000:1, 2 lu_x.c 874 100000000:65,200000001:64, 732
lu_x.c 169 100000000:1, 2 lu_x.c 864 100000000:66,200000001:65, 738
lu_x.c 169 100000000:1, 2 lu_x.c 726 100000000:68,200000001:67, 839
lu_x.c 169 100000000:1, 2 lu_x.c 639 100000000:3,200000001:2, 29
lu_x.c 1084 100000000:67,200000001:65, 747 lu_x.c 368 100000000:1, 7
lu_x.c 460  0 lu_x.c 763 100000000:68,200000001:68, 846
lu_x.c 460  0 lu_x.c 761 100000000:68,200000001:68, 844
lu_x.c 460  0 lu_x.c 760 100000000:68,200000001:68, 843
lu_x.c 460  0 lu_x.c 759 100000000:68,200000001:68, 842
lu_x.c 374 100000000:1, 9 lu_x.c 531 100000000:2,200000001:1, 14
lu_x.c 374 100000000:1, 9 lu_x.c 530 100000000:2,200000001:1, 13
lu_x.c 970 100000000:65,200000001:65, 831 lu_x.c 370 100000000:1, 8
lu_x.c 446  0 lu_x.c 763 100000000:68,200000001:68, 846
lu_x.c 446  0 lu_x.c 761 100000000:68,200000001:68, 844
lu_x.c 446  0 lu_x.c 760 100000000:68,200000001:68, 843
lu_x.c 446  0 lu_x.c 759 100000000:68,200000001:68, 842
lu_x.c 1238 100000000:3,200000001:2, 26 lu_x.c 168 100000000:1, 1
lu_x.c 1355  0 lu_x.c 856 100000000:65,200000001:65, 825
lu_x.c 1355  0 lu_x.c 827 100000000:64,200000001:64, 813
lu_x.c 748 100000000:67,200000001:67, 841 lu_x.c 368 100000000:1, 7
lu_x.c 368 100000000:1, 7 lu_x.c 582 100000000:2,200000001:1, 17
lu_x.c 368 100000000:1, 7 lu_x.c 1062 100000000:67,200000001:66, 745
lu_x.c 368 100000000:1, 7 lu_x.c 972 100000000:65,200000001:65, 832
lu_x.c 368 100000000:1, 7 lu_x.c 950 100000000:66,200000001:65, 830
lu_x.c 368 100000000:1, 7 lu_x.c 726 100000000:68,200000001:67, 839
lu_x.c 368 100000000:1, 7 lu_x.c 661 100000000:3,200000001:1, 31
lu_x.c 368 100000000:1, 7 lu_x.c 639 100000000:3,200000001:2, 29
lu_x.c 368 100000000:1, 7 lu_x.c 604 100000000:2, 19
lu_x.c 844 100000000:65,200000001:65, 824 lu_x.c 1185 100000000:1, 11
lu_x.c 844 100000000:65,200000001:65, 824 lu_x.c 856 100000000:65,200000001:65, 825
lu_x.c 844 100000000:65,200000001:65, 824 lu_x.c 827 100000000:64,200000001:64, 813
lu_x.c 637 100000000:3,200000001:2, 28 lu_x.c 370 100000000:1, 8
lu_x.c 760 100000000:68,200000001:68, 843 lu_x.c 464  0
lu_x.c 760 100000000:68,200000001:68, 843 lu_x.c 452  0
lu_x.c 760 100000000:68,200000001:68, 843 lu_x.c 438  0
lu_x.c 760 100000000:68,200000001:68, 843 lu_x.c 475  0
lu_x.c 760 100000000:68,200000001:68, 843 lu_x.c 451  0
lu_x.c 760 100000000:68,200000001:68, 843 lu_x.c 436  0
lu_x.c 760 100000000:68,200000001:68, 843 lu_x.c 461  0
lu_x.c 760 100000000:68,200000001:68, 843 lu_x.c 435  0
lu_x.c 760 100000000:68,200000001:68, 843 lu_x.c 760 100000000:68,200000001:68, 843
lu_x.c 760 100000000:68,200000001:68, 843 lu_x.c 472  0
lu_x.c 760 100000000:68,200000001:68, 843 lu_x.c 763 100000000:68,200000001:68, 846
lu_x.c 760 100000000:68,200000001:68, 843 lu_x.c 447  0
lu_x.c 760 100000000:68,200000001:68, 843 lu_x.c 494  0
lu_x.c 760 100000000:68,200000001:68, 843 lu_x.c 470  0
lu_x.c 760 100000000:68,200000001:68, 843 lu_x.c 458  0
lu_x.c 760 100000000:68,200000001:68, 843 lu_x.c 759 100000000:68,200000001:68, 842
lu_x.c 760 100000000:68,200000001:68, 843 lu_x.c 488 100000000:70,200000001:68, 752
lu_x.c 760 100000000:68,200000001:68, 843 lu_x.c 469  0
lu_x.c 760 100000000:68,200000001:68, 843 lu_x.c 761 100000000:68,200000001:68, 844
lu_x.c 760 100000000:68,200000001:68, 843 lu_x.c 457  0
lu_x.c 760 100000000:68,200000001:68, 843 lu_x.c 445  0
lu_x.c 760 100000000:68,200000001:68, 843 lu_x.c 478  0
lu_x.c 760 100000000:68,200000001:68, 843 lu_x.c 467  0
lu_x.c 760 100000000:68,200000001:68, 843 lu_x.c 455  0
lu_x.c 760 100000000:68,200000001:68, 843 lu_x.c 441  0
lu_x.c 760 100000000:68,200000001:68, 843 lu_x.c 477  0
lu_x.c 760 100000000:68,200000001:68, 843 lu_x.c 466  0
lu_x.c 760 100000000:68,200000001:68, 843 lu_x.c 454  0
lu_x.c 760 100000000:68,200000001:68, 843 lu_x.c 439  0
lu_x.c 778 100000000:68,200000001:68, 848 lu_x.c 778 100000000:68,200000001:68, 848
lu_x.c 470  0 lu_x.c 763 100000000:68,200000001:68, 846
lu_x.c 470  0 lu_x.c 761 100000000:68,200000001:68, 844
lu_x.c 470  0 lu_x.c 759 100000000:68,200000001:68, 842
lu_x.c 370 100000000:1, 8 lu_x.c 948 100000000:66,200000001:65, 829
lu_x.c 370 100000000:1, 8 lu_x.c 1082 100000000:67,200000001:65, 746
lu_x.c 370 100000000:1, 8 lu_x.c 1066 100000000:67,200000001:67, 837
lu_x.c 370 100000000:1, 8 lu_x.c 724 100000000:68,200000001:67, 838
lu_x.c 370 100000000:1, 8 lu_x.c 602 100000000:2, 18
lu_x.c 370 100000000:1, 8 lu_x.c 586 100000000:2,200000001:2, 7
lu_x.c 370 100000000:1, 8 lu_x.c 1060 100000000:67,200000001:66, 744
lu_x.c 370 100000000:1, 8 lu_x.c 659 100000000:3,200000001:1, 30
lu_x.c 370 100000000:1, 8 lu_x.c 954 100000000:67,200000001:65, 742
lu_x.c 370 100000000:1, 8 lu_x.c 746 100000000:67,200000001:67, 840
lu_x.c 370 100000000:1, 8 lu_x.c 730 100000000:69,200000001:67, 751
lu_x.c 370 100000000:1, 8 lu_x.c 580 100000000:2,200000001:1, 16
lu_x.c 457  0 lu_x.c 763 100000000:68,200000001:68, 846
lu_x.c 457  0 lu_x.c 761 100000000:68,200000001:68, 844
lu_x.c 457  0 lu_x.c 759 100000000:68,200000001:68, 842
lu_x.c 441  0 lu_x.c 763 100000000:68,200000001:68, 846
lu_x.c 441  0 lu_x.c 761 100000000:68,200000001:68, 844
lu_x.c 441  0 lu_x.c 759 100000000:68,200000001:68, 842
lu_x.c 1230 100000000:3,200000001:2, 27 lu_x.c 168 100000000:1, 1
lu_x.c 1320  0 lu_x.c 856 100000000:65,200000001:65, 825
lu_x.c 1320  0 lu_x.c 827 100000000:64,200000001:64, 813
lu_x.c 827 100000000:64,200000001:64, 813 lu_x.c 1185 100000000:1, 11
lu_x.c 827 100000000:64,200000001:64, 813 lu_x.c 811 100000000:65,200000001:63, 730
lu_x.c 827 100000000:64,200000001:64, 813 lu_x.c 1333  0
lu_x.c 827 100000000:64,200000001:64, 813 lu_x.c 795 100000000:65,200000001:65, 828
lu_x.c 827 100000000:64,200000001:64, 813 lu_x.c 856 100000000:65,200000001:65, 825
lu_x.c 827 100000000:64,200000001:64, 813 lu_x.c 1283  0
lu_x.c 827 100000000:64,200000001:64, 813 lu_x.c 1247 100000000:3,200000001:2, 13
lu_x.c 827 100000000:64,200000001:64, 813 lu_x.c 828 100000000:64,200000001:64, 814
lu_x.c 827 100000000:64,200000001:64, 813 lu_x.c 1211 100000000:1, 12
lu_x.c 827 100000000:64,200000001:64, 813 lu_x.c 827 100000000:64,200000001:64, 813
lu_x.c 488 100000000:70,200000001:68, 752 lu_x.c 763 100000000:68,200000001:68, 846
lu_x.c 488 100000000:70,200000001:68, 752 lu_x.c 761 100000000:68,200000001:68, 844
lu_x.c 488 100000000:70,200000001:68, 752 lu_x.c 759 100000000:68,200000001:68, 842
lu_x.c 510 100000000:70,200000001:68, 753 lu_x.c 777 100000000:68,200000001:68, 847
lu_x.c 467  0 lu_x.c 763 100000000:68,200000001:68, 846
lu_x.c 467  0 lu_x.c 761 100000000:68,200000001:68, 844
lu_x.c 467  0 lu_x.c 759 100000000:68,200000001:68, 842
lu_x.c 454  0 lu_x.c 763 100000000:68,200000001:68, 846
lu_x.c 454  0 lu_x.c 761 100000000:68,200000001:68, 844
lu_x.c 454  0 lu_x.c 759 100000000:68,200000001:68, 842
lu_x.c 438  0 lu_x.c 763 100000000:68,200000001:68, 846
lu_x.c 438  0 lu_x.c 761 100000000:68,200000001:68, 844
lu_x.c 438  0 lu_x.c 759 100000000:68,200000001:68, 842
lu_x.c 268 100000000:1, 6 lu_x.c 1128 100000000:65,200000001:65, 823
lu_x.c 268 100000000:1, 6 lu_x.c 1117 100000000:66,200000001:65, 737
lu_x.c 268 100000000:1, 6 lu_x.c 1021 100000000:64,200000001:64, 812
lu_x.c 268 100000000:1, 6 lu_x.c 1007 100000000:65,200000001:63, 729
lu_x.c 268 100000000:1, 6 lu_x.c 910 100000000:65,200000001:65, 826
lu_x.c 1227 100000000:3,200000001:2, 9 lu_x.c 211  0
lu_x.c 1227 100000000:3,200000001:2, 9 lu_x.c 209 100000000:1, 4
lu_x.c 1247 100000000:3,200000001:2, 13 lu_x.c 1185 100000000:1, 11
lu_x.c 1247 100000000:3,200000001:2, 13 lu_x.c 856 100000000:65,200000001:65, 825
lu_x.c 795 100000000:65,200000001:65, 828 lu_x.c 1185 100000000:1, 11
lu_x.c 795 100000000:65,200000001:65, 828 lu_x.c 856 100000000:65,200000001:65, 825
lu_x.c 477  0 lu_x.c 763 100000000:68,200000001:68, 846
lu_x.c 477  0 lu_x.c 761 100000000:68,200000001:68, 844
lu_x.c 477  0 lu_x.c 759 100000000:68,200000001:68, 842
lu_x.c 763 100000000:68,200000001:68, 846 lu_x.c 464  0
lu_x.c 763 100000000:68,200000001:68, 846 lu_x.c 452  0
lu_x.c 763 100000000:68,200000001:68, 846 lu_x.c 475  0
lu_x.c 763 100000000:68,200000001:68, 846 lu_x.c 451  0
lu_x.c 763 100000000:68,200000001:68, 846 lu_x.c 436  0
lu_x.c 763 100000000:68,200000001:68, 846 lu_x.c 461  0
lu_x.c 763 100000000:68,200000001:68, 846 lu_x.c 435  0
lu_x.c 763 100000000:68,200000001:68, 846 lu_x.c 472  0
lu_x.c 763 100000000:68,200000001:68, 846 lu_x.c 763 100000000:68,200000001:68, 846
lu_x.c 763 100000000:68,200000001:68, 846 lu_x.c 447  0
lu_x.c 763 100000000:68,200000001:68, 846 lu_x.c 494  0
lu_x.c 763 100000000:68,200000001:68, 846 lu_x.c 458  0
lu_x.c 763 100000000:68,200000001:68, 846 lu_x.c 759 100000000:68,200000001:68, 842
lu_x.c 763 100000000:68,200000001:68, 846 lu_x.c 469  0
lu_x.c 763 100000000:68,200000001:68, 846 lu_x.c 761 100000000:68,200000001:68, 844
lu_x.c 763 100000000:68,200000001:68, 846 lu_x.c 445  0
lu_x.c 763 100000000:68,200000001:68, 846 lu_x.c 478  0
lu_x.c 763 100000000:68,200000001:68, 846 lu_x.c 455  0
lu_x.c 763 100000000:68,200000001:68, 846 lu_x.c 466  0
lu_x.c 763 100000000:68,200000001:68, 846 lu_x.c 439  0
lu_x.c 464  0 lu_x.c 761 100000000:68,200000001:68, 844
lu_x.c 464  0 lu_x.c 759 100000000:68,200000001:68, 842
lu_x.c 451  0 lu_x.c 761 100000000:68,200000001:68, 844
lu_x.c 451  0 lu_x.c 759 100000000:68,200000001:68, 842
lu_x.c 435  0 lu_x.c 761 100000000:68,200000001:68, 844
lu_x.c 435  0 lu_x.c 759 100000000:68,200000001:68, 842
lu_x.c 209 100000000:1, 4 lu_x.c 1237 100000000:3,200000001:2, 12
lu_x.c 209 100000000:1, 4 lu_x.c 1229 100000000:3,200000001:2, 11
lu_x.c 1185 100000000:1, 11 lu_x.c 856 100000000:65,200000001:65, 825
lu_x.c 1185 100000000:1, 11 lu_x.c 828 100000000:64,200000001:64, 814
lu_x.c 1185 100000000:1, 11 lu_x.c 811 100000000:65,200000001:63, 730
lu_x.c 512 100000000:70,200000001:68, 755 lu_x.c 779 100000000:68,200000001:68, 849
lu_x.c 475  0 lu_x.c 761 100000000:68,200000001:68, 844
lu_x.c 475  0 lu_x.c 759 100000000:68,200000001:68, 842
lu_x.c 761 100000000:68,200000001:68, 844 lu_x.c 452  0
lu_x.c 761 100000000:68,200000001:68, 844 lu_x.c 436  0
lu_x.c 761 100000000:68,200000001:68, 844 lu_x.c 461  0
lu_x.c 761 100000000:68,200000001:68, 844 lu_x.c 472  0
lu_x.c 761 100000000:68,200000001:68, 844 lu_x.c 447  0
lu_x.c 761 100000000:68,200000001:68, 844 lu_x.c 494  0
lu_x.c 761 100000000:68,200000001:68, 844 lu_x.c 458  0
lu_x.c 761 100000000:68,200000001:68, 844 lu_x.c 759 100000000:68,200000001:68, 842
lu_x.c 761 100000000:68,200000001:68, 844 lu_x.c 469  0
lu_x.c 761 100000000:68,200000001:68, 844 lu_x.c 761 100000000:68,200000001:68, 844
lu_x.c 761 100000000:68,200000001:68, 844 lu_x.c 445  0
lu_x.c 761 100000000:68,200000001:68, 844 lu_x.c 478  0
lu_x.c 761 100000000:68,200000001:68, 844 lu_x.c 455  0
lu_x.c 761 100000000:68,200000001:68, 844 lu_x.c 466  0
lu_x.c 761 100000000:68,200000001:68, 844 lu_x.c 439  0
lu_x.c 461  0 lu_x.c 759 100000000:68,200000001:68, 842
lu_x.c 447  0 lu_x.c 759 100000000:68,200000001:68, 842
lu_x.c 759 100000000:68,200000001:68, 842 lu_x.c 452  0
lu_x.c 759 100000000:68,200000001:68, 842 lu_x.c 436  0
lu_x.c 759 100000000:68,200000001:68, 842 lu_x.c 472  0
lu_x.c 759 100000000:68,200000001:68, 842 lu_x.c 494  0
lu_x.c 759 100000000:68,200000001:68, 842 lu_x.c 458  0
lu_x.c 759 100000000:68,200000001:68, 842 lu_x.c 759 100000000:68,200000001:68, 842
lu_x.c 759 100000000:68,200000001:68, 842 lu_x.c 469  0
lu_x.c 759 100000000:68,200000001:68, 842 lu_x.c 445  0
lu_x.c 759 100000000:68,200000001:68, 842 lu_x.c 478  0
lu_x.c 759 100000000:68,200000001:68, 842 lu_x.c 455  0
lu_x.c 759 100000000:68,200000001:68, 842 lu_x.c 466  0
lu_x.c 759 100000000:68,200000001:68, 842 lu_x.c 439  0
lu_x.c 856 100000000:65,200000001:65, 825 lu_x.c 811 100000000:65,200000001:63, 730
lu_x.c 856 100000000:65,200000001:65, 825 lu_x.c 1333  0
lu_x.c 856 100000000:65,200000001:65, 825 lu_x.c 856 100000000:65,200000001:65, 825
lu_x.c 856 100000000:65,200000001:65, 825 lu_x.c 1283  0
lu_x.c 856 100000000:65,200000001:65, 825 lu_x.c 828 100000000:64,200000001:64, 814
lu_x.c 856 100000000:65,200000001:65, 825 lu_x.c 1211 100000000:1, 12
lu_x.c 779 100000000:68,200000001:68, 849 lu_x.c 779 100000000:68,200000001:68, 849
lu_x.c 779 100000000:68,200000001:68, 849 lu_x.c 513 100000000:70,200000001:68, 756
lu_x.c 1237 100000000:3,200000001:2, 12 lu_x.c 211  0
lu_x.c 513 100000000:70,200000001:68, 756 lu_x.c 777 100000000:68,200000001:68, 847
lu_x.c 1229 100000000:3,200000001:2, 11 lu_x.c 211  0
lu_x.c 777 100000000:68,200000001:68, 847 lu_x.c 777 100000000:68,200000001:68, 847
