main.c 59 100000000:1,200000001:1, 9 main.c 55 100000000:1,200000001:1, 6
main.c 59 100000000:1,200000001:1, 9 main.c 113 100000000:1,200000001:1, 4
main.c 59 100000000:1,200000001:1, 9 main.c 145 100000000:1, 3
main.c 59 100000000:1,200000001:1, 9 main.c 110 100000000:1,200000001:1, 3
main.c 59 100000000:1,200000001:1, 9 main.c 95 100000000:2, 15
main.c 59 100000000:1,200000001:1, 9 main.c 105  0
main.c 59 100000000:1,200000001:1, 9 main.c 124 100000000:2, 11
main.c 59 100000000:1,200000001:1, 9 main.c 59 100000000:1,200000001:1, 9
main.c 59 100000000:1,200000001:1, 9 main.c 104 100000000:1,200000001:1, 2
main.c 59 100000000:1,200000001:1, 9 main.c 94 100000000:2, 14
main.c 59 100000000:1,200000001:1, 9 main.c 91 100000000:2, 12
main.c 59 100000000:1,200000001:1, 9 main.c 58 100000000:1,200000001:1, 8
main.c 59 100000000:1,200000001:1, 9 main.c 43  0
main.c 113 100000000:1,200000001:1, 4 main.c 124 100000000:2, 11
main.c 113 100000000:1,200000001:1, 4 main.c 95 100000000:2, 15
main.c 113 100000000:1,200000001:1, 4 main.c 43  0
main.c 113 100000000:1,200000001:1, 4 main.c 145 100000000:1, 3
main.c 113 100000000:1,200000001:1, 4 main.c 94 100000000:2, 14
main.c 113 100000000:1,200000001:1, 4 main.c 91 100000000:2, 12
main.c 113 100000000:1,200000001:1, 4 main.c 58 100000000:1,200000001:1, 8
main.c 113 100000000:1,200000001:1, 4 main.c 55 100000000:1,200000001:1, 6
main.c 153 100000000:3,200000001:1, 16 main.c 45  0
main.c 45  0 main.c 122 100000000:2, 9
main.c 45  0 main.c 45  0
main.c 45  0 main.c 43  0
main.c 45  0 main.c 110 100000000:1,200000001:1, 3
main.c 45  0 main.c 143 100000000:1, 1
main.c 45  0 main.c 94 100000000:2, 14
main.c 45  0 main.c 58 100000000:1,200000001:1, 8
main.c 45  0 main.c 44  0
main.c 110 100000000:1,200000001:1, 3 main.c 124 100000000:2, 11
main.c 110 100000000:1,200000001:1, 3 main.c 122 100000000:2, 9
main.c 110 100000000:1,200000001:1, 3 main.c 95 100000000:2, 15
main.c 110 100000000:1,200000001:1, 3 main.c 145 100000000:1, 3
main.c 110 100000000:1,200000001:1, 3 main.c 143 100000000:1, 1
main.c 43  0 main.c 124 100000000:2, 11
main.c 43  0 main.c 122 100000000:2, 9
main.c 43  0 main.c 95 100000000:2, 15
main.c 43  0 main.c 145 100000000:1, 3
main.c 43  0 main.c 143 100000000:1, 1
main.c 105  0 main.c 124 100000000:2, 11
main.c 105  0 main.c 95 100000000:2, 15
main.c 105  0 main.c 145 100000000:1, 3
main.c 58 100000000:1,200000001:1, 8 main.c 124 100000000:2, 11
main.c 58 100000000:1,200000001:1, 8 main.c 122 100000000:2, 9
main.c 58 100000000:1,200000001:1, 8 main.c 95 100000000:2, 15
main.c 58 100000000:1,200000001:1, 8 main.c 145 100000000:1, 3
main.c 58 100000000:1,200000001:1, 8 main.c 143 100000000:1, 1
main.c 122 100000000:2, 9 main.c 44  0
main.c 144 100000000:1, 2 main.c 46  0
main.c 144 100000000:1, 2 main.c 36  0
main.c 144 100000000:1, 2 main.c 56 100000000:1,200000001:1, 7
main.c 104 100000000:1,200000001:1, 2 main.c 124 100000000:2, 11
main.c 104 100000000:1,200000001:1, 2 main.c 95 100000000:2, 15
main.c 104 100000000:1,200000001:1, 2 main.c 145 100000000:1, 3
main.c 124 100000000:2, 11 main.c 55 100000000:1,200000001:1, 6
main.c 44  0 main.c 143 100000000:1, 1
main.c 123 100000000:2, 10 main.c 46  0
main.c 123 100000000:2, 10 main.c 36  0
main.c 123 100000000:2, 10 main.c 56 100000000:1,200000001:1, 7
main.c 145 100000000:1, 3 main.c 55 100000000:1,200000001:1, 6
main.c 161 100000000:1,200000001:1, 5 main.c 169 100000000:1, 8
main.c 46  0 main.c 46  0
main.c 46  0 main.c 36  0
main.c 46  0 main.c 92 100000000:2, 13
main.c 46  0 main.c 56 100000000:1,200000001:1, 7
main.c 55 100000000:1,200000001:1, 6 main.c 95 100000000:2, 15
main.c 169 100000000:1, 8 main.c 160 100000000:1,200000001:1, 1
