radix_x.c 1027 100000000:15,200000001:16, 144 radix_x.c 308 100000000:1, 11
radix_x.c 742  0 radix_x.c 198 100000000:1, 2
radix_x.c 1258  0 radix_x.c 1216 100000000:2,200000001:1, 10
radix_x.c 1258  0 radix_x.c 918 100000000:13,200000001:15, 133
radix_x.c 461  0 radix_x.c 1068 100000000:15,200000001:16, 147
radix_x.c 461  0 radix_x.c 1067 100000000:15,200000001:16, 146
radix_x.c 461  0 radix_x.c 1066 100000000:15,200000001:16, 145
radix_x.c 461  0 radix_x.c 674 100000000:9,200000001:9, 81
radix_x.c 461  0 radix_x.c 667 100000000:9,200000001:9, 77
radix_x.c 748 100000000:10,200000001:11, 95 radix_x.c 863 100000000:12,200000001:14, 110
radix_x.c 748 100000000:10,200000001:11, 95 radix_x.c 820 100000000:12,200000001:12, 120
radix_x.c 748 100000000:10,200000001:11, 95 radix_x.c 748 100000000:10,200000001:11, 95
radix_x.c 748 100000000:10,200000001:11, 95 radix_x.c 743  0
radix_x.c 748 100000000:10,200000001:11, 95 radix_x.c 711 100000000:10,200000001:10, 90
radix_x.c 886 100000000:12,200000001:14, 112 radix_x.c 188 100000000:1, 1
radix_x.c 886 100000000:12,200000001:14, 112 radix_x.c 307 100000000:1, 10
radix_x.c 448  0 radix_x.c 1068 100000000:15,200000001:16, 147
radix_x.c 448  0 radix_x.c 1067 100000000:15,200000001:16, 146
radix_x.c 448  0 radix_x.c 1066 100000000:15,200000001:16, 145
radix_x.c 448  0 radix_x.c 674 100000000:9,200000001:9, 81
radix_x.c 448  0 radix_x.c 667 100000000:9,200000001:9, 77
radix_x.c 308 100000000:1, 11 radix_x.c 1021 100000000:14,200000001:16, 125
radix_x.c 308 100000000:1, 11 radix_x.c 775 100000000:12,200000001:12, 116
radix_x.c 308 100000000:1, 11 radix_x.c 691 100000000:9,200000001:9, 103
radix_x.c 308 100000000:1, 11 radix_x.c 702 100000000:9,200000001:8, 105
radix_x.c 308 100000000:1, 11 radix_x.c 983 100000000:13,200000001:14, 138
radix_x.c 308 100000000:1, 11 radix_x.c 772 100000000:11,200000001:12, 97
radix_x.c 308 100000000:1, 11 radix_x.c 896 100000000:11,200000001:14, 113
radix_x.c 308 100000000:1, 11 radix_x.c 1043 100000000:13,200000001:16, 127
radix_x.c 308 100000000:1, 11 radix_x.c 694 100000000:9,200000001:10, 88
radix_x.c 308 100000000:1, 11 radix_x.c 967 100000000:13,200000001:16, 123
radix_x.c 308 100000000:1, 11 radix_x.c 888 100000000:13,200000001:14, 130
radix_x.c 308 100000000:1, 11 radix_x.c 783 100000000:10,200000001:12, 99
radix_x.c 308 100000000:1, 11 radix_x.c 961 100000000:13,200000001:15, 136
radix_x.c 308 100000000:1, 11 radix_x.c 885 100000000:12,200000001:14, 111
radix_x.c 339 100000000:1, 15 radix_x.c 556 100000000:2,200000001:1, 3
radix_x.c 339 100000000:1, 15 radix_x.c 555 100000000:2,200000001:1, 2
radix_x.c 833 100000000:11,200000001:13, 103 radix_x.c 334 100000000:1, 14
radix_x.c 651 100000000:14,200000001:16, 124 radix_x.c 340 100000000:1, 16
radix_x.c 669 100000000:9,200000001:9, 78 radix_x.c 253 100000000:1, 7
radix_x.c 669 100000000:9,200000001:9, 78 radix_x.c 252 100000000:1, 6
radix_x.c 649 100000000:4,200000001:3, 40 radix_x.c 1068 100000000:15,200000001:16, 147
radix_x.c 649 100000000:4,200000001:3, 40 radix_x.c 1067 100000000:15,200000001:16, 146
radix_x.c 649 100000000:4,200000001:3, 40 radix_x.c 1066 100000000:15,200000001:16, 145
radix_x.c 649 100000000:4,200000001:3, 40 radix_x.c 674 100000000:9,200000001:9, 81
radix_x.c 649 100000000:4,200000001:3, 40 radix_x.c 667 100000000:9,200000001:9, 77
radix_x.c 649 100000000:4,200000001:3, 40 radix_x.c 271 100000000:1, 8
radix_x.c 494 100000000:16,200000001:17, 153 radix_x.c 1072 100000000:15,200000001:16, 149
radix_x.c 326 100000000:1, 12 radix_x.c 632 100000000:2,200000001:2, 19
radix_x.c 326 100000000:1, 12 radix_x.c 621 100000000:3,200000001:2, 17
radix_x.c 326 100000000:1, 12 radix_x.c 601 100000000:2, 35
radix_x.c 326 100000000:1, 12 radix_x.c 590 100000000:2,200000001:1, 33
radix_x.c 784 100000000:10,200000001:12, 100 radix_x.c 307 100000000:1, 10
radix_x.c 720 100000000:10,200000001:9, 112 radix_x.c 334 100000000:1, 14
radix_x.c 1234  0 radix_x.c 1216 100000000:2,200000001:1, 10
radix_x.c 1234  0 radix_x.c 918 100000000:13,200000001:15, 133
radix_x.c 458  0 radix_x.c 1068 100000000:15,200000001:16, 147
radix_x.c 458  0 radix_x.c 1067 100000000:15,200000001:16, 146
radix_x.c 458  0 radix_x.c 1066 100000000:15,200000001:16, 145
radix_x.c 458  0 radix_x.c 674 100000000:9,200000001:9, 81
radix_x.c 458  0 radix_x.c 667 100000000:9,200000001:9, 77
radix_x.c 711 100000000:10,200000001:10, 90 radix_x.c 863 100000000:12,200000001:14, 110
radix_x.c 711 100000000:10,200000001:10, 90 radix_x.c 820 100000000:12,200000001:12, 120
radix_x.c 711 100000000:10,200000001:10, 90 radix_x.c 743  0
radix_x.c 711 100000000:10,200000001:10, 90 radix_x.c 711 100000000:10,200000001:10, 90
radix_x.c 370 100000000:1, 19 radix_x.c 572 100000000:2,200000001:1, 7
radix_x.c 370 100000000:1, 19 radix_x.c 571 100000000:2,200000001:1, 6
radix_x.c 862 100000000:12,200000001:14, 109 radix_x.c 198 100000000:1, 2
radix_x.c 443 100000000:16,200000001:17, 151 radix_x.c 1068 100000000:15,200000001:16, 147
radix_x.c 443 100000000:16,200000001:17, 151 radix_x.c 1067 100000000:15,200000001:16, 146
radix_x.c 443 100000000:16,200000001:17, 151 radix_x.c 1066 100000000:15,200000001:16, 145
radix_x.c 443 100000000:16,200000001:17, 151 radix_x.c 674 100000000:9,200000001:9, 81
radix_x.c 443 100000000:16,200000001:17, 151 radix_x.c 667 100000000:9,200000001:9, 77
radix_x.c 677 100000000:9,200000001:9, 101 radix_x.c 198 100000000:1, 2
radix_x.c 221  0 radix_x.c 552 100000000:2,200000001:1, 1
radix_x.c 650 100000000:4,200000001:3, 41 radix_x.c 276 100000000:1, 9
radix_x.c 678 100000000:9,200000001:9, 102 radix_x.c 1068 100000000:15,200000001:16, 147
radix_x.c 678 100000000:9,200000001:9, 102 radix_x.c 1067 100000000:15,200000001:16, 146
radix_x.c 678 100000000:9,200000001:9, 102 radix_x.c 1066 100000000:15,200000001:16, 145
radix_x.c 678 100000000:9,200000001:9, 102 radix_x.c 271 100000000:1, 8
radix_x.c 678 100000000:9,200000001:9, 102 radix_x.c 674 100000000:9,200000001:9, 81
radix_x.c 678 100000000:9,200000001:9, 102 radix_x.c 667 100000000:9,200000001:9, 77
radix_x.c 631 100000000:2,200000001:2, 18 radix_x.c 327 100000000:1, 13
radix_x.c 498  0 radix_x.c 1072 100000000:15,200000001:16, 149
radix_x.c 498  0 radix_x.c 1071 100000000:15,200000001:16, 148
radix_x.c 377 100000000:1, 20 radix_x.c 572 100000000:2,200000001:1, 7
radix_x.c 377 100000000:1, 20 radix_x.c 571 100000000:2,200000001:1, 6
radix_x.c 590 100000000:2,200000001:1, 33 radix_x.c 188 100000000:1, 1
radix_x.c 715 100000000:10,200000001:10, 110 radix_x.c 188 100000000:1, 1
radix_x.c 1217 100000000:2,200000001:1, 11 radix_x.c 1216 100000000:2,200000001:1, 10
radix_x.c 1217 100000000:2,200000001:1, 11 radix_x.c 918 100000000:13,200000001:15, 133
radix_x.c 455  0 radix_x.c 1068 100000000:15,200000001:16, 147
radix_x.c 455  0 radix_x.c 1067 100000000:15,200000001:16, 146
radix_x.c 455  0 radix_x.c 1066 100000000:15,200000001:16, 145
radix_x.c 455  0 radix_x.c 674 100000000:9,200000001:9, 81
radix_x.c 455  0 radix_x.c 667 100000000:9,200000001:9, 77
radix_x.c 703 100000000:9,200000001:8, 106 radix_x.c 307 100000000:1, 10
radix_x.c 570 100000000:2,200000001:1, 5 radix_x.c 362 100000000:1, 18
radix_x.c 570 100000000:2,200000001:1, 5 radix_x.c 355 100000000:1, 17
radix_x.c 919 100000000:13,200000001:15, 134 radix_x.c 863 100000000:12,200000001:14, 110
radix_x.c 919 100000000:13,200000001:15, 134 radix_x.c 855 100000000:11,200000001:14, 108
radix_x.c 919 100000000:13,200000001:15, 134 radix_x.c 919 100000000:13,200000001:15, 134
radix_x.c 919 100000000:13,200000001:15, 134 radix_x.c 917 100000000:13,200000001:15, 132
radix_x.c 919 100000000:13,200000001:15, 134 radix_x.c 848 100000000:12,200000001:14, 124
radix_x.c 653 100000000:9,200000001:9, 75 radix_x.c 198 100000000:1, 2
radix_x.c 918 100000000:13,200000001:15, 133 radix_x.c 1216 100000000:2,200000001:1, 10
radix_x.c 918 100000000:13,200000001:15, 133 radix_x.c 918 100000000:13,200000001:15, 133
radix_x.c 918 100000000:13,200000001:15, 133 radix_x.c 672 100000000:9,200000001:9, 80
radix_x.c 918 100000000:13,200000001:15, 133 radix_x.c 1256  0
radix_x.c 918 100000000:13,200000001:15, 133 radix_x.c 1233  0
radix_x.c 918 100000000:13,200000001:15, 133 radix_x.c 915 100000000:13,200000001:15, 131
radix_x.c 1067 100000000:15,200000001:16, 146 radix_x.c 467  0
radix_x.c 1067 100000000:15,200000001:16, 146 radix_x.c 466  0
radix_x.c 1067 100000000:15,200000001:16, 146 radix_x.c 454  0
radix_x.c 1067 100000000:15,200000001:16, 146 radix_x.c 1068 100000000:15,200000001:16, 147
radix_x.c 1067 100000000:15,200000001:16, 146 radix_x.c 712 100000000:10,200000001:10, 91
radix_x.c 1067 100000000:15,200000001:16, 146 radix_x.c 464  0
radix_x.c 1067 100000000:15,200000001:16, 146 radix_x.c 452  0
radix_x.c 1067 100000000:15,200000001:16, 146 radix_x.c 1067 100000000:15,200000001:16, 146
radix_x.c 1067 100000000:15,200000001:16, 146 radix_x.c 463  0
radix_x.c 1067 100000000:15,200000001:16, 146 radix_x.c 451  0
radix_x.c 1067 100000000:15,200000001:16, 146 radix_x.c 1066 100000000:15,200000001:16, 145
radix_x.c 1067 100000000:15,200000001:16, 146 radix_x.c 676 100000000:9,200000001:9, 100
radix_x.c 1067 100000000:15,200000001:16, 146 radix_x.c 449  0
radix_x.c 1067 100000000:15,200000001:16, 146 radix_x.c 674 100000000:9,200000001:9, 81
radix_x.c 1067 100000000:15,200000001:16, 146 radix_x.c 477  0
radix_x.c 1067 100000000:15,200000001:16, 146 radix_x.c 460  0
radix_x.c 1067 100000000:15,200000001:16, 146 radix_x.c 667 100000000:9,200000001:9, 77
radix_x.c 1067 100000000:15,200000001:16, 146 radix_x.c 471  0
radix_x.c 1067 100000000:15,200000001:16, 146 radix_x.c 447  0
radix_x.c 1067 100000000:15,200000001:16, 146 radix_x.c 271 100000000:1, 8
radix_x.c 1067 100000000:15,200000001:16, 146 radix_x.c 470  0
radix_x.c 1067 100000000:15,200000001:16, 146 radix_x.c 457  0
radix_x.c 1067 100000000:15,200000001:16, 146 radix_x.c 469  0
radix_x.c 477  0 radix_x.c 1068 100000000:15,200000001:16, 147
radix_x.c 477  0 radix_x.c 1066 100000000:15,200000001:16, 145
radix_x.c 477  0 radix_x.c 674 100000000:9,200000001:9, 81
radix_x.c 477  0 radix_x.c 667 100000000:9,200000001:9, 77
radix_x.c 215 100000000:1, 4 radix_x.c 1216 100000000:2,200000001:1, 10
radix_x.c 621 100000000:3,200000001:2, 17 radix_x.c 188 100000000:1, 1
radix_x.c 1071 100000000:15,200000001:16, 148 radix_x.c 1071 100000000:15,200000001:16, 148
radix_x.c 1071 100000000:15,200000001:16, 148 radix_x.c 492 100000000:16,200000001:17, 152
radix_x.c 589 100000000:2,200000001:1, 32 radix_x.c 327 100000000:1, 13
radix_x.c 963 100000000:13,200000001:15, 137 radix_x.c 188 100000000:1, 1
radix_x.c 963 100000000:13,200000001:15, 137 radix_x.c 307 100000000:1, 10
radix_x.c 466  0 radix_x.c 1068 100000000:15,200000001:16, 147
radix_x.c 466  0 radix_x.c 1066 100000000:15,200000001:16, 145
radix_x.c 466  0 radix_x.c 674 100000000:9,200000001:9, 81
radix_x.c 466  0 radix_x.c 667 100000000:9,200000001:9, 77
radix_x.c 744  0 radix_x.c 855 100000000:11,200000001:14, 108
radix_x.c 744  0 radix_x.c 744  0
radix_x.c 744  0 radix_x.c 712 100000000:10,200000001:10, 91
radix_x.c 897 100000000:11,200000001:14, 114 radix_x.c 307 100000000:1, 10
radix_x.c 452  0 radix_x.c 1068 100000000:15,200000001:16, 147
radix_x.c 452  0 radix_x.c 1066 100000000:15,200000001:16, 145
radix_x.c 452  0 radix_x.c 674 100000000:9,200000001:9, 81
radix_x.c 452  0 radix_x.c 667 100000000:9,200000001:9, 77
radix_x.c 355 100000000:1, 17 radix_x.c 569 100000000:2,200000001:1, 4
radix_x.c 848 100000000:12,200000001:14, 124 radix_x.c 863 100000000:12,200000001:14, 110
radix_x.c 848 100000000:12,200000001:14, 124 radix_x.c 855 100000000:11,200000001:14, 108
radix_x.c 848 100000000:12,200000001:14, 124 radix_x.c 917 100000000:13,200000001:15, 132
radix_x.c 848 100000000:12,200000001:14, 124 radix_x.c 848 100000000:12,200000001:14, 124
radix_x.c 203 100000000:1, 3 radix_x.c 652 100000000:9,200000001:9, 74
radix_x.c 670 100000000:9,200000001:9, 79 radix_x.c 253 100000000:1, 7
radix_x.c 670 100000000:9,200000001:9, 79 radix_x.c 252 100000000:1, 6
radix_x.c 674 100000000:9,200000001:9, 81 radix_x.c 467  0
radix_x.c 674 100000000:9,200000001:9, 81 radix_x.c 454  0
radix_x.c 674 100000000:9,200000001:9, 81 radix_x.c 1068 100000000:15,200000001:16, 147
radix_x.c 674 100000000:9,200000001:9, 81 radix_x.c 712 100000000:10,200000001:10, 91
radix_x.c 674 100000000:9,200000001:9, 81 radix_x.c 464  0
radix_x.c 674 100000000:9,200000001:9, 81 radix_x.c 463  0
radix_x.c 674 100000000:9,200000001:9, 81 radix_x.c 451  0
radix_x.c 674 100000000:9,200000001:9, 81 radix_x.c 1066 100000000:15,200000001:16, 145
radix_x.c 674 100000000:9,200000001:9, 81 radix_x.c 676 100000000:9,200000001:9, 100
radix_x.c 674 100000000:9,200000001:9, 81 radix_x.c 449  0
radix_x.c 674 100000000:9,200000001:9, 81 radix_x.c 674 100000000:9,200000001:9, 81
radix_x.c 674 100000000:9,200000001:9, 81 radix_x.c 460  0
radix_x.c 674 100000000:9,200000001:9, 81 radix_x.c 667 100000000:9,200000001:9, 77
radix_x.c 674 100000000:9,200000001:9, 81 radix_x.c 471  0
radix_x.c 674 100000000:9,200000001:9, 81 radix_x.c 447  0
radix_x.c 674 100000000:9,200000001:9, 81 radix_x.c 271 100000000:1, 8
radix_x.c 674 100000000:9,200000001:9, 81 radix_x.c 470  0
radix_x.c 674 100000000:9,200000001:9, 81 radix_x.c 457  0
radix_x.c 674 100000000:9,200000001:9, 81 radix_x.c 469  0
radix_x.c 470  0 radix_x.c 1068 100000000:15,200000001:16, 147
radix_x.c 470  0 radix_x.c 1066 100000000:15,200000001:16, 145
radix_x.c 470  0 radix_x.c 667 100000000:9,200000001:9, 77
radix_x.c 506  0 radix_x.c 1073 100000000:15,200000001:16, 150
radix_x.c 819 100000000:12,200000001:12, 119 radix_x.c 198 100000000:1, 2
radix_x.c 573 100000000:2,200000001:1, 8 radix_x.c 198 100000000:1, 2
radix_x.c 747 100000000:10,200000001:11, 94 radix_x.c 198 100000000:1, 2
radix_x.c 936 100000000:13,200000001:15, 135 radix_x.c 340 100000000:1, 16
radix_x.c 463  0 radix_x.c 1068 100000000:15,200000001:16, 147
radix_x.c 463  0 radix_x.c 1066 100000000:15,200000001:16, 145
radix_x.c 463  0 radix_x.c 667 100000000:9,200000001:9, 77
radix_x.c 820 100000000:12,200000001:12, 120 radix_x.c 863 100000000:12,200000001:14, 110
radix_x.c 820 100000000:12,200000001:12, 120 radix_x.c 820 100000000:12,200000001:12, 120
radix_x.c 820 100000000:12,200000001:12, 120 radix_x.c 743  0
radix_x.c 449  0 radix_x.c 1068 100000000:15,200000001:16, 147
radix_x.c 449  0 radix_x.c 1066 100000000:15,200000001:16, 145
radix_x.c 449  0 radix_x.c 667 100000000:9,200000001:9, 77
radix_x.c 692 100000000:9,200000001:9, 104 radix_x.c 188 100000000:1, 1
radix_x.c 692 100000000:9,200000001:9, 104 radix_x.c 307 100000000:1, 10
radix_x.c 845 100000000:12,200000001:14, 122 radix_x.c 188 100000000:1, 1
radix_x.c 252 100000000:1, 6 radix_x.c 1208 100000000:2,200000001:1, 9
radix_x.c 271 100000000:1, 8 radix_x.c 1068 100000000:15,200000001:16, 147
radix_x.c 271 100000000:1, 8 radix_x.c 1066 100000000:15,200000001:16, 145
radix_x.c 271 100000000:1, 8 radix_x.c 667 100000000:9,200000001:9, 77
radix_x.c 271 100000000:1, 8 radix_x.c 712 100000000:10,200000001:10, 91
radix_x.c 271 100000000:1, 8 radix_x.c 676 100000000:9,200000001:9, 100
radix_x.c 467  0 radix_x.c 1068 100000000:15,200000001:16, 147
radix_x.c 467  0 radix_x.c 1066 100000000:15,200000001:16, 145
radix_x.c 467  0 radix_x.c 667 100000000:9,200000001:9, 77
radix_x.c 496  0 radix_x.c 1072 100000000:15,200000001:16, 149
radix_x.c 592 100000000:2,200000001:2, 15 radix_x.c 327 100000000:1, 13
radix_x.c 790 100000000:12,200000001:13, 117 radix_x.c 188 100000000:1, 1
radix_x.c 1023 100000000:14,200000001:16, 126 radix_x.c 188 100000000:1, 1
radix_x.c 1023 100000000:14,200000001:16, 126 radix_x.c 307 100000000:1, 10
radix_x.c 334 100000000:1, 14 radix_x.c 756 100000000:10,200000001:11, 96
radix_x.c 1256  0 radix_x.c 1216 100000000:2,200000001:1, 10
radix_x.c 460  0 radix_x.c 1068 100000000:15,200000001:16, 147
radix_x.c 460  0 radix_x.c 1066 100000000:15,200000001:16, 145
radix_x.c 460  0 radix_x.c 667 100000000:9,200000001:9, 77
radix_x.c 743  0 radix_x.c 863 100000000:12,200000001:14, 110
radix_x.c 743  0 radix_x.c 743  0
radix_x.c 447  0 radix_x.c 1068 100000000:15,200000001:16, 147
radix_x.c 447  0 radix_x.c 1066 100000000:15,200000001:16, 145
radix_x.c 447  0 radix_x.c 667 100000000:9,200000001:9, 77
radix_x.c 826 100000000:12,200000001:13, 121 radix_x.c 188 100000000:1, 1
radix_x.c 712 100000000:10,200000001:10, 91 radix_x.c 1068 100000000:15,200000001:16, 147
radix_x.c 712 100000000:10,200000001:10, 91 radix_x.c 1066 100000000:15,200000001:16, 145
radix_x.c 712 100000000:10,200000001:10, 91 radix_x.c 667 100000000:9,200000001:9, 77
radix_x.c 712 100000000:10,200000001:10, 91 radix_x.c 855 100000000:11,200000001:14, 108
radix_x.c 712 100000000:10,200000001:10, 91 radix_x.c 712 100000000:10,200000001:10, 91
radix_x.c 1072 100000000:15,200000001:16, 149 radix_x.c 1072 100000000:15,200000001:16, 149
radix_x.c 188 100000000:1, 1 radix_x.c 773 100000000:11,200000001:12, 98
radix_x.c 188 100000000:1, 1 radix_x.c 792 100000000:12,200000001:12, 118
radix_x.c 188 100000000:1, 1 radix_x.c 716 100000000:10,200000001:10, 111
radix_x.c 985 100000000:13,200000001:14, 139 radix_x.c 307 100000000:1, 10
radix_x.c 1233  0 radix_x.c 1216 100000000:2,200000001:1, 10
radix_x.c 457  0 radix_x.c 1068 100000000:15,200000001:16, 147
radix_x.c 457  0 radix_x.c 1066 100000000:15,200000001:16, 145
radix_x.c 457  0 radix_x.c 667 100000000:9,200000001:9, 77
radix_x.c 710 100000000:10,200000001:10, 89 radix_x.c 198 100000000:1, 2
radix_x.c 854 100000000:11,200000001:14, 107 radix_x.c 198 100000000:1, 2
radix_x.c 666 100000000:9,200000001:9, 76 radix_x.c 198 100000000:1, 2
radix_x.c 1216 100000000:2,200000001:1, 10 radix_x.c 1216 100000000:2,200000001:1, 10
radix_x.c 1216 100000000:2,200000001:1, 10 radix_x.c 672 100000000:9,200000001:9, 80
radix_x.c 1216 100000000:2,200000001:1, 10 radix_x.c 915 100000000:13,200000001:15, 131
radix_x.c 1068 100000000:15,200000001:16, 147 radix_x.c 454  0
radix_x.c 1068 100000000:15,200000001:16, 147 radix_x.c 1068 100000000:15,200000001:16, 147
radix_x.c 1068 100000000:15,200000001:16, 147 radix_x.c 464  0
radix_x.c 1068 100000000:15,200000001:16, 147 radix_x.c 451  0
radix_x.c 1068 100000000:15,200000001:16, 147 radix_x.c 1066 100000000:15,200000001:16, 145
radix_x.c 1068 100000000:15,200000001:16, 147 radix_x.c 676 100000000:9,200000001:9, 100
radix_x.c 1068 100000000:15,200000001:16, 147 radix_x.c 667 100000000:9,200000001:9, 77
radix_x.c 1068 100000000:15,200000001:16, 147 radix_x.c 471  0
radix_x.c 1068 100000000:15,200000001:16, 147 radix_x.c 469  0
radix_x.c 676 100000000:9,200000001:9, 100 radix_x.c 1066 100000000:15,200000001:16, 145
radix_x.c 676 100000000:9,200000001:9, 100 radix_x.c 667 100000000:9,200000001:9, 77
radix_x.c 623 100000000:4,200000001:2, 39 radix_x.c 327 100000000:1, 13
radix_x.c 327 100000000:1, 13 radix_x.c 620 100000000:3,200000001:2, 16
radix_x.c 327 100000000:1, 13 radix_x.c 600 100000000:2, 34
radix_x.c 773 100000000:11,200000001:12, 98 radix_x.c 307 100000000:1, 10
radix_x.c 855 100000000:11,200000001:14, 108 radix_x.c 863 100000000:12,200000001:14, 110
radix_x.c 855 100000000:11,200000001:14, 108 radix_x.c 855 100000000:11,200000001:14, 108
radix_x.c 855 100000000:11,200000001:14, 108 radix_x.c 917 100000000:13,200000001:15, 132
radix_x.c 454  0 radix_x.c 1066 100000000:15,200000001:16, 145
radix_x.c 454  0 radix_x.c 667 100000000:9,200000001:9, 77
radix_x.c 362 100000000:1, 18 radix_x.c 569 100000000:2,200000001:1, 4
radix_x.c 917 100000000:13,200000001:15, 132 radix_x.c 863 100000000:12,200000001:14, 110
radix_x.c 245 100000000:1, 5 radix_x.c 652 100000000:9,200000001:9, 74
radix_x.c 1066 100000000:15,200000001:16, 145 radix_x.c 464  0
radix_x.c 1066 100000000:15,200000001:16, 145 radix_x.c 451  0
radix_x.c 1066 100000000:15,200000001:16, 145 radix_x.c 1066 100000000:15,200000001:16, 145
radix_x.c 1066 100000000:15,200000001:16, 145 radix_x.c 667 100000000:9,200000001:9, 77
radix_x.c 1066 100000000:15,200000001:16, 145 radix_x.c 471  0
radix_x.c 1066 100000000:15,200000001:16, 145 radix_x.c 469  0
radix_x.c 471  0 radix_x.c 667 100000000:9,200000001:9, 77
radix_x.c 1208 100000000:2,200000001:1, 9 radix_x.c 253 100000000:1, 7
radix_x.c 1045 100000000:13,200000001:16, 128 radix_x.c 307 100000000:1, 10
radix_x.c 198 100000000:1, 2 radix_x.c 847 100000000:12,200000001:14, 123
radix_x.c 464  0 radix_x.c 667 100000000:9,200000001:9, 77
radix_x.c 863 100000000:12,200000001:14, 110 radix_x.c 863 100000000:12,200000001:14, 110
radix_x.c 451  0 radix_x.c 667 100000000:9,200000001:9, 77
radix_x.c 667 100000000:9,200000001:9, 77 radix_x.c 667 100000000:9,200000001:9, 77
radix_x.c 667 100000000:9,200000001:9, 77 radix_x.c 469  0
radix_x.c 1073 100000000:15,200000001:16, 150 radix_x.c 1073 100000000:15,200000001:16, 150
