fft_x.c 1401 100000000:6,200000001:5, 76 fft_x.c 1299 100000000:6,200000001:6, 68
fft_x.c 1401 100000000:6,200000001:5, 76 fft_x.c 1408 100000000:6,200000001:5, 81
fft_x.c 1401 100000000:6,200000001:5, 76 fft_x.c 1351  0
fft_x.c 1401 100000000:6,200000001:5, 76 fft_x.c 1298 100000000:6,200000001:6, 67
fft_x.c 1401 100000000:6,200000001:5, 76 fft_x.c 1407 100000000:6,200000001:5, 80
fft_x.c 1401 100000000:6,200000001:5, 76 fft_x.c 1336 100000000:7,200000001:6, 92
fft_x.c 1401 100000000:6,200000001:5, 76 fft_x.c 1258  0
fft_x.c 1401 100000000:6,200000001:5, 76 fft_x.c 777 100000000:1, 17
fft_x.c 1401 100000000:6,200000001:5, 76 fft_x.c 1406 100000000:6,200000001:5, 79
fft_x.c 1401 100000000:6,200000001:5, 76 fft_x.c 1335 100000000:7,200000001:6, 91
fft_x.c 1401 100000000:6,200000001:5, 76 fft_x.c 1257  0
fft_x.c 1401 100000000:6,200000001:5, 76 fft_x.c 776 100000000:1, 16
fft_x.c 1401 100000000:6,200000001:5, 76 fft_x.c 1365 100000000:6,200000001:5, 74
fft_x.c 1401 100000000:6,200000001:5, 76 fft_x.c 1318 100000000:7,200000001:5, 90
fft_x.c 1401 100000000:6,200000001:5, 76 fft_x.c 1247 100000000:5,200000001:4, 62
fft_x.c 1401 100000000:6,200000001:5, 76 fft_x.c 1364 100000000:6,200000001:5, 73
fft_x.c 1401 100000000:6,200000001:5, 76 fft_x.c 1317 100000000:7,200000001:5, 89
fft_x.c 1401 100000000:6,200000001:5, 76 fft_x.c 1246 100000000:5,200000001:4, 61
fft_x.c 1401 100000000:6,200000001:5, 76 fft_x.c 1409 100000000:6,200000001:5, 82
fft_x.c 1401 100000000:6,200000001:5, 76 fft_x.c 1352  0
fft_x.c 622 100000000:3,200000001:2, 9 fft_x.c 237 100000000:1, 5
fft_x.c 622 100000000:3,200000001:2, 9 fft_x.c 179 100000000:1, 1
fft_x.c 1364 100000000:6,200000001:5, 73 fft_x.c 1365 100000000:6,200000001:5, 74
fft_x.c 1364 100000000:6,200000001:5, 73 fft_x.c 1405 100000000:6,200000001:5, 78
fft_x.c 1364 100000000:6,200000001:5, 73 fft_x.c 1299 100000000:6,200000001:6, 68
fft_x.c 1364 100000000:6,200000001:5, 73 fft_x.c 777 100000000:1, 17
fft_x.c 1364 100000000:6,200000001:5, 73 fft_x.c 1364 100000000:6,200000001:5, 73
fft_x.c 1364 100000000:6,200000001:5, 73 fft_x.c 1404 100000000:6,200000001:5, 77
fft_x.c 1364 100000000:6,200000001:5, 73 fft_x.c 1298 100000000:6,200000001:6, 67
fft_x.c 1364 100000000:6,200000001:5, 73 fft_x.c 776 100000000:1, 16
fft_x.c 1364 100000000:6,200000001:5, 73 fft_x.c 1352  0
fft_x.c 1364 100000000:6,200000001:5, 73 fft_x.c 1258  0
fft_x.c 1364 100000000:6,200000001:5, 73 fft_x.c 742  0
fft_x.c 1364 100000000:6,200000001:5, 73 fft_x.c 1351  0
fft_x.c 1364 100000000:6,200000001:5, 73 fft_x.c 1400 100000000:6,200000001:5, 75
fft_x.c 1364 100000000:6,200000001:5, 73 fft_x.c 1257  0
fft_x.c 1364 100000000:6,200000001:5, 73 fft_x.c 1409 100000000:6,200000001:5, 82
fft_x.c 1364 100000000:6,200000001:5, 73 fft_x.c 1336 100000000:7,200000001:6, 92
fft_x.c 1364 100000000:6,200000001:5, 73 fft_x.c 760  0
fft_x.c 1364 100000000:6,200000001:5, 73 fft_x.c 1247 100000000:5,200000001:4, 62
fft_x.c 1364 100000000:6,200000001:5, 73 fft_x.c 1408 100000000:6,200000001:5, 81
fft_x.c 1364 100000000:6,200000001:5, 73 fft_x.c 1335 100000000:7,200000001:6, 91
fft_x.c 1364 100000000:6,200000001:5, 73 fft_x.c 1246 100000000:5,200000001:4, 61
fft_x.c 1364 100000000:6,200000001:5, 73 fft_x.c 1245 100000000:5,200000001:4, 60
fft_x.c 1364 100000000:6,200000001:5, 73 fft_x.c 1407 100000000:6,200000001:5, 80
fft_x.c 1364 100000000:6,200000001:5, 73 fft_x.c 1318 100000000:7,200000001:5, 90
fft_x.c 1364 100000000:6,200000001:5, 73 fft_x.c 1244 100000000:5,200000001:4, 59
fft_x.c 1364 100000000:6,200000001:5, 73 fft_x.c 1406 100000000:6,200000001:5, 79
fft_x.c 1364 100000000:6,200000001:5, 73 fft_x.c 1423  0
fft_x.c 1364 100000000:6,200000001:5, 73 fft_x.c 1317 100000000:7,200000001:5, 89
fft_x.c 1203 100000000:9,200000001:7, 101 fft_x.c 379 100000000:1, 14
fft_x.c 1258  0 fft_x.c 1365 100000000:6,200000001:5, 74
fft_x.c 1258  0 fft_x.c 1405 100000000:6,200000001:5, 78
fft_x.c 1258  0 fft_x.c 1299 100000000:6,200000001:6, 68
fft_x.c 1258  0 fft_x.c 777 100000000:1, 17
fft_x.c 1258  0 fft_x.c 1404 100000000:6,200000001:5, 77
fft_x.c 1258  0 fft_x.c 1298 100000000:6,200000001:6, 67
fft_x.c 1258  0 fft_x.c 776 100000000:1, 16
fft_x.c 1258  0 fft_x.c 1352  0
fft_x.c 1258  0 fft_x.c 1258  0
fft_x.c 1258  0 fft_x.c 742  0
fft_x.c 1258  0 fft_x.c 1351  0
fft_x.c 1258  0 fft_x.c 1400 100000000:6,200000001:5, 75
fft_x.c 1258  0 fft_x.c 1257  0
fft_x.c 1258  0 fft_x.c 1409 100000000:6,200000001:5, 82
fft_x.c 1258  0 fft_x.c 1336 100000000:7,200000001:6, 92
fft_x.c 1258  0 fft_x.c 760  0
fft_x.c 1258  0 fft_x.c 1247 100000000:5,200000001:4, 62
fft_x.c 1258  0 fft_x.c 1408 100000000:6,200000001:5, 81
fft_x.c 1258  0 fft_x.c 1335 100000000:7,200000001:6, 91
fft_x.c 1258  0 fft_x.c 1246 100000000:5,200000001:4, 61
fft_x.c 1258  0 fft_x.c 1245 100000000:5,200000001:4, 60
fft_x.c 1258  0 fft_x.c 1407 100000000:6,200000001:5, 80
fft_x.c 1258  0 fft_x.c 1318 100000000:7,200000001:5, 90
fft_x.c 1258  0 fft_x.c 1244 100000000:5,200000001:4, 59
fft_x.c 1258  0 fft_x.c 1406 100000000:6,200000001:5, 79
fft_x.c 1258  0 fft_x.c 1423  0
fft_x.c 1258  0 fft_x.c 1317 100000000:7,200000001:5, 89
fft_x.c 1136 100000000:7,200000001:6, 93 fft_x.c 379 100000000:1, 14
fft_x.c 466  0 fft_x.c 720 100000000:8,200000001:8, 81
fft_x.c 466  0 fft_x.c 721 100000000:8,200000001:8, 82
fft_x.c 579 100000000:2,200000001:1, 24 fft_x.c 379 100000000:1, 14
fft_x.c 741  0 fft_x.c 237 100000000:1, 5
fft_x.c 960 100000000:5,200000001:4, 64 fft_x.c 377 100000000:1, 13
fft_x.c 960 100000000:5,200000001:4, 64 fft_x.c 179 100000000:1, 1
fft_x.c 704  0 fft_x.c 253  0
fft_x.c 704  0 fft_x.c 302 100000000:1, 12
fft_x.c 704  0 fft_x.c 236 100000000:1, 4
fft_x.c 704  0 fft_x.c 301 100000000:1, 10
fft_x.c 704  0 fft_x.c 211  0
fft_x.c 704  0 fft_x.c 300 100000000:1, 11
fft_x.c 704  0 fft_x.c 265  0
fft_x.c 704  0 fft_x.c 189 100000000:1, 2
fft_x.c 704  0 fft_x.c 279 100000000:1, 9
fft_x.c 704  0 fft_x.c 263 100000000:1, 6
fft_x.c 704  0 fft_x.c 277 100000000:1, 8
fft_x.c 704  0 fft_x.c 255  0
fft_x.c 704  0 fft_x.c 209  0
fft_x.c 704  0 fft_x.c 276 100000000:1, 7
fft_x.c 724 100000000:8,200000001:8, 83 fft_x.c 724 100000000:8,200000001:8, 83
fft_x.c 724 100000000:8,200000001:8, 83 fft_x.c 518 100000000:10,200000001:8, 109
fft_x.c 724 100000000:8,200000001:8, 83 fft_x.c 514 100000000:10,200000001:8, 108
fft_x.c 724 100000000:8,200000001:8, 83 fft_x.c 512 100000000:10,200000001:8, 107
fft_x.c 724 100000000:8,200000001:8, 83 fft_x.c 510 100000000:10,200000001:8, 106
fft_x.c 699 100000000:4,200000001:3, 36 fft_x.c 253  0
fft_x.c 699 100000000:4,200000001:3, 36 fft_x.c 302 100000000:1, 12
fft_x.c 699 100000000:4,200000001:3, 36 fft_x.c 236 100000000:1, 4
fft_x.c 699 100000000:4,200000001:3, 36 fft_x.c 301 100000000:1, 10
fft_x.c 699 100000000:4,200000001:3, 36 fft_x.c 211  0
fft_x.c 699 100000000:4,200000001:3, 36 fft_x.c 300 100000000:1, 11
fft_x.c 699 100000000:4,200000001:3, 36 fft_x.c 265  0
fft_x.c 699 100000000:4,200000001:3, 36 fft_x.c 189 100000000:1, 2
fft_x.c 699 100000000:4,200000001:3, 36 fft_x.c 279 100000000:1, 9
fft_x.c 699 100000000:4,200000001:3, 36 fft_x.c 263 100000000:1, 6
fft_x.c 699 100000000:4,200000001:3, 36 fft_x.c 277 100000000:1, 8
fft_x.c 699 100000000:4,200000001:3, 36 fft_x.c 255  0
fft_x.c 699 100000000:4,200000001:3, 36 fft_x.c 209  0
fft_x.c 699 100000000:4,200000001:3, 36 fft_x.c 276 100000000:1, 7
fft_x.c 483  0 fft_x.c 720 100000000:8,200000001:8, 81
fft_x.c 483  0 fft_x.c 721 100000000:8,200000001:8, 82
fft_x.c 1282  0 fft_x.c 250  0
fft_x.c 1282  0 fft_x.c 196 100000000:1, 3
fft_x.c 301 100000000:1, 10 fft_x.c 625  0
fft_x.c 760  0 fft_x.c 1299 100000000:6,200000001:6, 68
fft_x.c 760  0 fft_x.c 1408 100000000:6,200000001:5, 81
fft_x.c 760  0 fft_x.c 1351  0
fft_x.c 760  0 fft_x.c 1298 100000000:6,200000001:6, 67
fft_x.c 760  0 fft_x.c 1407 100000000:6,200000001:5, 80
fft_x.c 760  0 fft_x.c 1336 100000000:7,200000001:6, 92
fft_x.c 760  0 fft_x.c 1406 100000000:6,200000001:5, 79
fft_x.c 760  0 fft_x.c 1335 100000000:7,200000001:6, 91
fft_x.c 760  0 fft_x.c 1257  0
fft_x.c 760  0 fft_x.c 1365 100000000:6,200000001:5, 74
fft_x.c 760  0 fft_x.c 1318 100000000:7,200000001:5, 90
fft_x.c 760  0 fft_x.c 1247 100000000:5,200000001:4, 62
fft_x.c 760  0 fft_x.c 1317 100000000:7,200000001:5, 89
fft_x.c 760  0 fft_x.c 1246 100000000:5,200000001:4, 61
fft_x.c 760  0 fft_x.c 1409 100000000:6,200000001:5, 82
fft_x.c 760  0 fft_x.c 1352  0
fft_x.c 797 100000000:1, 18 fft_x.c 619 100000000:3,200000001:2, 8
fft_x.c 1351  0 fft_x.c 1365 100000000:6,200000001:5, 74
fft_x.c 1351  0 fft_x.c 1405 100000000:6,200000001:5, 78
fft_x.c 1351  0 fft_x.c 1299 100000000:6,200000001:6, 68
fft_x.c 1351  0 fft_x.c 777 100000000:1, 17
fft_x.c 1351  0 fft_x.c 1404 100000000:6,200000001:5, 77
fft_x.c 1351  0 fft_x.c 1298 100000000:6,200000001:6, 67
fft_x.c 1351  0 fft_x.c 776 100000000:1, 16
fft_x.c 1351  0 fft_x.c 1352  0
fft_x.c 1351  0 fft_x.c 742  0
fft_x.c 1351  0 fft_x.c 1351  0
fft_x.c 1351  0 fft_x.c 1400 100000000:6,200000001:5, 75
fft_x.c 1351  0 fft_x.c 1257  0
fft_x.c 1351  0 fft_x.c 1409 100000000:6,200000001:5, 82
fft_x.c 1351  0 fft_x.c 1336 100000000:7,200000001:6, 92
fft_x.c 1351  0 fft_x.c 1247 100000000:5,200000001:4, 62
fft_x.c 1351  0 fft_x.c 1408 100000000:6,200000001:5, 81
fft_x.c 1351  0 fft_x.c 1335 100000000:7,200000001:6, 91
fft_x.c 1351  0 fft_x.c 1246 100000000:5,200000001:4, 61
fft_x.c 1351  0 fft_x.c 1245 100000000:5,200000001:4, 60
fft_x.c 1351  0 fft_x.c 1407 100000000:6,200000001:5, 80
fft_x.c 1351  0 fft_x.c 1318 100000000:7,200000001:5, 90
fft_x.c 1351  0 fft_x.c 1244 100000000:5,200000001:4, 59
fft_x.c 1351  0 fft_x.c 1406 100000000:6,200000001:5, 79
fft_x.c 1351  0 fft_x.c 1423  0
fft_x.c 1351  0 fft_x.c 1317 100000000:7,200000001:5, 89
fft_x.c 1197 100000000:8,200000001:7, 76 fft_x.c 379 100000000:1, 14
fft_x.c 475  0 fft_x.c 720 100000000:8,200000001:8, 81
fft_x.c 475  0 fft_x.c 721 100000000:8,200000001:8, 82
fft_x.c 603 100000000:2, 26 fft_x.c 377 100000000:1, 13
fft_x.c 1247 100000000:5,200000001:4, 62 fft_x.c 1365 100000000:6,200000001:5, 74
fft_x.c 1247 100000000:5,200000001:4, 62 fft_x.c 1405 100000000:6,200000001:5, 78
fft_x.c 1247 100000000:5,200000001:4, 62 fft_x.c 1299 100000000:6,200000001:6, 68
fft_x.c 1247 100000000:5,200000001:4, 62 fft_x.c 777 100000000:1, 17
fft_x.c 1247 100000000:5,200000001:4, 62 fft_x.c 1404 100000000:6,200000001:5, 77
fft_x.c 1247 100000000:5,200000001:4, 62 fft_x.c 1298 100000000:6,200000001:6, 67
fft_x.c 1247 100000000:5,200000001:4, 62 fft_x.c 776 100000000:1, 16
fft_x.c 1247 100000000:5,200000001:4, 62 fft_x.c 1352  0
fft_x.c 1247 100000000:5,200000001:4, 62 fft_x.c 742  0
fft_x.c 1247 100000000:5,200000001:4, 62 fft_x.c 1400 100000000:6,200000001:5, 75
fft_x.c 1247 100000000:5,200000001:4, 62 fft_x.c 1257  0
fft_x.c 1247 100000000:5,200000001:4, 62 fft_x.c 1409 100000000:6,200000001:5, 82
fft_x.c 1247 100000000:5,200000001:4, 62 fft_x.c 1336 100000000:7,200000001:6, 92
fft_x.c 1247 100000000:5,200000001:4, 62 fft_x.c 1247 100000000:5,200000001:4, 62
fft_x.c 1247 100000000:5,200000001:4, 62 fft_x.c 1408 100000000:6,200000001:5, 81
fft_x.c 1247 100000000:5,200000001:4, 62 fft_x.c 1335 100000000:7,200000001:6, 91
fft_x.c 1247 100000000:5,200000001:4, 62 fft_x.c 1246 100000000:5,200000001:4, 61
fft_x.c 1247 100000000:5,200000001:4, 62 fft_x.c 1245 100000000:5,200000001:4, 60
fft_x.c 1247 100000000:5,200000001:4, 62 fft_x.c 1407 100000000:6,200000001:5, 80
fft_x.c 1247 100000000:5,200000001:4, 62 fft_x.c 1318 100000000:7,200000001:5, 90
fft_x.c 1247 100000000:5,200000001:4, 62 fft_x.c 1244 100000000:5,200000001:4, 59
fft_x.c 1247 100000000:5,200000001:4, 62 fft_x.c 1406 100000000:6,200000001:5, 79
fft_x.c 1247 100000000:5,200000001:4, 62 fft_x.c 1423  0
fft_x.c 1247 100000000:5,200000001:4, 62 fft_x.c 1317 100000000:7,200000001:5, 89
fft_x.c 1072 100000000:6,200000001:4, 86 fft_x.c 379 100000000:1, 14
fft_x.c 464  0 fft_x.c 720 100000000:8,200000001:8, 81
fft_x.c 464  0 fft_x.c 721 100000000:8,200000001:8, 82
fft_x.c 383 100000000:1, 15 fft_x.c 551 100000000:2,200000001:1, 23
fft_x.c 383 100000000:1, 15 fft_x.c 550 100000000:2,200000001:1, 22
fft_x.c 736  0 fft_x.c 237 100000000:1, 5
fft_x.c 890 100000000:4,200000001:2, 39 fft_x.c 377 100000000:1, 13
fft_x.c 265  0 fft_x.c 740  0
fft_x.c 494  0 fft_x.c 720 100000000:8,200000001:8, 81
fft_x.c 494  0 fft_x.c 721 100000000:8,200000001:8, 82
fft_x.c 684 100000000:4,200000001:2, 35 fft_x.c 209  0
fft_x.c 618 100000000:3,200000001:2, 7 fft_x.c 237 100000000:1, 5
fft_x.c 480  0 fft_x.c 720 100000000:8,200000001:8, 81
fft_x.c 480  0 fft_x.c 721 100000000:8,200000001:8, 82
fft_x.c 196 100000000:1, 3 fft_x.c 1281 100000000:7,200000001:6, 65
fft_x.c 279 100000000:1, 9 fft_x.c 625  0
fft_x.c 1409 100000000:6,200000001:5, 82 fft_x.c 1365 100000000:6,200000001:5, 74
fft_x.c 1409 100000000:6,200000001:5, 82 fft_x.c 1405 100000000:6,200000001:5, 78
fft_x.c 1409 100000000:6,200000001:5, 82 fft_x.c 1299 100000000:6,200000001:6, 68
fft_x.c 1409 100000000:6,200000001:5, 82 fft_x.c 777 100000000:1, 17
fft_x.c 1409 100000000:6,200000001:5, 82 fft_x.c 1404 100000000:6,200000001:5, 77
fft_x.c 1409 100000000:6,200000001:5, 82 fft_x.c 1298 100000000:6,200000001:6, 67
fft_x.c 1409 100000000:6,200000001:5, 82 fft_x.c 776 100000000:1, 16
fft_x.c 1409 100000000:6,200000001:5, 82 fft_x.c 1352  0
fft_x.c 1409 100000000:6,200000001:5, 82 fft_x.c 742  0
fft_x.c 1409 100000000:6,200000001:5, 82 fft_x.c 1400 100000000:6,200000001:5, 75
fft_x.c 1409 100000000:6,200000001:5, 82 fft_x.c 1257  0
fft_x.c 1409 100000000:6,200000001:5, 82 fft_x.c 1409 100000000:6,200000001:5, 82
fft_x.c 1409 100000000:6,200000001:5, 82 fft_x.c 1336 100000000:7,200000001:6, 92
fft_x.c 1409 100000000:6,200000001:5, 82 fft_x.c 1408 100000000:6,200000001:5, 81
fft_x.c 1409 100000000:6,200000001:5, 82 fft_x.c 1335 100000000:7,200000001:6, 91
fft_x.c 1409 100000000:6,200000001:5, 82 fft_x.c 1246 100000000:5,200000001:4, 61
fft_x.c 1409 100000000:6,200000001:5, 82 fft_x.c 1245 100000000:5,200000001:4, 60
fft_x.c 1409 100000000:6,200000001:5, 82 fft_x.c 1407 100000000:6,200000001:5, 80
fft_x.c 1409 100000000:6,200000001:5, 82 fft_x.c 1318 100000000:7,200000001:5, 90
fft_x.c 1409 100000000:6,200000001:5, 82 fft_x.c 1244 100000000:5,200000001:4, 59
fft_x.c 1409 100000000:6,200000001:5, 82 fft_x.c 1406 100000000:6,200000001:5, 79
fft_x.c 1409 100000000:6,200000001:5, 82 fft_x.c 1423  0
fft_x.c 1409 100000000:6,200000001:5, 82 fft_x.c 1317 100000000:7,200000001:5, 89
fft_x.c 1244 100000000:5,200000001:4, 59 fft_x.c 1299 100000000:6,200000001:6, 68
fft_x.c 1244 100000000:5,200000001:4, 59 fft_x.c 1408 100000000:6,200000001:5, 81
fft_x.c 1244 100000000:5,200000001:4, 59 fft_x.c 1298 100000000:6,200000001:6, 67
fft_x.c 1244 100000000:5,200000001:4, 59 fft_x.c 1407 100000000:6,200000001:5, 80
fft_x.c 1244 100000000:5,200000001:4, 59 fft_x.c 1336 100000000:7,200000001:6, 92
fft_x.c 1244 100000000:5,200000001:4, 59 fft_x.c 777 100000000:1, 17
fft_x.c 1244 100000000:5,200000001:4, 59 fft_x.c 1406 100000000:6,200000001:5, 79
fft_x.c 1244 100000000:5,200000001:4, 59 fft_x.c 1335 100000000:7,200000001:6, 91
fft_x.c 1244 100000000:5,200000001:4, 59 fft_x.c 1257  0
fft_x.c 1244 100000000:5,200000001:4, 59 fft_x.c 776 100000000:1, 16
fft_x.c 1244 100000000:5,200000001:4, 59 fft_x.c 1365 100000000:6,200000001:5, 74
fft_x.c 1244 100000000:5,200000001:4, 59 fft_x.c 1318 100000000:7,200000001:5, 90
fft_x.c 1244 100000000:5,200000001:4, 59 fft_x.c 1317 100000000:7,200000001:5, 89
fft_x.c 1244 100000000:5,200000001:4, 59 fft_x.c 1246 100000000:5,200000001:4, 61
fft_x.c 1244 100000000:5,200000001:4, 59 fft_x.c 1352  0
fft_x.c 1335 100000000:7,200000001:6, 91 fft_x.c 1365 100000000:6,200000001:5, 74
fft_x.c 1335 100000000:7,200000001:6, 91 fft_x.c 1405 100000000:6,200000001:5, 78
fft_x.c 1335 100000000:7,200000001:6, 91 fft_x.c 1299 100000000:6,200000001:6, 68
fft_x.c 1335 100000000:7,200000001:6, 91 fft_x.c 777 100000000:1, 17
fft_x.c 1335 100000000:7,200000001:6, 91 fft_x.c 1404 100000000:6,200000001:5, 77
fft_x.c 1335 100000000:7,200000001:6, 91 fft_x.c 1298 100000000:6,200000001:6, 67
fft_x.c 1335 100000000:7,200000001:6, 91 fft_x.c 776 100000000:1, 16
fft_x.c 1335 100000000:7,200000001:6, 91 fft_x.c 1352  0
fft_x.c 1335 100000000:7,200000001:6, 91 fft_x.c 742  0
fft_x.c 1335 100000000:7,200000001:6, 91 fft_x.c 1400 100000000:6,200000001:5, 75
fft_x.c 1335 100000000:7,200000001:6, 91 fft_x.c 1257  0
fft_x.c 1335 100000000:7,200000001:6, 91 fft_x.c 1336 100000000:7,200000001:6, 92
fft_x.c 1335 100000000:7,200000001:6, 91 fft_x.c 1408 100000000:6,200000001:5, 81
fft_x.c 1335 100000000:7,200000001:6, 91 fft_x.c 1335 100000000:7,200000001:6, 91
fft_x.c 1335 100000000:7,200000001:6, 91 fft_x.c 1246 100000000:5,200000001:4, 61
fft_x.c 1335 100000000:7,200000001:6, 91 fft_x.c 1245 100000000:5,200000001:4, 60
fft_x.c 1335 100000000:7,200000001:6, 91 fft_x.c 1407 100000000:6,200000001:5, 80
fft_x.c 1335 100000000:7,200000001:6, 91 fft_x.c 1318 100000000:7,200000001:5, 90
fft_x.c 1335 100000000:7,200000001:6, 91 fft_x.c 1406 100000000:6,200000001:5, 79
fft_x.c 1335 100000000:7,200000001:6, 91 fft_x.c 1423  0
fft_x.c 1335 100000000:7,200000001:6, 91 fft_x.c 1317 100000000:7,200000001:5, 89
fft_x.c 1171 100000000:8,200000001:7, 75 fft_x.c 213  0
fft_x.c 472  0 fft_x.c 720 100000000:8,200000001:8, 81
fft_x.c 472  0 fft_x.c 721 100000000:8,200000001:8, 82
fft_x.c 585 100000000:2,200000001:2, 6 fft_x.c 379 100000000:1, 14
fft_x.c 812 100000000:1, 21 fft_x.c 742  0
fft_x.c 812 100000000:1, 21 fft_x.c 1243 100000000:5,200000001:4, 58
fft_x.c 812 100000000:1, 21 fft_x.c 1242 100000000:5,200000001:4, 57
fft_x.c 1052 100000000:6,200000001:5, 84 fft_x.c 377 100000000:1, 13
fft_x.c 1052 100000000:6,200000001:5, 84 fft_x.c 179 100000000:1, 1
fft_x.c 462  0 fft_x.c 720 100000000:8,200000001:8, 81
fft_x.c 462  0 fft_x.c 721 100000000:8,200000001:8, 82
fft_x.c 725 100000000:8,200000001:8, 84 fft_x.c 725 100000000:8,200000001:8, 84
fft_x.c 725 100000000:8,200000001:8, 84 fft_x.c 518 100000000:10,200000001:8, 109
fft_x.c 725 100000000:8,200000001:8, 84 fft_x.c 514 100000000:10,200000001:8, 108
fft_x.c 725 100000000:8,200000001:8, 84 fft_x.c 508 100000000:10,200000001:8, 105
fft_x.c 872 100000000:4,200000001:4, 18 fft_x.c 379 100000000:1, 14
fft_x.c 255  0 fft_x.c 740  0
fft_x.c 492  0 fft_x.c 720 100000000:8,200000001:8, 81
fft_x.c 492  0 fft_x.c 721 100000000:8,200000001:8, 82
fft_x.c 669 100000000:2,200000001:2, 13 fft_x.c 379 100000000:1, 14
fft_x.c 1423  0 fft_x.c 1299 100000000:6,200000001:6, 68
fft_x.c 1423  0 fft_x.c 1408 100000000:6,200000001:5, 81
fft_x.c 1423  0 fft_x.c 1298 100000000:6,200000001:6, 67
fft_x.c 1423  0 fft_x.c 1407 100000000:6,200000001:5, 80
fft_x.c 1423  0 fft_x.c 1336 100000000:7,200000001:6, 92
fft_x.c 1423  0 fft_x.c 1406 100000000:6,200000001:5, 79
fft_x.c 1423  0 fft_x.c 1257  0
fft_x.c 1423  0 fft_x.c 1365 100000000:6,200000001:5, 74
fft_x.c 1423  0 fft_x.c 1318 100000000:7,200000001:5, 90
fft_x.c 1423  0 fft_x.c 1317 100000000:7,200000001:5, 89
fft_x.c 1423  0 fft_x.c 1246 100000000:5,200000001:4, 61
fft_x.c 1423  0 fft_x.c 1352  0
fft_x.c 276 100000000:1, 7 fft_x.c 625  0
fft_x.c 1407 100000000:6,200000001:5, 80 fft_x.c 1365 100000000:6,200000001:5, 74
fft_x.c 1407 100000000:6,200000001:5, 80 fft_x.c 1405 100000000:6,200000001:5, 78
fft_x.c 1407 100000000:6,200000001:5, 80 fft_x.c 1299 100000000:6,200000001:6, 68
fft_x.c 1407 100000000:6,200000001:5, 80 fft_x.c 777 100000000:1, 17
fft_x.c 1407 100000000:6,200000001:5, 80 fft_x.c 1404 100000000:6,200000001:5, 77
fft_x.c 1407 100000000:6,200000001:5, 80 fft_x.c 1298 100000000:6,200000001:6, 67
fft_x.c 1407 100000000:6,200000001:5, 80 fft_x.c 776 100000000:1, 16
fft_x.c 1407 100000000:6,200000001:5, 80 fft_x.c 1352  0
fft_x.c 1407 100000000:6,200000001:5, 80 fft_x.c 742  0
fft_x.c 1407 100000000:6,200000001:5, 80 fft_x.c 1400 100000000:6,200000001:5, 75
fft_x.c 1407 100000000:6,200000001:5, 80 fft_x.c 1257  0
fft_x.c 1407 100000000:6,200000001:5, 80 fft_x.c 1336 100000000:7,200000001:6, 92
fft_x.c 1407 100000000:6,200000001:5, 80 fft_x.c 1408 100000000:6,200000001:5, 81
fft_x.c 1407 100000000:6,200000001:5, 80 fft_x.c 1246 100000000:5,200000001:4, 61
fft_x.c 1407 100000000:6,200000001:5, 80 fft_x.c 1245 100000000:5,200000001:4, 60
fft_x.c 1407 100000000:6,200000001:5, 80 fft_x.c 1407 100000000:6,200000001:5, 80
fft_x.c 1407 100000000:6,200000001:5, 80 fft_x.c 1318 100000000:7,200000001:5, 90
fft_x.c 1407 100000000:6,200000001:5, 80 fft_x.c 1406 100000000:6,200000001:5, 79
fft_x.c 1407 100000000:6,200000001:5, 80 fft_x.c 1317 100000000:7,200000001:5, 89
fft_x.c 1242 100000000:5,200000001:4, 57 fft_x.c 811 100000000:1, 20
fft_x.c 1317 100000000:7,200000001:5, 89 fft_x.c 1365 100000000:6,200000001:5, 74
fft_x.c 1317 100000000:7,200000001:5, 89 fft_x.c 1405 100000000:6,200000001:5, 78
fft_x.c 1317 100000000:7,200000001:5, 89 fft_x.c 1299 100000000:6,200000001:6, 68
fft_x.c 1317 100000000:7,200000001:5, 89 fft_x.c 777 100000000:1, 17
fft_x.c 1317 100000000:7,200000001:5, 89 fft_x.c 1404 100000000:6,200000001:5, 77
fft_x.c 1317 100000000:7,200000001:5, 89 fft_x.c 1298 100000000:6,200000001:6, 67
fft_x.c 1317 100000000:7,200000001:5, 89 fft_x.c 776 100000000:1, 16
fft_x.c 1317 100000000:7,200000001:5, 89 fft_x.c 1352  0
fft_x.c 1317 100000000:7,200000001:5, 89 fft_x.c 742  0
fft_x.c 1317 100000000:7,200000001:5, 89 fft_x.c 1400 100000000:6,200000001:5, 75
fft_x.c 1317 100000000:7,200000001:5, 89 fft_x.c 1257  0
fft_x.c 1317 100000000:7,200000001:5, 89 fft_x.c 1336 100000000:7,200000001:6, 92
fft_x.c 1317 100000000:7,200000001:5, 89 fft_x.c 1408 100000000:6,200000001:5, 81
fft_x.c 1317 100000000:7,200000001:5, 89 fft_x.c 1246 100000000:5,200000001:4, 61
fft_x.c 1317 100000000:7,200000001:5, 89 fft_x.c 1245 100000000:5,200000001:4, 60
fft_x.c 1317 100000000:7,200000001:5, 89 fft_x.c 1318 100000000:7,200000001:5, 90
fft_x.c 1317 100000000:7,200000001:5, 89 fft_x.c 1406 100000000:6,200000001:5, 79
fft_x.c 1317 100000000:7,200000001:5, 89 fft_x.c 1317 100000000:7,200000001:5, 89
fft_x.c 1158 100000000:7,200000001:5, 96 fft_x.c 379 100000000:1, 14
fft_x.c 469  0 fft_x.c 720 100000000:8,200000001:8, 81
fft_x.c 469  0 fft_x.c 721 100000000:8,200000001:8, 82
fft_x.c 179 100000000:1, 1 fft_x.c 649 100000000:3,200000001:2, 11
fft_x.c 179 100000000:1, 1 fft_x.c 623  0
fft_x.c 179 100000000:1, 1 fft_x.c 581 100000000:2,200000001:1, 25
fft_x.c 179 100000000:1, 1 fft_x.c 1289  0
fft_x.c 179 100000000:1, 1 fft_x.c 1287 100000000:7,200000001:6, 66
fft_x.c 179 100000000:1, 1 fft_x.c 1199 100000000:8,200000001:7, 77
fft_x.c 179 100000000:1, 1 fft_x.c 1138 100000000:7,200000001:6, 94
fft_x.c 179 100000000:1, 1 fft_x.c 868 100000000:4,200000001:3, 38
fft_x.c 777 100000000:1, 17 fft_x.c 1365 100000000:6,200000001:5, 74
fft_x.c 777 100000000:1, 17 fft_x.c 1405 100000000:6,200000001:5, 78
fft_x.c 777 100000000:1, 17 fft_x.c 1299 100000000:6,200000001:6, 68
fft_x.c 777 100000000:1, 17 fft_x.c 1404 100000000:6,200000001:5, 77
fft_x.c 777 100000000:1, 17 fft_x.c 1298 100000000:6,200000001:6, 67
fft_x.c 777 100000000:1, 17 fft_x.c 1352  0
fft_x.c 777 100000000:1, 17 fft_x.c 742  0
fft_x.c 777 100000000:1, 17 fft_x.c 1400 100000000:6,200000001:5, 75
fft_x.c 777 100000000:1, 17 fft_x.c 1257  0
fft_x.c 777 100000000:1, 17 fft_x.c 1336 100000000:7,200000001:6, 92
fft_x.c 777 100000000:1, 17 fft_x.c 1408 100000000:6,200000001:5, 81
fft_x.c 777 100000000:1, 17 fft_x.c 1246 100000000:5,200000001:4, 61
fft_x.c 777 100000000:1, 17 fft_x.c 1245 100000000:5,200000001:4, 60
fft_x.c 777 100000000:1, 17 fft_x.c 1318 100000000:7,200000001:5, 90
fft_x.c 777 100000000:1, 17 fft_x.c 1406 100000000:6,200000001:5, 79
fft_x.c 982 100000000:5,200000001:3, 65 fft_x.c 377 100000000:1, 13
fft_x.c 453 100000000:10,200000001:8, 104 fft_x.c 720 100000000:8,200000001:8, 81
fft_x.c 453 100000000:10,200000001:8, 104 fft_x.c 721 100000000:8,200000001:8, 82
fft_x.c 487  0 fft_x.c 720 100000000:8,200000001:8, 81
fft_x.c 487  0 fft_x.c 721 100000000:8,200000001:8, 82
fft_x.c 649 100000000:3,200000001:2, 11 fft_x.c 377 100000000:1, 13
fft_x.c 1404 100000000:6,200000001:5, 77 fft_x.c 1299 100000000:6,200000001:6, 68
fft_x.c 1404 100000000:6,200000001:5, 77 fft_x.c 1408 100000000:6,200000001:5, 81
fft_x.c 1404 100000000:6,200000001:5, 77 fft_x.c 1298 100000000:6,200000001:6, 67
fft_x.c 1404 100000000:6,200000001:5, 77 fft_x.c 1336 100000000:7,200000001:6, 92
fft_x.c 1404 100000000:6,200000001:5, 77 fft_x.c 1406 100000000:6,200000001:5, 79
fft_x.c 1404 100000000:6,200000001:5, 77 fft_x.c 1257  0
fft_x.c 1404 100000000:6,200000001:5, 77 fft_x.c 776 100000000:1, 16
fft_x.c 1404 100000000:6,200000001:5, 77 fft_x.c 1365 100000000:6,200000001:5, 74
fft_x.c 1404 100000000:6,200000001:5, 77 fft_x.c 1318 100000000:7,200000001:5, 90
fft_x.c 1404 100000000:6,200000001:5, 77 fft_x.c 1246 100000000:5,200000001:4, 61
fft_x.c 1404 100000000:6,200000001:5, 77 fft_x.c 1352  0
fft_x.c 623  0 fft_x.c 237 100000000:1, 5
fft_x.c 1365 100000000:6,200000001:5, 74 fft_x.c 1365 100000000:6,200000001:5, 74
fft_x.c 1365 100000000:6,200000001:5, 74 fft_x.c 1405 100000000:6,200000001:5, 78
fft_x.c 1365 100000000:6,200000001:5, 74 fft_x.c 1299 100000000:6,200000001:6, 68
fft_x.c 1365 100000000:6,200000001:5, 74 fft_x.c 1298 100000000:6,200000001:6, 67
fft_x.c 1365 100000000:6,200000001:5, 74 fft_x.c 776 100000000:1, 16
fft_x.c 1365 100000000:6,200000001:5, 74 fft_x.c 1352  0
fft_x.c 1365 100000000:6,200000001:5, 74 fft_x.c 742  0
fft_x.c 1365 100000000:6,200000001:5, 74 fft_x.c 1400 100000000:6,200000001:5, 75
fft_x.c 1365 100000000:6,200000001:5, 74 fft_x.c 1257  0
fft_x.c 1365 100000000:6,200000001:5, 74 fft_x.c 1336 100000000:7,200000001:6, 92
fft_x.c 1365 100000000:6,200000001:5, 74 fft_x.c 1408 100000000:6,200000001:5, 81
fft_x.c 1365 100000000:6,200000001:5, 74 fft_x.c 1246 100000000:5,200000001:4, 61
fft_x.c 1365 100000000:6,200000001:5, 74 fft_x.c 1245 100000000:5,200000001:4, 60
fft_x.c 1365 100000000:6,200000001:5, 74 fft_x.c 1318 100000000:7,200000001:5, 90
fft_x.c 1365 100000000:6,200000001:5, 74 fft_x.c 1406 100000000:6,200000001:5, 79
fft_x.c 1219 100000000:7,200000001:7, 79 fft_x.c 379 100000000:1, 14
fft_x.c 1298 100000000:6,200000001:6, 67 fft_x.c 1405 100000000:6,200000001:5, 78
fft_x.c 1298 100000000:6,200000001:6, 67 fft_x.c 1299 100000000:6,200000001:6, 68
fft_x.c 1298 100000000:6,200000001:6, 67 fft_x.c 1298 100000000:6,200000001:6, 67
fft_x.c 1298 100000000:6,200000001:6, 67 fft_x.c 776 100000000:1, 16
fft_x.c 1298 100000000:6,200000001:6, 67 fft_x.c 1352  0
fft_x.c 1298 100000000:6,200000001:6, 67 fft_x.c 742  0
fft_x.c 1298 100000000:6,200000001:6, 67 fft_x.c 1400 100000000:6,200000001:5, 75
fft_x.c 1298 100000000:6,200000001:6, 67 fft_x.c 1257  0
fft_x.c 1298 100000000:6,200000001:6, 67 fft_x.c 1336 100000000:7,200000001:6, 92
fft_x.c 1298 100000000:6,200000001:6, 67 fft_x.c 1408 100000000:6,200000001:5, 81
fft_x.c 1298 100000000:6,200000001:6, 67 fft_x.c 1246 100000000:5,200000001:4, 61
fft_x.c 1298 100000000:6,200000001:6, 67 fft_x.c 1245 100000000:5,200000001:4, 60
fft_x.c 1298 100000000:6,200000001:6, 67 fft_x.c 1318 100000000:7,200000001:5, 90
fft_x.c 1298 100000000:6,200000001:6, 67 fft_x.c 1406 100000000:6,200000001:5, 79
fft_x.c 1138 100000000:7,200000001:6, 94 fft_x.c 377 100000000:1, 13
fft_x.c 467  0 fft_x.c 720 100000000:8,200000001:8, 81
fft_x.c 467  0 fft_x.c 721 100000000:8,200000001:8, 82
fft_x.c 379 100000000:1, 14 fft_x.c 964 100000000:5,200000001:5, 44
fft_x.c 379 100000000:1, 14 fft_x.c 1056 100000000:6,200000001:6, 64
fft_x.c 379 100000000:1, 14 fft_x.c 1142 100000000:7,200000001:7, 74
fft_x.c 379 100000000:1, 14 fft_x.c 958 100000000:5,200000001:4, 63
fft_x.c 379 100000000:1, 14 fft_x.c 1050 100000000:6,200000001:5, 83
fft_x.c 379 100000000:1, 14 fft_x.c 653 100000000:4,200000001:2, 34
fft_x.c 379 100000000:1, 14 fft_x.c 601 100000000:2, 27
fft_x.c 379 100000000:1, 14 fft_x.c 866 100000000:4,200000001:3, 37
fft_x.c 379 100000000:1, 14 fft_x.c 888 100000000:4,200000001:2, 40
fft_x.c 379 100000000:1, 14 fft_x.c 980 100000000:5,200000001:3, 66
fft_x.c 379 100000000:1, 14 fft_x.c 647 100000000:3,200000001:2, 10
fft_x.c 742  0 fft_x.c 1299 100000000:6,200000001:6, 68
fft_x.c 742  0 fft_x.c 1408 100000000:6,200000001:5, 81
fft_x.c 742  0 fft_x.c 811 100000000:1, 20
fft_x.c 742  0 fft_x.c 1336 100000000:7,200000001:6, 92
fft_x.c 742  0 fft_x.c 1406 100000000:6,200000001:5, 79
fft_x.c 742  0 fft_x.c 1257  0
fft_x.c 742  0 fft_x.c 776 100000000:1, 16
fft_x.c 742  0 fft_x.c 1318 100000000:7,200000001:5, 90
fft_x.c 742  0 fft_x.c 1246 100000000:5,200000001:4, 61
fft_x.c 742  0 fft_x.c 1352  0
fft_x.c 708 100000000:9,200000001:7, 103 fft_x.c 209  0
fft_x.c 484  0 fft_x.c 720 100000000:8,200000001:8, 81
fft_x.c 484  0 fft_x.c 721 100000000:8,200000001:8, 82
fft_x.c 302 100000000:1, 12 fft_x.c 625  0
fft_x.c 1400 100000000:6,200000001:5, 75 fft_x.c 1299 100000000:6,200000001:6, 68
fft_x.c 1400 100000000:6,200000001:5, 75 fft_x.c 1408 100000000:6,200000001:5, 81
fft_x.c 1400 100000000:6,200000001:5, 75 fft_x.c 1336 100000000:7,200000001:6, 92
fft_x.c 1400 100000000:6,200000001:5, 75 fft_x.c 1406 100000000:6,200000001:5, 79
fft_x.c 1400 100000000:6,200000001:5, 75 fft_x.c 1257  0
fft_x.c 1400 100000000:6,200000001:5, 75 fft_x.c 776 100000000:1, 16
fft_x.c 1400 100000000:6,200000001:5, 75 fft_x.c 1318 100000000:7,200000001:5, 90
fft_x.c 1400 100000000:6,200000001:5, 75 fft_x.c 1246 100000000:5,200000001:4, 61
fft_x.c 1400 100000000:6,200000001:5, 75 fft_x.c 1352  0
fft_x.c 798 100000000:1, 19 fft_x.c 619 100000000:3,200000001:2, 8
fft_x.c 1352  0 fft_x.c 1405 100000000:6,200000001:5, 78
fft_x.c 1352  0 fft_x.c 1299 100000000:6,200000001:6, 68
fft_x.c 1352  0 fft_x.c 776 100000000:1, 16
fft_x.c 1352  0 fft_x.c 1352  0
fft_x.c 1352  0 fft_x.c 1257  0
fft_x.c 1352  0 fft_x.c 1336 100000000:7,200000001:6, 92
fft_x.c 1352  0 fft_x.c 1408 100000000:6,200000001:5, 81
fft_x.c 1352  0 fft_x.c 1246 100000000:5,200000001:4, 61
fft_x.c 1352  0 fft_x.c 1245 100000000:5,200000001:4, 60
fft_x.c 1352  0 fft_x.c 1318 100000000:7,200000001:5, 90
fft_x.c 1352  0 fft_x.c 1406 100000000:6,200000001:5, 79
fft_x.c 1199 100000000:8,200000001:7, 77 fft_x.c 377 100000000:1, 13
fft_x.c 477  0 fft_x.c 720 100000000:8,200000001:8, 81
fft_x.c 477  0 fft_x.c 721 100000000:8,200000001:8, 82
fft_x.c 1257  0 fft_x.c 1405 100000000:6,200000001:5, 78
fft_x.c 1257  0 fft_x.c 1299 100000000:6,200000001:6, 68
fft_x.c 1257  0 fft_x.c 776 100000000:1, 16
fft_x.c 1257  0 fft_x.c 1257  0
fft_x.c 1257  0 fft_x.c 1336 100000000:7,200000001:6, 92
fft_x.c 1257  0 fft_x.c 1408 100000000:6,200000001:5, 81
fft_x.c 1257  0 fft_x.c 1246 100000000:5,200000001:4, 61
fft_x.c 1257  0 fft_x.c 1245 100000000:5,200000001:4, 60
fft_x.c 1257  0 fft_x.c 1318 100000000:7,200000001:5, 90
fft_x.c 1257  0 fft_x.c 1406 100000000:6,200000001:5, 79
fft_x.c 1074 100000000:6,200000001:4, 85 fft_x.c 377 100000000:1, 13
fft_x.c 465  0 fft_x.c 720 100000000:8,200000001:8, 81
fft_x.c 465  0 fft_x.c 721 100000000:8,200000001:8, 82
fft_x.c 740  0 fft_x.c 263 100000000:1, 6
fft_x.c 740  0 fft_x.c 253  0
fft_x.c 740  0 fft_x.c 237 100000000:1, 5
fft_x.c 703 100000000:9,200000001:8, 102 fft_x.c 211  0
fft_x.c 721 100000000:8,200000001:8, 82 fft_x.c 493  0
fft_x.c 721 100000000:8,200000001:8, 82 fft_x.c 720 100000000:8,200000001:8, 81
fft_x.c 721 100000000:8,200000001:8, 82 fft_x.c 478  0
fft_x.c 721 100000000:8,200000001:8, 82 fft_x.c 489  0
fft_x.c 721 100000000:8,200000001:8, 82 fft_x.c 474  0
fft_x.c 721 100000000:8,200000001:8, 82 fft_x.c 486  0
fft_x.c 721 100000000:8,200000001:8, 82 fft_x.c 463  0
fft_x.c 721 100000000:8,200000001:8, 82 fft_x.c 471  0
fft_x.c 721 100000000:8,200000001:8, 82 fft_x.c 721 100000000:8,200000001:8, 82
fft_x.c 721 100000000:8,200000001:8, 82 fft_x.c 458  0
fft_x.c 721 100000000:8,200000001:8, 82 fft_x.c 481  0
fft_x.c 721 100000000:8,200000001:8, 82 fft_x.c 468  0
fft_x.c 481  0 fft_x.c 720 100000000:8,200000001:8, 81
fft_x.c 250  0 fft_x.c 1281 100000000:7,200000001:6, 65
fft_x.c 300 100000000:1, 11 fft_x.c 625  0
fft_x.c 1245 100000000:5,200000001:4, 60 fft_x.c 1299 100000000:6,200000001:6, 68
fft_x.c 1245 100000000:5,200000001:4, 60 fft_x.c 1408 100000000:6,200000001:5, 81
fft_x.c 1245 100000000:5,200000001:4, 60 fft_x.c 1336 100000000:7,200000001:6, 92
fft_x.c 1245 100000000:5,200000001:4, 60 fft_x.c 1406 100000000:6,200000001:5, 79
fft_x.c 1245 100000000:5,200000001:4, 60 fft_x.c 776 100000000:1, 16
fft_x.c 1245 100000000:5,200000001:4, 60 fft_x.c 1318 100000000:7,200000001:5, 90
fft_x.c 1245 100000000:5,200000001:4, 60 fft_x.c 1246 100000000:5,200000001:4, 61
fft_x.c 1336 100000000:7,200000001:6, 92 fft_x.c 1405 100000000:6,200000001:5, 78
fft_x.c 1336 100000000:7,200000001:6, 92 fft_x.c 1299 100000000:6,200000001:6, 68
fft_x.c 1336 100000000:7,200000001:6, 92 fft_x.c 776 100000000:1, 16
fft_x.c 1336 100000000:7,200000001:6, 92 fft_x.c 1336 100000000:7,200000001:6, 92
fft_x.c 1336 100000000:7,200000001:6, 92 fft_x.c 1408 100000000:6,200000001:5, 81
fft_x.c 1336 100000000:7,200000001:6, 92 fft_x.c 1246 100000000:5,200000001:4, 61
fft_x.c 1336 100000000:7,200000001:6, 92 fft_x.c 1318 100000000:7,200000001:5, 90
fft_x.c 1336 100000000:7,200000001:6, 92 fft_x.c 1406 100000000:6,200000001:5, 79
fft_x.c 474  0 fft_x.c 720 100000000:8,200000001:8, 81
fft_x.c 1246 100000000:5,200000001:4, 61 fft_x.c 1405 100000000:6,200000001:5, 78
fft_x.c 1246 100000000:5,200000001:4, 61 fft_x.c 1299 100000000:6,200000001:6, 68
fft_x.c 1246 100000000:5,200000001:4, 61 fft_x.c 776 100000000:1, 16
fft_x.c 1246 100000000:5,200000001:4, 61 fft_x.c 1408 100000000:6,200000001:5, 81
fft_x.c 1246 100000000:5,200000001:4, 61 fft_x.c 1246 100000000:5,200000001:4, 61
fft_x.c 1246 100000000:5,200000001:4, 61 fft_x.c 1318 100000000:7,200000001:5, 90
fft_x.c 1246 100000000:5,200000001:4, 61 fft_x.c 1406 100000000:6,200000001:5, 79
fft_x.c 463  0 fft_x.c 720 100000000:8,200000001:8, 81
fft_x.c 493  0 fft_x.c 720 100000000:8,200000001:8, 81
fft_x.c 671 100000000:2,200000001:2, 12 fft_x.c 377 100000000:1, 13
fft_x.c 478  0 fft_x.c 720 100000000:8,200000001:8, 81
fft_x.c 277 100000000:1, 8 fft_x.c 625  0
fft_x.c 1408 100000000:6,200000001:5, 81 fft_x.c 1405 100000000:6,200000001:5, 78
fft_x.c 1408 100000000:6,200000001:5, 81 fft_x.c 1299 100000000:6,200000001:6, 68
fft_x.c 1408 100000000:6,200000001:5, 81 fft_x.c 776 100000000:1, 16
fft_x.c 1408 100000000:6,200000001:5, 81 fft_x.c 1408 100000000:6,200000001:5, 81
fft_x.c 1408 100000000:6,200000001:5, 81 fft_x.c 1318 100000000:7,200000001:5, 90
fft_x.c 1408 100000000:6,200000001:5, 81 fft_x.c 1406 100000000:6,200000001:5, 79
fft_x.c 1243 100000000:5,200000001:4, 58 fft_x.c 811 100000000:1, 20
fft_x.c 1318 100000000:7,200000001:5, 90 fft_x.c 1405 100000000:6,200000001:5, 78
fft_x.c 1318 100000000:7,200000001:5, 90 fft_x.c 1299 100000000:6,200000001:6, 68
fft_x.c 1318 100000000:7,200000001:5, 90 fft_x.c 776 100000000:1, 16
fft_x.c 1318 100000000:7,200000001:5, 90 fft_x.c 1318 100000000:7,200000001:5, 90
fft_x.c 1318 100000000:7,200000001:5, 90 fft_x.c 1406 100000000:6,200000001:5, 79
fft_x.c 1160 100000000:7,200000001:5, 95 fft_x.c 377 100000000:1, 13
fft_x.c 471  0 fft_x.c 720 100000000:8,200000001:8, 81
fft_x.c 377 100000000:1, 13 fft_x.c 868 100000000:4,200000001:3, 38
fft_x.c 377 100000000:1, 13 fft_x.c 581 100000000:2,200000001:1, 25
fft_x.c 377 100000000:1, 13 fft_x.c 1221 100000000:7,200000001:7, 78
fft_x.c 458  0 fft_x.c 720 100000000:8,200000001:8, 81
fft_x.c 489  0 fft_x.c 720 100000000:8,200000001:8, 81
fft_x.c 1405 100000000:6,200000001:5, 78 fft_x.c 1299 100000000:6,200000001:6, 68
fft_x.c 1405 100000000:6,200000001:5, 78 fft_x.c 1406 100000000:6,200000001:5, 79
fft_x.c 1405 100000000:6,200000001:5, 78 fft_x.c 776 100000000:1, 16
fft_x.c 1406 100000000:6,200000001:5, 79 fft_x.c 1299 100000000:6,200000001:6, 68
fft_x.c 1406 100000000:6,200000001:5, 79 fft_x.c 776 100000000:1, 16
fft_x.c 1406 100000000:6,200000001:5, 79 fft_x.c 1406 100000000:6,200000001:5, 79
fft_x.c 1299 100000000:6,200000001:6, 68 fft_x.c 1299 100000000:6,200000001:6, 68
fft_x.c 1299 100000000:6,200000001:6, 68 fft_x.c 776 100000000:1, 16
fft_x.c 468  0 fft_x.c 720 100000000:8,200000001:8, 81
fft_x.c 720 100000000:8,200000001:8, 81 fft_x.c 720 100000000:8,200000001:8, 81
fft_x.c 720 100000000:8,200000001:8, 81 fft_x.c 486  0
