radix.c 430 radix.c 171
radix.c 433 radix.c 238
radix.c 434 radix.c 238
radix.c 447 radix.c 254
radix.c 447 radix.c 261
radix.c 448 radix.c 254
radix.c 448 radix.c 261
radix.c 449 radix.c 269
radix.c 449 radix.c 276
radix.c 450 radix.c 269
radix.c 450 radix.c 276
radix.c 451 radix.c 148
radix.c 457 radix.c 138
radix.c 457 radix.c 232
radix.c 462 radix.c 138
radix.c 462 radix.c 232
radix.c 470 radix.c 221
radix.c 470 radix.c 483
radix.c 470 radix.c 490
radix.c 470 radix.c 634
radix.c 470 radix.c 635
radix.c 470 radix.c 636
radix.c 471 radix.c 226
radix.c 472 radix.c 239
radix.c 473 radix.c 153
radix.c 473 radix.c 195
radix.c 474 radix.c 148
radix.c 482 radix.c 148
radix.c 483 radix.c 221
radix.c 483 radix.c 321
radix.c 483 radix.c 325
radix.c 483 radix.c 326
radix.c 483 radix.c 327
radix.c 483 radix.c 329
radix.c 483 radix.c 330
radix.c 483 radix.c 332
radix.c 483 radix.c 333
radix.c 483 radix.c 335
radix.c 483 radix.c 336
radix.c 483 radix.c 338
radix.c 483 radix.c 339
radix.c 483 radix.c 341
radix.c 483 radix.c 342
radix.c 483 radix.c 344
radix.c 483 radix.c 345
radix.c 483 radix.c 347
radix.c 483 radix.c 348
radix.c 483 radix.c 349
radix.c 483 radix.c 355
radix.c 483 radix.c 470
radix.c 483 radix.c 483
radix.c 483 radix.c 490
radix.c 483 radix.c 492
radix.c 483 radix.c 494
radix.c 483 radix.c 502
radix.c 483 radix.c 634
radix.c 483 radix.c 635
radix.c 483 radix.c 636
radix.c 485 radix.c 202
radix.c 485 radix.c 203
radix.c 486 radix.c 202
radix.c 486 radix.c 203
radix.c 488 radix.c 610
radix.c 488 radix.c 784
radix.c 490 radix.c 221
radix.c 490 radix.c 321
radix.c 490 radix.c 325
radix.c 490 radix.c 326
radix.c 490 radix.c 327
radix.c 490 radix.c 329
radix.c 490 radix.c 330
radix.c 490 radix.c 332
radix.c 490 radix.c 333
radix.c 490 radix.c 335
radix.c 490 radix.c 336
radix.c 490 radix.c 338
radix.c 490 radix.c 339
radix.c 490 radix.c 341
radix.c 490 radix.c 342
radix.c 490 radix.c 344
radix.c 490 radix.c 345
radix.c 490 radix.c 347
radix.c 490 radix.c 348
radix.c 490 radix.c 349
radix.c 490 radix.c 355
radix.c 490 radix.c 470
radix.c 490 radix.c 483
radix.c 490 radix.c 490
radix.c 490 radix.c 492
radix.c 490 radix.c 494
radix.c 490 radix.c 502
radix.c 490 radix.c 634
radix.c 490 radix.c 635
radix.c 490 radix.c 636
radix.c 492 radix.c 221
radix.c 492 radix.c 483
radix.c 492 radix.c 490
radix.c 492 radix.c 634
radix.c 492 radix.c 635
radix.c 492 radix.c 636
radix.c 493 radix.c 148
radix.c 494 radix.c 221
radix.c 494 radix.c 483
radix.c 494 radix.c 490
radix.c 494 radix.c 634
radix.c 494 radix.c 635
radix.c 494 radix.c 636
radix.c 497 radix.c 138
radix.c 497 radix.c 231
radix.c 500 radix.c 148
radix.c 501 radix.c 501
radix.c 501 radix.c 520
radix.c 501 radix.c 525
radix.c 501 radix.c 558
radix.c 501 radix.c 591
radix.c 502 radix.c 221
radix.c 502 radix.c 483
radix.c 502 radix.c 490
radix.c 502 radix.c 502
radix.c 502 radix.c 521
radix.c 502 radix.c 583
radix.c 502 radix.c 634
radix.c 502 radix.c 635
radix.c 502 radix.c 636
radix.c 505 radix.c 138
radix.c 506 radix.c 138
radix.c 508 radix.c 235
radix.c 519 radix.c 148
radix.c 520 radix.c 501
radix.c 520 radix.c 520
radix.c 520 radix.c 525
radix.c 520 radix.c 558
radix.c 520 radix.c 591
radix.c 521 radix.c 502
radix.c 521 radix.c 521
radix.c 521 radix.c 583
radix.c 524 radix.c 148
radix.c 525 radix.c 501
radix.c 525 radix.c 520
radix.c 525 radix.c 525
radix.c 525 radix.c 558
radix.c 525 radix.c 591
radix.c 531 radix.c 235
radix.c 534 radix.c 138
radix.c 534 radix.c 231
radix.c 536 radix.c 138
radix.c 538 radix.c 138
radix.c 557 radix.c 148
radix.c 558 radix.c 501
radix.c 558 radix.c 520
radix.c 558 radix.c 525
radix.c 558 radix.c 558
radix.c 558 radix.c 591
radix.c 564 radix.c 138
radix.c 567 radix.c 235
radix.c 573 radix.c 138
radix.c 575 radix.c 148
radix.c 576 radix.c 576
radix.c 576 radix.c 583
radix.c 576 radix.c 591
radix.c 576 radix.c 609
radix.c 576 radix.c 611
radix.c 582 radix.c 148
radix.c 583 radix.c 502
radix.c 583 radix.c 521
radix.c 583 radix.c 576
radix.c 583 radix.c 583
radix.c 583 radix.c 591
radix.c 583 radix.c 609
radix.c 583 radix.c 611
radix.c 590 radix.c 148
radix.c 591 radix.c 501
radix.c 591 radix.c 520
radix.c 591 radix.c 525
radix.c 591 radix.c 558
radix.c 591 radix.c 576
radix.c 591 radix.c 583
radix.c 591 radix.c 591
radix.c 591 radix.c 609
radix.c 591 radix.c 611
radix.c 598 radix.c 138
radix.c 598 radix.c 231
radix.c 607 radix.c 610
radix.c 607 radix.c 784
radix.c 609 radix.c 576
radix.c 609 radix.c 583
radix.c 609 radix.c 591
radix.c 609 radix.c 611
radix.c 610 radix.c 488
radix.c 610 radix.c 607
radix.c 610 radix.c 610
radix.c 610 radix.c 784
radix.c 610 radix.c 785
radix.c 610 radix.c 801
radix.c 610 radix.c 802
radix.c 610 radix.c 824
radix.c 610 radix.c 826
radix.c 611 radix.c 576
radix.c 611 radix.c 583
radix.c 611 radix.c 591
radix.c 611 radix.c 609
radix.c 611 radix.c 611
radix.c 618 radix.c 239
radix.c 623 radix.c 138
radix.c 623 radix.c 231
radix.c 631 radix.c 138
radix.c 631 radix.c 231
radix.c 634 radix.c 221
radix.c 634 radix.c 321
radix.c 634 radix.c 325
radix.c 634 radix.c 326
radix.c 634 radix.c 327
radix.c 634 radix.c 329
radix.c 634 radix.c 330
radix.c 634 radix.c 332
radix.c 634 radix.c 333
radix.c 634 radix.c 335
radix.c 634 radix.c 336
radix.c 634 radix.c 338
radix.c 634 radix.c 339
radix.c 634 radix.c 341
radix.c 634 radix.c 342
radix.c 634 radix.c 344
radix.c 634 radix.c 345
radix.c 634 radix.c 347
radix.c 634 radix.c 348
radix.c 634 radix.c 349
radix.c 634 radix.c 355
radix.c 634 radix.c 470
radix.c 634 radix.c 483
radix.c 634 radix.c 490
radix.c 634 radix.c 492
radix.c 634 radix.c 494
radix.c 634 radix.c 502
radix.c 634 radix.c 634
radix.c 634 radix.c 635
radix.c 634 radix.c 636
radix.c 635 radix.c 221
radix.c 635 radix.c 321
radix.c 635 radix.c 325
radix.c 635 radix.c 326
radix.c 635 radix.c 327
radix.c 635 radix.c 329
radix.c 635 radix.c 330
radix.c 635 radix.c 332
radix.c 635 radix.c 333
radix.c 635 radix.c 335
radix.c 635 radix.c 336
radix.c 635 radix.c 338
radix.c 635 radix.c 339
radix.c 635 radix.c 341
radix.c 635 radix.c 342
radix.c 635 radix.c 344
radix.c 635 radix.c 345
radix.c 635 radix.c 347
radix.c 635 radix.c 348
radix.c 635 radix.c 349
radix.c 635 radix.c 355
radix.c 635 radix.c 470
radix.c 635 radix.c 483
radix.c 635 radix.c 490
radix.c 635 radix.c 492
radix.c 635 radix.c 494
radix.c 635 radix.c 502
radix.c 635 radix.c 634
radix.c 635 radix.c 635
radix.c 635 radix.c 636
radix.c 636 radix.c 221
radix.c 636 radix.c 321
radix.c 636 radix.c 325
radix.c 636 radix.c 326
radix.c 636 radix.c 327
radix.c 636 radix.c 329
radix.c 636 radix.c 330
radix.c 636 radix.c 332
radix.c 636 radix.c 333
radix.c 636 radix.c 335
radix.c 636 radix.c 336
radix.c 636 radix.c 338
radix.c 636 radix.c 339
radix.c 636 radix.c 341
radix.c 636 radix.c 342
radix.c 636 radix.c 344
radix.c 636 radix.c 345
radix.c 636 radix.c 347
radix.c 636 radix.c 348
radix.c 636 radix.c 349
radix.c 636 radix.c 355
radix.c 636 radix.c 470
radix.c 636 radix.c 483
radix.c 636 radix.c 490
radix.c 636 radix.c 492
radix.c 636 radix.c 494
radix.c 636 radix.c 502
radix.c 636 radix.c 634
radix.c 636 radix.c 635
radix.c 636 radix.c 636
radix.c 639 radix.c 370
radix.c 639 radix.c 376
radix.c 639 radix.c 639
radix.c 640 radix.c 372
radix.c 640 radix.c 374
radix.c 640 radix.c 376
radix.c 640 radix.c 640
radix.c 641 radix.c 384
radix.c 641 radix.c 641
radix.c 776 radix.c 202
radix.c 776 radix.c 203
radix.c 784 radix.c 165
radix.c 784 radix.c 488
radix.c 784 radix.c 607
radix.c 784 radix.c 610
radix.c 784 radix.c 784
radix.c 784 radix.c 785
radix.c 784 radix.c 801
radix.c 784 radix.c 802
radix.c 784 radix.c 824
radix.c 784 radix.c 826
radix.c 785 radix.c 610
radix.c 785 radix.c 784
