bndry.C 31 water.C 206
bndry.C 31 water.C 208
bndry.C 31 water.C 210
bndry.C 36 bndry.C 38
bndry.C 36 bndry.C 39
bndry.C 36 bndry.C 40
bndry.C 36 bndry.C 43
bndry.C 36 bndry.C 44
bndry.C 36 bndry.C 45
bndry.C 36 interf.C 158
bndry.C 36 interf.C 159
bndry.C 36 interf.C 160
bndry.C 36 interf.C 169
bndry.C 36 interf.C 170
bndry.C 36 interf.C 171
bndry.C 36 interf.C 181
bndry.C 36 interf.C 182
bndry.C 36 interf.C 183
bndry.C 36 interf.C 198
bndry.C 36 interf.C 199
bndry.C 36 interf.C 200
bndry.C 36 intraf.C 115
bndry.C 36 intraf.C 117
bndry.C 36 intraf.C 118
bndry.C 36 syscons.C 36
bndry.C 36 syscons.C 41
bndry.C 38 bndry.C 36
bndry.C 38 bndry.C 38
bndry.C 38 bndry.C 39
bndry.C 38 bndry.C 40
bndry.C 38 bndry.C 42
bndry.C 38 bndry.C 43
bndry.C 38 bndry.C 44
bndry.C 38 bndry.C 45
bndry.C 38 interf.C 158
bndry.C 38 interf.C 159
bndry.C 38 interf.C 160
bndry.C 38 interf.C 169
bndry.C 38 interf.C 170
bndry.C 38 interf.C 171
bndry.C 38 interf.C 181
bndry.C 38 interf.C 182
bndry.C 38 interf.C 183
bndry.C 38 interf.C 198
bndry.C 38 interf.C 199
bndry.C 38 interf.C 200
bndry.C 38 intraf.C 54
bndry.C 38 intraf.C 57
bndry.C 38 intraf.C 59
bndry.C 38 intraf.C 115
bndry.C 38 intraf.C 117
bndry.C 38 intraf.C 118
bndry.C 38 kineti.C 38
bndry.C 38 poteng.C 52
bndry.C 38 poteng.C 55
bndry.C 38 poteng.C 58
bndry.C 38 poteng.C 61
bndry.C 38 poteng.C 62
bndry.C 38 poteng.C 63
bndry.C 38 poteng.C 65
bndry.C 38 poteng.C 66
bndry.C 38 poteng.C 67
bndry.C 38 syscons.C 36
bndry.C 38 syscons.C 41
bndry.C 39 bndry.C 36
bndry.C 39 bndry.C 38
bndry.C 39 bndry.C 39
bndry.C 39 bndry.C 40
bndry.C 39 bndry.C 42
bndry.C 39 bndry.C 43
bndry.C 39 bndry.C 44
bndry.C 39 bndry.C 45
bndry.C 39 interf.C 158
bndry.C 39 interf.C 159
bndry.C 39 interf.C 160
bndry.C 39 interf.C 169
bndry.C 39 interf.C 170
bndry.C 39 interf.C 171
bndry.C 39 interf.C 181
bndry.C 39 interf.C 182
bndry.C 39 interf.C 183
bndry.C 39 interf.C 198
bndry.C 39 interf.C 199
bndry.C 39 interf.C 200
bndry.C 39 intraf.C 54
bndry.C 39 intraf.C 57
bndry.C 39 intraf.C 59
bndry.C 39 intraf.C 115
bndry.C 39 intraf.C 117
bndry.C 39 intraf.C 118
bndry.C 39 kineti.C 38
bndry.C 39 poteng.C 52
bndry.C 39 poteng.C 55
bndry.C 39 poteng.C 58
bndry.C 39 poteng.C 61
bndry.C 39 poteng.C 62
bndry.C 39 poteng.C 63
bndry.C 39 poteng.C 65
bndry.C 39 poteng.C 66
bndry.C 39 poteng.C 67
bndry.C 39 syscons.C 36
bndry.C 39 syscons.C 41
bndry.C 40 bndry.C 36
bndry.C 40 bndry.C 38
bndry.C 40 bndry.C 39
bndry.C 40 bndry.C 40
bndry.C 40 bndry.C 42
bndry.C 40 bndry.C 43
bndry.C 40 bndry.C 44
bndry.C 40 bndry.C 45
bndry.C 40 interf.C 158
bndry.C 40 interf.C 159
bndry.C 40 interf.C 160
bndry.C 40 interf.C 169
bndry.C 40 interf.C 170
bndry.C 40 interf.C 171
bndry.C 40 interf.C 181
bndry.C 40 interf.C 182
bndry.C 40 interf.C 183
bndry.C 40 interf.C 198
bndry.C 40 interf.C 199
bndry.C 40 interf.C 200
bndry.C 40 intraf.C 54
bndry.C 40 intraf.C 57
bndry.C 40 intraf.C 59
bndry.C 40 intraf.C 115
bndry.C 40 intraf.C 117
bndry.C 40 intraf.C 118
bndry.C 40 kineti.C 38
bndry.C 40 poteng.C 52
bndry.C 40 poteng.C 55
bndry.C 40 poteng.C 58
bndry.C 40 poteng.C 61
bndry.C 40 poteng.C 62
bndry.C 40 poteng.C 63
bndry.C 40 poteng.C 65
bndry.C 40 poteng.C 66
bndry.C 40 poteng.C 67
bndry.C 40 syscons.C 36
bndry.C 40 syscons.C 41
bndry.C 42 bndry.C 38
bndry.C 42 bndry.C 39
bndry.C 42 bndry.C 40
bndry.C 42 bndry.C 43
bndry.C 42 bndry.C 44
bndry.C 42 bndry.C 45
bndry.C 42 interf.C 158
bndry.C 42 interf.C 159
bndry.C 42 interf.C 160
bndry.C 42 interf.C 169
bndry.C 42 interf.C 170
bndry.C 42 interf.C 171
bndry.C 42 interf.C 181
bndry.C 42 interf.C 182
bndry.C 42 interf.C 183
bndry.C 42 interf.C 198
bndry.C 42 interf.C 199
bndry.C 42 interf.C 200
bndry.C 42 intraf.C 115
bndry.C 42 intraf.C 117
bndry.C 42 intraf.C 118
bndry.C 43 bndry.C 36
bndry.C 43 bndry.C 38
bndry.C 43 bndry.C 39
bndry.C 43 bndry.C 40
bndry.C 43 bndry.C 42
bndry.C 43 bndry.C 43
bndry.C 43 bndry.C 44
bndry.C 43 bndry.C 45
bndry.C 43 interf.C 158
bndry.C 43 interf.C 159
bndry.C 43 interf.C 160
bndry.C 43 interf.C 169
bndry.C 43 interf.C 170
bndry.C 43 interf.C 171
bndry.C 43 interf.C 181
bndry.C 43 interf.C 182
bndry.C 43 interf.C 183
bndry.C 43 interf.C 198
bndry.C 43 interf.C 199
bndry.C 43 interf.C 200
bndry.C 43 intraf.C 54
bndry.C 43 intraf.C 57
bndry.C 43 intraf.C 59
bndry.C 43 intraf.C 115
bndry.C 43 intraf.C 117
bndry.C 43 intraf.C 118
bndry.C 43 kineti.C 38
bndry.C 43 poteng.C 52
bndry.C 43 poteng.C 55
bndry.C 43 poteng.C 58
bndry.C 43 poteng.C 61
bndry.C 43 poteng.C 62
bndry.C 43 poteng.C 63
bndry.C 43 poteng.C 65
bndry.C 43 poteng.C 66
bndry.C 43 poteng.C 67
bndry.C 43 syscons.C 36
bndry.C 43 syscons.C 41
bndry.C 44 bndry.C 36
bndry.C 44 bndry.C 38
bndry.C 44 bndry.C 39
bndry.C 44 bndry.C 40
bndry.C 44 bndry.C 42
bndry.C 44 bndry.C 43
bndry.C 44 bndry.C 44
bndry.C 44 bndry.C 45
bndry.C 44 interf.C 158
bndry.C 44 interf.C 159
bndry.C 44 interf.C 160
bndry.C 44 interf.C 169
bndry.C 44 interf.C 170
bndry.C 44 interf.C 171
bndry.C 44 interf.C 181
bndry.C 44 interf.C 182
bndry.C 44 interf.C 183
bndry.C 44 interf.C 198
bndry.C 44 interf.C 199
bndry.C 44 interf.C 200
bndry.C 44 intraf.C 54
bndry.C 44 intraf.C 57
bndry.C 44 intraf.C 59
bndry.C 44 intraf.C 115
bndry.C 44 intraf.C 117
bndry.C 44 intraf.C 118
bndry.C 44 kineti.C 38
bndry.C 44 poteng.C 52
bndry.C 44 poteng.C 55
bndry.C 44 poteng.C 58
bndry.C 44 poteng.C 61
bndry.C 44 poteng.C 62
bndry.C 44 poteng.C 63
bndry.C 44 poteng.C 65
bndry.C 44 poteng.C 66
bndry.C 44 poteng.C 67
bndry.C 44 syscons.C 36
bndry.C 44 syscons.C 41
bndry.C 45 bndry.C 36
bndry.C 45 bndry.C 38
bndry.C 45 bndry.C 39
bndry.C 45 bndry.C 40
bndry.C 45 bndry.C 42
bndry.C 45 bndry.C 43
bndry.C 45 bndry.C 44
bndry.C 45 bndry.C 45
bndry.C 45 interf.C 158
bndry.C 45 interf.C 159
bndry.C 45 interf.C 160
bndry.C 45 interf.C 169
bndry.C 45 interf.C 170
bndry.C 45 interf.C 171
bndry.C 45 interf.C 181
bndry.C 45 interf.C 182
bndry.C 45 interf.C 183
bndry.C 45 interf.C 198
bndry.C 45 interf.C 199
bndry.C 45 interf.C 200
bndry.C 45 intraf.C 54
bndry.C 45 intraf.C 57
bndry.C 45 intraf.C 59
bndry.C 45 intraf.C 115
bndry.C 45 intraf.C 117
bndry.C 45 intraf.C 118
bndry.C 45 kineti.C 38
bndry.C 45 poteng.C 52
bndry.C 45 poteng.C 55
bndry.C 45 poteng.C 58
bndry.C 45 poteng.C 61
bndry.C 45 poteng.C 62
bndry.C 45 poteng.C 63
bndry.C 45 poteng.C 65
bndry.C 45 poteng.C 66
bndry.C 45 poteng.C 67
bndry.C 45 syscons.C 36
bndry.C 45 syscons.C 41
cshift.C 36 initia.C 111
cshift.C 36 initia.C 112
cshift.C 36 initia.C 113
cshift.C 36 initia.C 146
cshift.C 36 initia.C 147
cshift.C 36 initia.C 148
cshift.C 36 initia.C 185
cshift.C 36 initia.C 187
cshift.C 36 initia.C 189
cshift.C 36 predcor.C 51
cshift.C 36 predcor.C 80
cshift.C 37 initia.C 111
cshift.C 37 initia.C 112
cshift.C 37 initia.C 113
cshift.C 37 initia.C 146
cshift.C 37 initia.C 147
cshift.C 37 initia.C 148
cshift.C 37 initia.C 185
cshift.C 37 initia.C 187
cshift.C 37 initia.C 189
cshift.C 37 predcor.C 51
cshift.C 37 predcor.C 80
cshift.C 38 initia.C 111
cshift.C 38 initia.C 112
cshift.C 38 initia.C 113
cshift.C 38 initia.C 146
cshift.C 38 initia.C 147
cshift.C 38 initia.C 148
cshift.C 38 initia.C 185
cshift.C 38 initia.C 187
cshift.C 38 initia.C 189
cshift.C 38 predcor.C 51
cshift.C 38 predcor.C 80
cshift.C 39 initia.C 111
cshift.C 39 initia.C 112
cshift.C 39 initia.C 113
cshift.C 39 initia.C 146
cshift.C 39 initia.C 147
cshift.C 39 initia.C 148
cshift.C 39 initia.C 185
cshift.C 39 initia.C 187
cshift.C 39 initia.C 189
cshift.C 39 predcor.C 51
cshift.C 39 predcor.C 80
cshift.C 40 initia.C 111
cshift.C 40 initia.C 112
cshift.C 40 initia.C 113
cshift.C 40 initia.C 146
cshift.C 40 initia.C 147
cshift.C 40 initia.C 148
cshift.C 40 initia.C 185
cshift.C 40 initia.C 187
cshift.C 40 initia.C 189
cshift.C 40 predcor.C 51
cshift.C 40 predcor.C 80
cshift.C 41 initia.C 111
cshift.C 41 initia.C 112
cshift.C 41 initia.C 113
cshift.C 41 initia.C 146
cshift.C 41 initia.C 147
cshift.C 41 initia.C 148
cshift.C 41 initia.C 185
cshift.C 41 initia.C 187
cshift.C 41 initia.C 189
cshift.C 41 predcor.C 51
cshift.C 41 predcor.C 80
cshift.C 42 initia.C 111
cshift.C 42 initia.C 112
cshift.C 42 initia.C 113
cshift.C 42 initia.C 146
cshift.C 42 initia.C 147
cshift.C 42 initia.C 148
cshift.C 42 initia.C 185
cshift.C 42 initia.C 187
cshift.C 42 initia.C 189
cshift.C 42 predcor.C 51
cshift.C 42 predcor.C 80
cshift.C 43 initia.C 111
cshift.C 43 initia.C 112
cshift.C 43 initia.C 113
cshift.C 43 initia.C 146
cshift.C 43 initia.C 147
cshift.C 43 initia.C 148
cshift.C 43 initia.C 185
cshift.C 43 initia.C 187
cshift.C 43 initia.C 189
cshift.C 43 predcor.C 51
cshift.C 43 predcor.C 80
cshift.C 44 initia.C 111
cshift.C 44 initia.C 112
cshift.C 44 initia.C 113
cshift.C 44 initia.C 146
cshift.C 44 initia.C 147
cshift.C 44 initia.C 148
cshift.C 44 initia.C 185
cshift.C 44 initia.C 187
cshift.C 44 initia.C 189
cshift.C 44 predcor.C 51
cshift.C 44 predcor.C 80
cshift.C 45 initia.C 111
cshift.C 45 initia.C 112
cshift.C 45 initia.C 113
cshift.C 45 initia.C 146
cshift.C 45 initia.C 147
cshift.C 45 initia.C 148
cshift.C 45 initia.C 185
cshift.C 45 initia.C 187
cshift.C 45 initia.C 189
cshift.C 45 predcor.C 51
cshift.C 45 predcor.C 80
cshift.C 46 initia.C 111
cshift.C 46 initia.C 112
cshift.C 46 initia.C 113
cshift.C 46 initia.C 146
cshift.C 46 initia.C 147
cshift.C 46 initia.C 148
cshift.C 46 initia.C 185
cshift.C 46 initia.C 187
cshift.C 46 initia.C 189
cshift.C 46 predcor.C 51
cshift.C 46 predcor.C 80
cshift.C 47 initia.C 111
cshift.C 47 initia.C 112
cshift.C 47 initia.C 113
cshift.C 47 initia.C 146
cshift.C 47 initia.C 147
cshift.C 47 initia.C 148
cshift.C 47 initia.C 185
cshift.C 47 initia.C 187
cshift.C 47 initia.C 189
cshift.C 47 predcor.C 51
cshift.C 47 predcor.C 80
cshift.C 48 initia.C 111
cshift.C 48 initia.C 112
cshift.C 48 initia.C 113
cshift.C 48 initia.C 146
cshift.C 48 initia.C 147
cshift.C 48 initia.C 148
cshift.C 48 initia.C 185
cshift.C 48 initia.C 187
cshift.C 48 initia.C 189
cshift.C 48 predcor.C 51
cshift.C 48 predcor.C 80
interf.C 68 interf.C 68
interf.C 68 interf.C 158
interf.C 68 interf.C 159
interf.C 68 interf.C 160
interf.C 68 interf.C 169
interf.C 68 interf.C 170
interf.C 68 interf.C 171
interf.C 68 interf.C 181
interf.C 68 interf.C 182
interf.C 68 interf.C 183
interf.C 68 interf.C 245
interf.C 68 interf.C 247
interf.C 68 interf.C 249
interf.C 68 interf.C 251
interf.C 68 interf.C 253
interf.C 68 interf.C 255
interf.C 68 interf.C 257
interf.C 68 interf.C 259
interf.C 68 interf.C 261
interf.C 68 interf.C 267
interf.C 68 interf.C 269
interf.C 68 interf.C 271
interf.C 68 interf.C 273
interf.C 68 interf.C 275
interf.C 68 interf.C 277
interf.C 68 interf.C 279
interf.C 68 interf.C 281
interf.C 68 interf.C 283
interf.C 73 water.C 206
interf.C 73 water.C 208
interf.C 73 water.C 210
interf.C 85 syscons.C 64
interf.C 89 intraf.C 54
interf.C 89 poteng.C 52
interf.C 89 poteng.C 55
interf.C 89 poteng.C 58
interf.C 89 syscons.C 36
interf.C 89 syscons.C 41
interf.C 89 syscons.C 43
interf.C 91 intraf.C 54
interf.C 91 poteng.C 52
interf.C 91 poteng.C 55
interf.C 91 poteng.C 58
interf.C 91 syscons.C 36
interf.C 91 syscons.C 41
interf.C 91 syscons.C 43
interf.C 93 intraf.C 54
interf.C 93 poteng.C 52
interf.C 93 poteng.C 55
interf.C 93 poteng.C 58
interf.C 93 syscons.C 36
interf.C 93 syscons.C 41
interf.C 93 syscons.C 43
interf.C 99 syscons.C 58
interf.C 106 syscons.C 58
interf.C 107 cnstnt.C 96
interf.C 107 syscons.C 57
interf.C 111 syscons.C 58
interf.C 112 cnstnt.C 95
interf.C 112 syscons.C 56
interf.C 115 syscons.C 58
interf.C 117 cnstnt.C 79
interf.C 117 syscons.C 55
interf.C 124 cnstnt.C 81
interf.C 124 cnstnt.C 89
interf.C 127 cnstnt.C 83
interf.C 127 cnstnt.C 90
interf.C 132 cnstnt.C 85
interf.C 132 cnstnt.C 87
interf.C 132 cnstnt.C 91
interf.C 132 cnstnt.C 92
interf.C 146 intraf.C 133
interf.C 146 mdmain.C 67
interf.C 146 mdmain.C 119
interf.C 153 syscons.C 64
interf.C 154 water.C 206
interf.C 154 water.C 208
interf.C 154 water.C 210
interf.C 158 bndry.C 36
interf.C 158 bndry.C 38
interf.C 158 bndry.C 39
interf.C 158 bndry.C 40
interf.C 158 bndry.C 42
interf.C 158 bndry.C 43
interf.C 158 bndry.C 44
interf.C 158 bndry.C 45
interf.C 158 interf.C 68
interf.C 158 interf.C 198
interf.C 158 interf.C 199
interf.C 158 interf.C 200
interf.C 158 interf.C 245
interf.C 158 interf.C 247
interf.C 158 interf.C 249
interf.C 158 interf.C 251
interf.C 158 interf.C 253
interf.C 158 interf.C 255
interf.C 158 interf.C 257
interf.C 158 interf.C 259
interf.C 158 interf.C 261
interf.C 158 interf.C 267
interf.C 158 interf.C 269
interf.C 158 interf.C 271
interf.C 158 interf.C 273
interf.C 158 interf.C 275
interf.C 158 interf.C 277
interf.C 158 interf.C 279
interf.C 158 interf.C 281
interf.C 158 interf.C 283
interf.C 158 intraf.C 54
interf.C 158 intraf.C 57
interf.C 158 intraf.C 59
interf.C 158 intraf.C 115
interf.C 158 intraf.C 117
interf.C 158 intraf.C 118
interf.C 158 kineti.C 38
interf.C 158 poteng.C 52
interf.C 158 poteng.C 55
interf.C 158 poteng.C 58
interf.C 158 poteng.C 61
interf.C 158 poteng.C 62
interf.C 158 poteng.C 63
interf.C 158 poteng.C 65
interf.C 158 poteng.C 66
interf.C 158 poteng.C 67
interf.C 159 bndry.C 36
interf.C 159 bndry.C 38
interf.C 159 bndry.C 39
interf.C 159 bndry.C 40
interf.C 159 bndry.C 42
interf.C 159 bndry.C 43
interf.C 159 bndry.C 44
interf.C 159 bndry.C 45
interf.C 159 interf.C 68
interf.C 159 interf.C 198
interf.C 159 interf.C 199
interf.C 159 interf.C 200
interf.C 159 interf.C 245
interf.C 159 interf.C 247
interf.C 159 interf.C 249
interf.C 159 interf.C 251
interf.C 159 interf.C 253
interf.C 159 interf.C 255
interf.C 159 interf.C 257
interf.C 159 interf.C 259
interf.C 159 interf.C 261
interf.C 159 interf.C 267
interf.C 159 interf.C 269
interf.C 159 interf.C 271
interf.C 159 interf.C 273
interf.C 159 interf.C 275
interf.C 159 interf.C 277
interf.C 159 interf.C 279
interf.C 159 interf.C 281
interf.C 159 interf.C 283
interf.C 159 intraf.C 54
interf.C 159 intraf.C 57
interf.C 159 intraf.C 59
interf.C 159 intraf.C 115
interf.C 159 intraf.C 117
interf.C 159 intraf.C 118
interf.C 159 kineti.C 38
interf.C 159 poteng.C 52
interf.C 159 poteng.C 55
interf.C 159 poteng.C 58
interf.C 159 poteng.C 61
interf.C 159 poteng.C 62
interf.C 159 poteng.C 63
interf.C 159 poteng.C 65
interf.C 159 poteng.C 66
interf.C 159 poteng.C 67
interf.C 160 bndry.C 36
interf.C 160 bndry.C 38
interf.C 160 bndry.C 39
interf.C 160 bndry.C 40
interf.C 160 bndry.C 42
interf.C 160 bndry.C 43
interf.C 160 bndry.C 44
interf.C 160 bndry.C 45
interf.C 160 interf.C 68
interf.C 160 interf.C 198
interf.C 160 interf.C 199
interf.C 160 interf.C 200
interf.C 160 interf.C 245
interf.C 160 interf.C 247
interf.C 160 interf.C 249
interf.C 160 interf.C 251
interf.C 160 interf.C 253
interf.C 160 interf.C 255
interf.C 160 interf.C 257
interf.C 160 interf.C 259
interf.C 160 interf.C 261
interf.C 160 interf.C 267
interf.C 160 interf.C 269
interf.C 160 interf.C 271
interf.C 160 interf.C 273
interf.C 160 interf.C 275
interf.C 160 interf.C 277
interf.C 160 interf.C 279
interf.C 160 interf.C 281
interf.C 160 interf.C 283
interf.C 160 intraf.C 54
interf.C 160 intraf.C 57
interf.C 160 intraf.C 59
interf.C 160 intraf.C 115
interf.C 160 intraf.C 117
interf.C 160 intraf.C 118
interf.C 160 kineti.C 38
interf.C 160 poteng.C 52
interf.C 160 poteng.C 55
interf.C 160 poteng.C 58
interf.C 160 poteng.C 61
interf.C 160 poteng.C 62
interf.C 160 poteng.C 63
interf.C 160 poteng.C 65
interf.C 160 poteng.C 66
interf.C 160 poteng.C 67
interf.C 165 water.C 206
interf.C 165 water.C 208
interf.C 165 water.C 210
interf.C 169 bndry.C 36
interf.C 169 bndry.C 38
interf.C 169 bndry.C 39
interf.C 169 bndry.C 40
interf.C 169 bndry.C 42
interf.C 169 bndry.C 43
interf.C 169 bndry.C 44
interf.C 169 bndry.C 45
interf.C 169 interf.C 68
interf.C 169 interf.C 198
interf.C 169 interf.C 199
interf.C 169 interf.C 200
interf.C 169 interf.C 245
interf.C 169 interf.C 247
interf.C 169 interf.C 249
interf.C 169 interf.C 251
interf.C 169 interf.C 253
interf.C 169 interf.C 255
interf.C 169 interf.C 257
interf.C 169 interf.C 259
interf.C 169 interf.C 261
interf.C 169 interf.C 267
interf.C 169 interf.C 269
interf.C 169 interf.C 271
interf.C 169 interf.C 273
interf.C 169 interf.C 275
interf.C 169 interf.C 277
interf.C 169 interf.C 279
interf.C 169 interf.C 281
interf.C 169 interf.C 283
interf.C 169 intraf.C 54
interf.C 169 intraf.C 57
interf.C 169 intraf.C 59
interf.C 169 intraf.C 115
interf.C 169 intraf.C 117
interf.C 169 intraf.C 118
interf.C 169 kineti.C 38
interf.C 169 poteng.C 52
interf.C 169 poteng.C 55
interf.C 169 poteng.C 58
interf.C 169 poteng.C 61
interf.C 169 poteng.C 62
interf.C 169 poteng.C 63
interf.C 169 poteng.C 65
interf.C 169 poteng.C 66
interf.C 169 poteng.C 67
interf.C 170 bndry.C 36
interf.C 170 bndry.C 38
interf.C 170 bndry.C 39
interf.C 170 bndry.C 40
interf.C 170 bndry.C 42
interf.C 170 bndry.C 43
interf.C 170 bndry.C 44
interf.C 170 bndry.C 45
interf.C 170 interf.C 68
interf.C 170 interf.C 198
interf.C 170 interf.C 199
interf.C 170 interf.C 200
interf.C 170 interf.C 245
interf.C 170 interf.C 247
interf.C 170 interf.C 249
interf.C 170 interf.C 251
interf.C 170 interf.C 253
interf.C 170 interf.C 255
interf.C 170 interf.C 257
interf.C 170 interf.C 259
interf.C 170 interf.C 261
interf.C 170 interf.C 267
interf.C 170 interf.C 269
interf.C 170 interf.C 271
interf.C 170 interf.C 273
interf.C 170 interf.C 275
interf.C 170 interf.C 277
interf.C 170 interf.C 279
interf.C 170 interf.C 281
interf.C 170 interf.C 283
interf.C 170 intraf.C 54
interf.C 170 intraf.C 57
interf.C 170 intraf.C 59
interf.C 170 intraf.C 115
interf.C 170 intraf.C 117
interf.C 170 intraf.C 118
interf.C 170 kineti.C 38
interf.C 170 poteng.C 52
interf.C 170 poteng.C 55
interf.C 170 poteng.C 58
interf.C 170 poteng.C 61
interf.C 170 poteng.C 62
interf.C 170 poteng.C 63
interf.C 170 poteng.C 65
interf.C 170 poteng.C 66
interf.C 170 poteng.C 67
interf.C 171 bndry.C 36
interf.C 171 bndry.C 38
interf.C 171 bndry.C 39
interf.C 171 bndry.C 40
interf.C 171 bndry.C 42
interf.C 171 bndry.C 43
interf.C 171 bndry.C 44
interf.C 171 bndry.C 45
interf.C 171 interf.C 68
interf.C 171 interf.C 198
interf.C 171 interf.C 199
interf.C 171 interf.C 200
interf.C 171 interf.C 245
interf.C 171 interf.C 247
interf.C 171 interf.C 249
interf.C 171 interf.C 251
interf.C 171 interf.C 253
interf.C 171 interf.C 255
interf.C 171 interf.C 257
interf.C 171 interf.C 259
interf.C 171 interf.C 261
interf.C 171 interf.C 267
interf.C 171 interf.C 269
interf.C 171 interf.C 271
interf.C 171 interf.C 273
interf.C 171 interf.C 275
interf.C 171 interf.C 277
interf.C 171 interf.C 279
interf.C 171 interf.C 281
interf.C 171 interf.C 283
interf.C 171 intraf.C 54
interf.C 171 intraf.C 57
interf.C 171 intraf.C 59
interf.C 171 intraf.C 115
interf.C 171 intraf.C 117
interf.C 171 intraf.C 118
interf.C 171 kineti.C 38
interf.C 171 poteng.C 52
interf.C 171 poteng.C 55
interf.C 171 poteng.C 58
interf.C 171 poteng.C 61
interf.C 171 poteng.C 62
interf.C 171 poteng.C 63
interf.C 171 poteng.C 65
interf.C 171 poteng.C 66
interf.C 171 poteng.C 67
interf.C 177 water.C 206
interf.C 177 water.C 208
interf.C 177 water.C 210
interf.C 181 bndry.C 36
interf.C 181 bndry.C 38
interf.C 181 bndry.C 39
interf.C 181 bndry.C 40
interf.C 181 bndry.C 42
interf.C 181 bndry.C 43
interf.C 181 bndry.C 44
interf.C 181 bndry.C 45
interf.C 181 interf.C 68
interf.C 181 interf.C 198
interf.C 181 interf.C 199
interf.C 181 interf.C 200
interf.C 181 interf.C 245
interf.C 181 interf.C 247
interf.C 181 interf.C 249
interf.C 181 interf.C 251
interf.C 181 interf.C 253
interf.C 181 interf.C 255
interf.C 181 interf.C 257
interf.C 181 interf.C 259
interf.C 181 interf.C 261
interf.C 181 interf.C 267
interf.C 181 interf.C 269
interf.C 181 interf.C 271
interf.C 181 interf.C 273
interf.C 181 interf.C 275
interf.C 181 interf.C 277
interf.C 181 interf.C 279
interf.C 181 interf.C 281
interf.C 181 interf.C 283
interf.C 181 intraf.C 54
interf.C 181 intraf.C 57
interf.C 181 intraf.C 59
interf.C 181 intraf.C 115
interf.C 181 intraf.C 117
interf.C 181 intraf.C 118
interf.C 181 kineti.C 38
interf.C 181 poteng.C 52
interf.C 181 poteng.C 55
interf.C 181 poteng.C 58
interf.C 181 poteng.C 61
interf.C 181 poteng.C 62
interf.C 181 poteng.C 63
interf.C 181 poteng.C 65
interf.C 181 poteng.C 66
interf.C 181 poteng.C 67
interf.C 182 bndry.C 36
interf.C 182 bndry.C 38
interf.C 182 bndry.C 39
interf.C 182 bndry.C 40
interf.C 182 bndry.C 42
interf.C 182 bndry.C 43
interf.C 182 bndry.C 44
interf.C 182 bndry.C 45
interf.C 182 interf.C 68
interf.C 182 interf.C 198
interf.C 182 interf.C 199
interf.C 182 interf.C 200
interf.C 182 interf.C 245
interf.C 182 interf.C 247
interf.C 182 interf.C 249
interf.C 182 interf.C 251
interf.C 182 interf.C 253
interf.C 182 interf.C 255
interf.C 182 interf.C 257
interf.C 182 interf.C 259
interf.C 182 interf.C 261
interf.C 182 interf.C 267
interf.C 182 interf.C 269
interf.C 182 interf.C 271
interf.C 182 interf.C 273
interf.C 182 interf.C 275
interf.C 182 interf.C 277
interf.C 182 interf.C 279
interf.C 182 interf.C 281
interf.C 182 interf.C 283
interf.C 182 intraf.C 54
interf.C 182 intraf.C 57
interf.C 182 intraf.C 59
interf.C 182 intraf.C 115
interf.C 182 intraf.C 117
interf.C 182 intraf.C 118
interf.C 182 kineti.C 38
interf.C 182 poteng.C 52
interf.C 182 poteng.C 55
interf.C 182 poteng.C 58
interf.C 182 poteng.C 61
interf.C 182 poteng.C 62
interf.C 182 poteng.C 63
interf.C 182 poteng.C 65
interf.C 182 poteng.C 66
interf.C 182 poteng.C 67
interf.C 183 bndry.C 36
interf.C 183 bndry.C 38
interf.C 183 bndry.C 39
interf.C 183 bndry.C 40
interf.C 183 bndry.C 42
interf.C 183 bndry.C 43
interf.C 183 bndry.C 44
interf.C 183 bndry.C 45
interf.C 183 interf.C 68
interf.C 183 interf.C 198
interf.C 183 interf.C 199
interf.C 183 interf.C 200
interf.C 183 interf.C 245
interf.C 183 interf.C 247
interf.C 183 interf.C 249
interf.C 183 interf.C 251
interf.C 183 interf.C 253
interf.C 183 interf.C 255
interf.C 183 interf.C 257
interf.C 183 interf.C 259
interf.C 183 interf.C 261
interf.C 183 interf.C 267
interf.C 183 interf.C 269
interf.C 183 interf.C 271
interf.C 183 interf.C 273
interf.C 183 interf.C 275
interf.C 183 interf.C 277
interf.C 183 interf.C 279
interf.C 183 interf.C 281
interf.C 183 interf.C 283
interf.C 183 intraf.C 54
interf.C 183 intraf.C 57
interf.C 183 intraf.C 59
interf.C 183 intraf.C 115
interf.C 183 intraf.C 117
interf.C 183 intraf.C 118
interf.C 183 kineti.C 38
interf.C 183 poteng.C 52
interf.C 183 poteng.C 55
interf.C 183 poteng.C 58
interf.C 183 poteng.C 61
interf.C 183 poteng.C 62
interf.C 183 poteng.C 63
interf.C 183 poteng.C 65
interf.C 183 poteng.C 66
interf.C 183 poteng.C 67
interf.C 195 water.C 206
interf.C 195 water.C 208
interf.C 195 water.C 210
interf.C 198 bndry.C 36
interf.C 198 bndry.C 38
interf.C 198 bndry.C 39
interf.C 198 bndry.C 40
interf.C 198 bndry.C 42
interf.C 198 bndry.C 43
interf.C 198 bndry.C 44
interf.C 198 bndry.C 45
interf.C 198 interf.C 158
interf.C 198 interf.C 159
interf.C 198 interf.C 160
interf.C 198 interf.C 169
interf.C 198 interf.C 170
interf.C 198 interf.C 171
interf.C 198 interf.C 181
interf.C 198 interf.C 182
interf.C 198 interf.C 183
interf.C 198 interf.C 198
interf.C 198 interf.C 199
interf.C 198 interf.C 200
interf.C 198 intraf.C 54
interf.C 198 intraf.C 57
interf.C 198 intraf.C 59
interf.C 198 intraf.C 115
interf.C 198 intraf.C 117
interf.C 198 intraf.C 118
interf.C 198 kineti.C 38
interf.C 198 poteng.C 52
interf.C 198 poteng.C 55
interf.C 198 poteng.C 58
interf.C 198 poteng.C 61
interf.C 198 poteng.C 62
interf.C 198 poteng.C 63
interf.C 198 poteng.C 65
interf.C 198 poteng.C 66
interf.C 198 poteng.C 67
interf.C 198 syscons.C 62
interf.C 199 bndry.C 36
interf.C 199 bndry.C 38
interf.C 199 bndry.C 39
interf.C 199 bndry.C 40
interf.C 199 bndry.C 42
interf.C 199 bndry.C 43
interf.C 199 bndry.C 44
interf.C 199 bndry.C 45
interf.C 199 interf.C 158
interf.C 199 interf.C 159
interf.C 199 interf.C 160
interf.C 199 interf.C 169
interf.C 199 interf.C 170
interf.C 199 interf.C 171
interf.C 199 interf.C 181
interf.C 199 interf.C 182
interf.C 199 interf.C 183
interf.C 199 interf.C 198
interf.C 199 interf.C 199
interf.C 199 interf.C 200
interf.C 199 intraf.C 54
interf.C 199 intraf.C 57
interf.C 199 intraf.C 59
interf.C 199 intraf.C 115
interf.C 199 intraf.C 117
interf.C 199 intraf.C 118
interf.C 199 kineti.C 38
interf.C 199 poteng.C 52
interf.C 199 poteng.C 55
interf.C 199 poteng.C 58
interf.C 199 poteng.C 61
interf.C 199 poteng.C 62
interf.C 199 poteng.C 63
interf.C 199 poteng.C 65
interf.C 199 poteng.C 66
interf.C 199 poteng.C 67
interf.C 199 syscons.C 63
interf.C 200 bndry.C 36
interf.C 200 bndry.C 38
interf.C 200 bndry.C 39
interf.C 200 bndry.C 40
interf.C 200 bndry.C 42
interf.C 200 bndry.C 43
interf.C 200 bndry.C 44
interf.C 200 bndry.C 45
interf.C 200 interf.C 158
interf.C 200 interf.C 159
interf.C 200 interf.C 160
interf.C 200 interf.C 169
interf.C 200 interf.C 170
interf.C 200 interf.C 171
interf.C 200 interf.C 181
interf.C 200 interf.C 182
interf.C 200 interf.C 183
interf.C 200 interf.C 198
interf.C 200 interf.C 199
interf.C 200 interf.C 200
interf.C 200 intraf.C 54
interf.C 200 intraf.C 57
interf.C 200 intraf.C 59
interf.C 200 intraf.C 115
interf.C 200 intraf.C 117
interf.C 200 intraf.C 118
interf.C 200 kineti.C 38
interf.C 200 poteng.C 52
interf.C 200 poteng.C 55
interf.C 200 poteng.C 58
interf.C 200 poteng.C 61
interf.C 200 poteng.C 62
interf.C 200 poteng.C 63
interf.C 200 poteng.C 65
interf.C 200 poteng.C 66
interf.C 200 poteng.C 67
interf.C 200 syscons.C 62
interf.C 223 cnstnt.C 93
interf.C 224 cnstnt.C 93
interf.C 225 cnstnt.C 93
interf.C 232 cnstnt.C 94
interf.C 233 cnstnt.C 94
interf.C 234 cnstnt.C 94
interf.C 235 cnstnt.C 94
interf.C 236 cnstnt.C 94
interf.C 237 cnstnt.C 94
interf.C 238 cnstnt.C 94
interf.C 239 cnstnt.C 94
interf.C 240 cnstnt.C 94
interf.C 242 water.C 177
interf.C 243 water.C 177
interf.C 244 water.C 177
interf.C 245 interf.C 68
interf.C 245 interf.C 158
interf.C 245 interf.C 159
interf.C 245 interf.C 160
interf.C 245 interf.C 169
interf.C 245 interf.C 170
interf.C 245 interf.C 171
interf.C 245 interf.C 181
interf.C 245 interf.C 182
interf.C 245 interf.C 183
interf.C 245 interf.C 245
interf.C 245 interf.C 247
interf.C 245 interf.C 249
interf.C 245 interf.C 251
interf.C 245 interf.C 253
interf.C 245 interf.C 255
interf.C 245 interf.C 257
interf.C 245 interf.C 259
interf.C 245 interf.C 261
interf.C 245 interf.C 267
interf.C 245 interf.C 269
interf.C 245 interf.C 271
interf.C 245 interf.C 273
interf.C 245 interf.C 275
interf.C 245 interf.C 277
interf.C 245 interf.C 279
interf.C 245 interf.C 281
interf.C 245 interf.C 283
interf.C 247 cnstnt.C 93
interf.C 247 interf.C 68
interf.C 247 interf.C 158
interf.C 247 interf.C 159
interf.C 247 interf.C 160
interf.C 247 interf.C 169
interf.C 247 interf.C 170
interf.C 247 interf.C 171
interf.C 247 interf.C 181
interf.C 247 interf.C 182
interf.C 247 interf.C 183
interf.C 247 interf.C 245
interf.C 247 interf.C 247
interf.C 247 interf.C 249
interf.C 247 interf.C 251
interf.C 247 interf.C 253
interf.C 247 interf.C 255
interf.C 247 interf.C 257
interf.C 247 interf.C 259
interf.C 247 interf.C 261
interf.C 247 interf.C 267
interf.C 247 interf.C 269
interf.C 247 interf.C 271
interf.C 247 interf.C 273
interf.C 247 interf.C 275
interf.C 247 interf.C 277
interf.C 247 interf.C 279
interf.C 247 interf.C 281
interf.C 247 interf.C 283
interf.C 249 interf.C 68
interf.C 249 interf.C 158
interf.C 249 interf.C 159
interf.C 249 interf.C 160
interf.C 249 interf.C 169
interf.C 249 interf.C 170
interf.C 249 interf.C 171
interf.C 249 interf.C 181
interf.C 249 interf.C 182
interf.C 249 interf.C 183
interf.C 249 interf.C 245
interf.C 249 interf.C 247
interf.C 249 interf.C 249
interf.C 249 interf.C 251
interf.C 249 interf.C 253
interf.C 249 interf.C 255
interf.C 249 interf.C 257
interf.C 249 interf.C 259
interf.C 249 interf.C 261
interf.C 249 interf.C 267
interf.C 249 interf.C 269
interf.C 249 interf.C 271
interf.C 249 interf.C 273
interf.C 249 interf.C 275
interf.C 249 interf.C 277
interf.C 249 interf.C 279
interf.C 249 interf.C 281
interf.C 249 interf.C 283
interf.C 251 interf.C 68
interf.C 251 interf.C 158
interf.C 251 interf.C 159
interf.C 251 interf.C 160
interf.C 251 interf.C 169
interf.C 251 interf.C 170
interf.C 251 interf.C 171
interf.C 251 interf.C 181
interf.C 251 interf.C 182
interf.C 251 interf.C 183
interf.C 251 interf.C 245
interf.C 251 interf.C 247
interf.C 251 interf.C 249
interf.C 251 interf.C 251
interf.C 251 interf.C 253
interf.C 251 interf.C 255
interf.C 251 interf.C 257
interf.C 251 interf.C 259
interf.C 251 interf.C 261
interf.C 251 interf.C 267
interf.C 251 interf.C 269
interf.C 251 interf.C 271
interf.C 251 interf.C 273
interf.C 251 interf.C 275
interf.C 251 interf.C 277
interf.C 251 interf.C 279
interf.C 251 interf.C 281
interf.C 251 interf.C 283
interf.C 253 cnstnt.C 93
interf.C 253 interf.C 68
interf.C 253 interf.C 158
interf.C 253 interf.C 159
interf.C 253 interf.C 160
interf.C 253 interf.C 169
interf.C 253 interf.C 170
interf.C 253 interf.C 171
interf.C 253 interf.C 181
interf.C 253 interf.C 182
interf.C 253 interf.C 183
interf.C 253 interf.C 245
interf.C 253 interf.C 247
interf.C 253 interf.C 249
interf.C 253 interf.C 251
interf.C 253 interf.C 253
interf.C 253 interf.C 255
interf.C 253 interf.C 257
interf.C 253 interf.C 259
interf.C 253 interf.C 261
interf.C 253 interf.C 267
interf.C 253 interf.C 269
interf.C 253 interf.C 271
interf.C 253 interf.C 273
interf.C 253 interf.C 275
interf.C 253 interf.C 277
interf.C 253 interf.C 279
interf.C 253 interf.C 281
interf.C 253 interf.C 283
interf.C 255 interf.C 68
interf.C 255 interf.C 158
interf.C 255 interf.C 159
interf.C 255 interf.C 160
interf.C 255 interf.C 169
interf.C 255 interf.C 170
interf.C 255 interf.C 171
interf.C 255 interf.C 181
interf.C 255 interf.C 182
interf.C 255 interf.C 183
interf.C 255 interf.C 245
interf.C 255 interf.C 247
interf.C 255 interf.C 249
interf.C 255 interf.C 251
interf.C 255 interf.C 253
interf.C 255 interf.C 255
interf.C 255 interf.C 257
interf.C 255 interf.C 259
interf.C 255 interf.C 261
interf.C 255 interf.C 267
interf.C 255 interf.C 269
interf.C 255 interf.C 271
interf.C 255 interf.C 273
interf.C 255 interf.C 275
interf.C 255 interf.C 277
interf.C 255 interf.C 279
interf.C 255 interf.C 281
interf.C 255 interf.C 283
interf.C 257 interf.C 68
interf.C 257 interf.C 158
interf.C 257 interf.C 159
interf.C 257 interf.C 160
interf.C 257 interf.C 169
interf.C 257 interf.C 170
interf.C 257 interf.C 171
interf.C 257 interf.C 181
interf.C 257 interf.C 182
interf.C 257 interf.C 183
interf.C 257 interf.C 245
interf.C 257 interf.C 247
interf.C 257 interf.C 249
interf.C 257 interf.C 251
interf.C 257 interf.C 253
interf.C 257 interf.C 255
interf.C 257 interf.C 257
interf.C 257 interf.C 259
interf.C 257 interf.C 261
interf.C 257 interf.C 267
interf.C 257 interf.C 269
interf.C 257 interf.C 271
interf.C 257 interf.C 273
interf.C 257 interf.C 275
interf.C 257 interf.C 277
interf.C 257 interf.C 279
interf.C 257 interf.C 281
interf.C 257 interf.C 283
interf.C 259 cnstnt.C 93
interf.C 259 interf.C 68
interf.C 259 interf.C 158
interf.C 259 interf.C 159
interf.C 259 interf.C 160
interf.C 259 interf.C 169
interf.C 259 interf.C 170
interf.C 259 interf.C 171
interf.C 259 interf.C 181
interf.C 259 interf.C 182
interf.C 259 interf.C 183
interf.C 259 interf.C 245
interf.C 259 interf.C 247
interf.C 259 interf.C 249
interf.C 259 interf.C 251
interf.C 259 interf.C 253
interf.C 259 interf.C 255
interf.C 259 interf.C 257
interf.C 259 interf.C 259
interf.C 259 interf.C 261
interf.C 259 interf.C 267
interf.C 259 interf.C 269
interf.C 259 interf.C 271
interf.C 259 interf.C 273
interf.C 259 interf.C 275
interf.C 259 interf.C 277
interf.C 259 interf.C 279
interf.C 259 interf.C 281
interf.C 259 interf.C 283
interf.C 261 interf.C 68
interf.C 261 interf.C 158
interf.C 261 interf.C 159
interf.C 261 interf.C 160
interf.C 261 interf.C 169
interf.C 261 interf.C 170
interf.C 261 interf.C 171
interf.C 261 interf.C 181
interf.C 261 interf.C 182
interf.C 261 interf.C 183
interf.C 261 interf.C 245
interf.C 261 interf.C 247
interf.C 261 interf.C 249
interf.C 261 interf.C 251
interf.C 261 interf.C 253
interf.C 261 interf.C 255
interf.C 261 interf.C 257
interf.C 261 interf.C 259
interf.C 261 interf.C 261
interf.C 261 interf.C 267
interf.C 261 interf.C 269
interf.C 261 interf.C 271
interf.C 261 interf.C 273
interf.C 261 interf.C 275
interf.C 261 interf.C 277
interf.C 261 interf.C 279
interf.C 261 interf.C 281
interf.C 261 interf.C 283
interf.C 264 water.C 177
interf.C 265 water.C 177
interf.C 266 water.C 177
interf.C 267 interf.C 68
interf.C 267 interf.C 158
interf.C 267 interf.C 159
interf.C 267 interf.C 160
interf.C 267 interf.C 169
interf.C 267 interf.C 170
interf.C 267 interf.C 171
interf.C 267 interf.C 181
interf.C 267 interf.C 182
interf.C 267 interf.C 183
interf.C 267 interf.C 245
interf.C 267 interf.C 247
interf.C 267 interf.C 249
interf.C 267 interf.C 251
interf.C 267 interf.C 253
interf.C 267 interf.C 255
interf.C 267 interf.C 257
interf.C 267 interf.C 259
interf.C 267 interf.C 261
interf.C 267 interf.C 267
interf.C 267 interf.C 269
interf.C 267 interf.C 271
interf.C 267 interf.C 273
interf.C 267 interf.C 275
interf.C 267 interf.C 277
interf.C 267 interf.C 279
interf.C 267 interf.C 281
interf.C 267 interf.C 283
interf.C 269 cnstnt.C 93
interf.C 269 interf.C 68
interf.C 269 interf.C 158
interf.C 269 interf.C 159
interf.C 269 interf.C 160
interf.C 269 interf.C 169
interf.C 269 interf.C 170
interf.C 269 interf.C 171
interf.C 269 interf.C 181
interf.C 269 interf.C 182
interf.C 269 interf.C 183
interf.C 269 interf.C 245
interf.C 269 interf.C 247
interf.C 269 interf.C 249
interf.C 269 interf.C 251
interf.C 269 interf.C 253
interf.C 269 interf.C 255
interf.C 269 interf.C 257
interf.C 269 interf.C 259
interf.C 269 interf.C 261
interf.C 269 interf.C 267
interf.C 269 interf.C 269
interf.C 269 interf.C 271
interf.C 269 interf.C 273
interf.C 269 interf.C 275
interf.C 269 interf.C 277
interf.C 269 interf.C 279
interf.C 269 interf.C 281
interf.C 269 interf.C 283
interf.C 271 interf.C 68
interf.C 271 interf.C 158
interf.C 271 interf.C 159
interf.C 271 interf.C 160
interf.C 271 interf.C 169
interf.C 271 interf.C 170
interf.C 271 interf.C 171
interf.C 271 interf.C 181
interf.C 271 interf.C 182
interf.C 271 interf.C 183
interf.C 271 interf.C 245
interf.C 271 interf.C 247
interf.C 271 interf.C 249
interf.C 271 interf.C 251
interf.C 271 interf.C 253
interf.C 271 interf.C 255
interf.C 271 interf.C 257
interf.C 271 interf.C 259
interf.C 271 interf.C 261
interf.C 271 interf.C 267
interf.C 271 interf.C 269
interf.C 271 interf.C 271
interf.C 271 interf.C 273
interf.C 271 interf.C 275
interf.C 271 interf.C 277
interf.C 271 interf.C 279
interf.C 271 interf.C 281
interf.C 271 interf.C 283
interf.C 273 interf.C 68
interf.C 273 interf.C 158
interf.C 273 interf.C 159
interf.C 273 interf.C 160
interf.C 273 interf.C 169
interf.C 273 interf.C 170
interf.C 273 interf.C 171
interf.C 273 interf.C 181
interf.C 273 interf.C 182
interf.C 273 interf.C 183
interf.C 273 interf.C 245
interf.C 273 interf.C 247
interf.C 273 interf.C 249
interf.C 273 interf.C 251
interf.C 273 interf.C 253
interf.C 273 interf.C 255
interf.C 273 interf.C 257
interf.C 273 interf.C 259
interf.C 273 interf.C 261
interf.C 273 interf.C 267
interf.C 273 interf.C 269
interf.C 273 interf.C 271
interf.C 273 interf.C 273
interf.C 273 interf.C 275
interf.C 273 interf.C 277
interf.C 273 interf.C 279
interf.C 273 interf.C 281
interf.C 273 interf.C 283
interf.C 275 cnstnt.C 93
interf.C 275 interf.C 68
interf.C 275 interf.C 158
interf.C 275 interf.C 159
interf.C 275 interf.C 160
interf.C 275 interf.C 169
interf.C 275 interf.C 170
interf.C 275 interf.C 171
interf.C 275 interf.C 181
interf.C 275 interf.C 182
interf.C 275 interf.C 183
interf.C 275 interf.C 245
interf.C 275 interf.C 247
interf.C 275 interf.C 249
interf.C 275 interf.C 251
interf.C 275 interf.C 253
interf.C 275 interf.C 255
interf.C 275 interf.C 257
interf.C 275 interf.C 259
interf.C 275 interf.C 261
interf.C 275 interf.C 267
interf.C 275 interf.C 269
interf.C 275 interf.C 271
interf.C 275 interf.C 273
interf.C 275 interf.C 275
interf.C 275 interf.C 277
interf.C 275 interf.C 279
interf.C 275 interf.C 281
interf.C 275 interf.C 283
interf.C 277 interf.C 68
interf.C 277 interf.C 158
interf.C 277 interf.C 159
interf.C 277 interf.C 160
interf.C 277 interf.C 169
interf.C 277 interf.C 170
interf.C 277 interf.C 171
interf.C 277 interf.C 181
interf.C 277 interf.C 182
interf.C 277 interf.C 183
interf.C 277 interf.C 245
interf.C 277 interf.C 247
interf.C 277 interf.C 249
interf.C 277 interf.C 251
interf.C 277 interf.C 253
interf.C 277 interf.C 255
interf.C 277 interf.C 257
interf.C 277 interf.C 259
interf.C 277 interf.C 261
interf.C 277 interf.C 267
interf.C 277 interf.C 269
interf.C 277 interf.C 271
interf.C 277 interf.C 273
interf.C 277 interf.C 275
interf.C 277 interf.C 277
interf.C 277 interf.C 279
interf.C 277 interf.C 281
interf.C 277 interf.C 283
interf.C 279 interf.C 68
interf.C 279 interf.C 158
interf.C 279 interf.C 159
interf.C 279 interf.C 160
interf.C 279 interf.C 169
interf.C 279 interf.C 170
interf.C 279 interf.C 171
interf.C 279 interf.C 181
interf.C 279 interf.C 182
interf.C 279 interf.C 183
interf.C 279 interf.C 245
interf.C 279 interf.C 247
interf.C 279 interf.C 249
interf.C 279 interf.C 251
interf.C 279 interf.C 253
interf.C 279 interf.C 255
interf.C 279 interf.C 257
interf.C 279 interf.C 259
interf.C 279 interf.C 261
interf.C 279 interf.C 267
interf.C 279 interf.C 269
interf.C 279 interf.C 271
interf.C 279 interf.C 273
interf.C 279 interf.C 275
interf.C 279 interf.C 277
interf.C 279 interf.C 279
interf.C 279 interf.C 281
interf.C 279 interf.C 283
interf.C 281 cnstnt.C 93
interf.C 281 interf.C 68
interf.C 281 interf.C 158
interf.C 281 interf.C 159
interf.C 281 interf.C 160
interf.C 281 interf.C 169
interf.C 281 interf.C 170
interf.C 281 interf.C 171
interf.C 281 interf.C 181
interf.C 281 interf.C 182
interf.C 281 interf.C 183
interf.C 281 interf.C 245
interf.C 281 interf.C 247
interf.C 281 interf.C 249
interf.C 281 interf.C 251
interf.C 281 interf.C 253
interf.C 281 interf.C 255
interf.C 281 interf.C 257
interf.C 281 interf.C 259
interf.C 281 interf.C 261
interf.C 281 interf.C 267
interf.C 281 interf.C 269
interf.C 281 interf.C 271
interf.C 281 interf.C 273
interf.C 281 interf.C 275
interf.C 281 interf.C 277
interf.C 281 interf.C 279
interf.C 281 interf.C 281
interf.C 281 interf.C 283
interf.C 283 interf.C 68
interf.C 283 interf.C 158
interf.C 283 interf.C 159
interf.C 283 interf.C 160
interf.C 283 interf.C 169
interf.C 283 interf.C 170
interf.C 283 interf.C 171
interf.C 283 interf.C 181
interf.C 283 interf.C 182
interf.C 283 interf.C 183
interf.C 283 interf.C 245
interf.C 283 interf.C 247
interf.C 283 interf.C 249
interf.C 283 interf.C 251
interf.C 283 interf.C 253
interf.C 283 interf.C 255
interf.C 283 interf.C 257
interf.C 283 interf.C 259
interf.C 283 interf.C 261
interf.C 283 interf.C 267
interf.C 283 interf.C 269
interf.C 283 interf.C 271
interf.C 283 interf.C 273
interf.C 283 interf.C 275
interf.C 283 interf.C 277
interf.C 283 interf.C 279
interf.C 283 interf.C 281
interf.C 283 interf.C 283
intraf.C 47 water.C 206
intraf.C 47 water.C 208
intraf.C 47 water.C 210
intraf.C 54 bndry.C 38
intraf.C 54 bndry.C 39
intraf.C 54 bndry.C 40
intraf.C 54 bndry.C 43
intraf.C 54 bndry.C 44
intraf.C 54 bndry.C 45
intraf.C 54 cnstnt.C 93
intraf.C 54 cnstnt.C 94
intraf.C 54 interf.C 89
intraf.C 54 interf.C 91
intraf.C 54 interf.C 93
intraf.C 54 interf.C 158
intraf.C 54 interf.C 159
intraf.C 54 interf.C 160
intraf.C 54 interf.C 169
intraf.C 54 interf.C 170
intraf.C 54 interf.C 171
intraf.C 54 interf.C 181
intraf.C 54 interf.C 182
intraf.C 54 interf.C 183
intraf.C 54 interf.C 198
intraf.C 54 interf.C 199
intraf.C 54 interf.C 200
intraf.C 54 intraf.C 54
intraf.C 54 intraf.C 115
intraf.C 54 intraf.C 117
intraf.C 54 intraf.C 118
intraf.C 54 poteng.C 52
intraf.C 54 poteng.C 55
intraf.C 54 poteng.C 58
intraf.C 54 poteng.C 113
intraf.C 54 poteng.C 115
intraf.C 54 poteng.C 117
intraf.C 57 bndry.C 38
intraf.C 57 bndry.C 39
intraf.C 57 bndry.C 40
intraf.C 57 bndry.C 43
intraf.C 57 bndry.C 44
intraf.C 57 bndry.C 45
intraf.C 57 interf.C 158
intraf.C 57 interf.C 159
intraf.C 57 interf.C 160
intraf.C 57 interf.C 169
intraf.C 57 interf.C 170
intraf.C 57 interf.C 171
intraf.C 57 interf.C 181
intraf.C 57 interf.C 182
intraf.C 57 interf.C 183
intraf.C 57 interf.C 198
intraf.C 57 interf.C 199
intraf.C 57 interf.C 200
intraf.C 57 intraf.C 115
intraf.C 57 intraf.C 117
intraf.C 57 intraf.C 118
intraf.C 59 bndry.C 38
intraf.C 59 bndry.C 39
intraf.C 59 bndry.C 40
intraf.C 59 bndry.C 43
intraf.C 59 bndry.C 44
intraf.C 59 bndry.C 45
intraf.C 59 interf.C 158
intraf.C 59 interf.C 159
intraf.C 59 interf.C 160
intraf.C 59 interf.C 169
intraf.C 59 interf.C 170
intraf.C 59 interf.C 171
intraf.C 59 interf.C 181
intraf.C 59 interf.C 182
intraf.C 59 interf.C 183
intraf.C 59 interf.C 198
intraf.C 59 interf.C 199
intraf.C 59 interf.C 200
intraf.C 59 intraf.C 115
intraf.C 59 intraf.C 117
intraf.C 59 intraf.C 118
intraf.C 71 cnstnt.C 39
intraf.C 71 cnstnt.C 42
intraf.C 73 cnstnt.C 39
intraf.C 75 cnstnt.C 39
intraf.C 80 cnstnt.C 39
intraf.C 81 cnstnt.C 39
intraf.C 90 cnstnt.C 57
intraf.C 90 cnstnt.C 59
intraf.C 90 cnstnt.C 60
intraf.C 91 cnstnt.C 58
intraf.C 91 cnstnt.C 60
intraf.C 92 cnstnt.C 57
intraf.C 92 cnstnt.C 59
intraf.C 92 cnstnt.C 60
intraf.C 93 cnstnt.C 40
intraf.C 93 cnstnt.C 61
intraf.C 93 cnstnt.C 63
intraf.C 93 cnstnt.C 64
intraf.C 93 cnstnt.C 65
intraf.C 93 cnstnt.C 66
intraf.C 95 cnstnt.C 40
intraf.C 95 cnstnt.C 62
intraf.C 95 cnstnt.C 64
intraf.C 95 cnstnt.C 65
intraf.C 95 cnstnt.C 66
intraf.C 97 cnstnt.C 40
intraf.C 97 cnstnt.C 61
intraf.C 97 cnstnt.C 63
intraf.C 97 cnstnt.C 64
intraf.C 97 cnstnt.C 65
intraf.C 97 cnstnt.C 66
intraf.C 99 cnstnt.C 41
intraf.C 99 cnstnt.C 67
intraf.C 99 cnstnt.C 69
intraf.C 99 cnstnt.C 70
intraf.C 99 cnstnt.C 71
intraf.C 99 cnstnt.C 72
intraf.C 99 cnstnt.C 73
intraf.C 99 cnstnt.C 74
intraf.C 99 cnstnt.C 75
intraf.C 103 cnstnt.C 41
intraf.C 103 cnstnt.C 68
intraf.C 103 cnstnt.C 71
intraf.C 103 cnstnt.C 72
intraf.C 103 cnstnt.C 73
intraf.C 103 cnstnt.C 74
intraf.C 103 cnstnt.C 75
intraf.C 107 cnstnt.C 41
intraf.C 107 cnstnt.C 67
intraf.C 107 cnstnt.C 69
intraf.C 107 cnstnt.C 70
intraf.C 107 cnstnt.C 71
intraf.C 107 cnstnt.C 72
intraf.C 107 cnstnt.C 73
intraf.C 107 cnstnt.C 74
intraf.C 107 cnstnt.C 75
intraf.C 115 bndry.C 36
intraf.C 115 bndry.C 38
intraf.C 115 bndry.C 39
intraf.C 115 bndry.C 40
intraf.C 115 bndry.C 42
intraf.C 115 bndry.C 43
intraf.C 115 bndry.C 44
intraf.C 115 bndry.C 45
intraf.C 115 interf.C 158
intraf.C 115 interf.C 159
intraf.C 115 interf.C 160
intraf.C 115 interf.C 169
intraf.C 115 interf.C 170
intraf.C 115 interf.C 171
intraf.C 115 interf.C 181
intraf.C 115 interf.C 182
intraf.C 115 interf.C 183
intraf.C 115 interf.C 198
intraf.C 115 interf.C 199
intraf.C 115 interf.C 200
intraf.C 115 intraf.C 54
intraf.C 115 intraf.C 57
intraf.C 115 intraf.C 59
intraf.C 115 intraf.C 115
intraf.C 115 intraf.C 117
intraf.C 115 intraf.C 118
intraf.C 115 kineti.C 38
intraf.C 115 poteng.C 52
intraf.C 115 poteng.C 55
intraf.C 115 poteng.C 58
intraf.C 115 poteng.C 61
intraf.C 115 poteng.C 62
intraf.C 115 poteng.C 63
intraf.C 115 poteng.C 65
intraf.C 115 poteng.C 66
intraf.C 115 poteng.C 67
intraf.C 117 bndry.C 36
intraf.C 117 bndry.C 38
intraf.C 117 bndry.C 39
intraf.C 117 bndry.C 40
intraf.C 117 bndry.C 42
intraf.C 117 bndry.C 43
intraf.C 117 bndry.C 44
intraf.C 117 bndry.C 45
intraf.C 117 interf.C 158
intraf.C 117 interf.C 159
intraf.C 117 interf.C 160
intraf.C 117 interf.C 169
intraf.C 117 interf.C 170
intraf.C 117 interf.C 171
intraf.C 117 interf.C 181
intraf.C 117 interf.C 182
intraf.C 117 interf.C 183
intraf.C 117 interf.C 198
intraf.C 117 interf.C 199
intraf.C 117 interf.C 200
intraf.C 117 intraf.C 54
intraf.C 117 intraf.C 57
intraf.C 117 intraf.C 59
intraf.C 117 intraf.C 115
intraf.C 117 intraf.C 117
intraf.C 117 intraf.C 118
intraf.C 117 kineti.C 38
intraf.C 117 poteng.C 52
intraf.C 117 poteng.C 55
intraf.C 117 poteng.C 58
intraf.C 117 poteng.C 61
intraf.C 117 poteng.C 62
intraf.C 117 poteng.C 63
intraf.C 117 poteng.C 65
intraf.C 117 poteng.C 66
intraf.C 117 poteng.C 67
intraf.C 118 bndry.C 36
intraf.C 118 bndry.C 38
intraf.C 118 bndry.C 39
intraf.C 118 bndry.C 40
intraf.C 118 bndry.C 42
intraf.C 118 bndry.C 43
intraf.C 118 bndry.C 44
intraf.C 118 bndry.C 45
intraf.C 118 interf.C 158
intraf.C 118 interf.C 159
intraf.C 118 interf.C 160
intraf.C 118 interf.C 169
intraf.C 118 interf.C 170
intraf.C 118 interf.C 171
intraf.C 118 interf.C 181
intraf.C 118 interf.C 182
intraf.C 118 interf.C 183
intraf.C 118 interf.C 198
intraf.C 118 interf.C 199
intraf.C 118 interf.C 200
intraf.C 118 intraf.C 54
intraf.C 118 intraf.C 57
intraf.C 118 intraf.C 59
intraf.C 118 intraf.C 115
intraf.C 118 intraf.C 117
intraf.C 118 intraf.C 118
intraf.C 118 kineti.C 38
intraf.C 118 poteng.C 52
intraf.C 118 poteng.C 55
intraf.C 118 poteng.C 58
intraf.C 118 poteng.C 61
intraf.C 118 poteng.C 62
intraf.C 118 poteng.C 63
intraf.C 118 poteng.C 65
intraf.C 118 poteng.C 66
intraf.C 118 poteng.C 67
intraf.C 126 water.C 206
intraf.C 126 water.C 208
intraf.C 126 water.C 210
intraf.C 129 initia.C 111
intraf.C 129 initia.C 112
intraf.C 129 initia.C 113
intraf.C 129 initia.C 146
intraf.C 129 initia.C 147
intraf.C 129 initia.C 148
intraf.C 129 initia.C 185
intraf.C 129 initia.C 187
intraf.C 129 initia.C 189
intraf.C 129 predcor.C 51
intraf.C 129 predcor.C 80
intraf.C 133 interf.C 146
intraf.C 133 mdmain.C 67
intraf.C 133 mdmain.C 119
kineti.C 36 water.C 206
kineti.C 36 water.C 208
kineti.C 36 water.C 210
kineti.C 38 bndry.C 38
kineti.C 38 bndry.C 39
kineti.C 38 bndry.C 40
kineti.C 38 bndry.C 43
kineti.C 38 bndry.C 44
kineti.C 38 bndry.C 45
kineti.C 38 interf.C 158
kineti.C 38 interf.C 159
kineti.C 38 interf.C 160
kineti.C 38 interf.C 169
kineti.C 38 interf.C 170
kineti.C 38 interf.C 171
kineti.C 38 interf.C 181
kineti.C 38 interf.C 182
kineti.C 38 interf.C 183
kineti.C 38 interf.C 198
kineti.C 38 interf.C 199
kineti.C 38 interf.C 200
kineti.C 38 intraf.C 115
kineti.C 38 intraf.C 117
kineti.C 38 intraf.C 118
kineti.C 43 mdmain.C 72
kineti.C 43 mdmain.C 118
kineti.C 43 mdmain.C 148
mdmain.C 43 water.C 184
mdmain.C 47 water.C 184
mdmain.C 65 mdmain.C 65
mdmain.C 65 mdmain.C 163
mdmain.C 67 interf.C 146
mdmain.C 67 intraf.C 133
mdmain.C 67 mdmain.C 67
mdmain.C 67 mdmain.C 119
mdmain.C 68 mdmain.C 68
mdmain.C 68 mdmain.C 141
mdmain.C 68 poteng.C 159
mdmain.C 69 mdmain.C 69
mdmain.C 69 mdmain.C 142
mdmain.C 69 poteng.C 160
mdmain.C 70 mdmain.C 70
mdmain.C 70 mdmain.C 143
mdmain.C 70 poteng.C 161
mdmain.C 72 kineti.C 43
mdmain.C 72 mdmain.C 72
mdmain.C 72 mdmain.C 118
mdmain.C 72 mdmain.C 148
mdmain.C 76 mdmain.C 76
mdmain.C 76 mdmain.C 86
mdmain.C 76 mdmain.C 102
mdmain.C 76 mdmain.C 115
mdmain.C 79 water.C 184
mdmain.C 82 water.C 184
mdmain.C 85 mdmain.C 85
mdmain.C 85 mdmain.C 86
mdmain.C 85 mdmain.C 114
mdmain.C 85 mdmain.C 115
mdmain.C 86 mdmain.C 76
mdmain.C 86 mdmain.C 85
mdmain.C 86 mdmain.C 86
mdmain.C 86 mdmain.C 102
mdmain.C 86 mdmain.C 114
mdmain.C 86 mdmain.C 115
mdmain.C 86 water.C 235
mdmain.C 86 water.C 258
mdmain.C 86 water.C 260
mdmain.C 91 mdmain.C 91
mdmain.C 91 mdmain.C 98
mdmain.C 91 mdmain.C 129
mdmain.C 91 mdmain.C 138
mdmain.C 97 mdmain.C 97
mdmain.C 97 mdmain.C 98
mdmain.C 97 mdmain.C 137
mdmain.C 97 mdmain.C 138
mdmain.C 98 mdmain.C 91
mdmain.C 98 mdmain.C 97
mdmain.C 98 mdmain.C 98
mdmain.C 98 mdmain.C 129
mdmain.C 98 mdmain.C 137
mdmain.C 98 mdmain.C 138
mdmain.C 98 water.C 236
mdmain.C 98 water.C 259
mdmain.C 98 water.C 260
mdmain.C 102 mdmain.C 76
mdmain.C 102 mdmain.C 86
mdmain.C 102 mdmain.C 102
mdmain.C 102 mdmain.C 115
mdmain.C 109 cnstnt.C 43
mdmain.C 109 cnstnt.C 44
mdmain.C 111 water.C 184
mdmain.C 114 mdmain.C 85
mdmain.C 114 mdmain.C 86
mdmain.C 114 mdmain.C 114
mdmain.C 114 mdmain.C 115
mdmain.C 115 mdmain.C 76
mdmain.C 115 mdmain.C 85
mdmain.C 115 mdmain.C 86
mdmain.C 115 mdmain.C 102
mdmain.C 115 mdmain.C 114
mdmain.C 115 mdmain.C 115
mdmain.C 115 water.C 235
mdmain.C 115 water.C 258
mdmain.C 115 water.C 260
mdmain.C 118 kineti.C 43
mdmain.C 118 mdmain.C 72
mdmain.C 119 interf.C 146
mdmain.C 119 intraf.C 133
mdmain.C 119 mdmain.C 67
mdmain.C 129 mdmain.C 91
mdmain.C 129 mdmain.C 98
mdmain.C 129 mdmain.C 129
mdmain.C 129 mdmain.C 138
mdmain.C 134 water.C 184
mdmain.C 137 mdmain.C 97
mdmain.C 137 mdmain.C 98
mdmain.C 137 mdmain.C 137
mdmain.C 137 mdmain.C 138
mdmain.C 138 mdmain.C 91
mdmain.C 138 mdmain.C 97
mdmain.C 138 mdmain.C 98
mdmain.C 138 mdmain.C 129
mdmain.C 138 mdmain.C 137
mdmain.C 138 mdmain.C 138
mdmain.C 138 water.C 236
mdmain.C 138 water.C 259
mdmain.C 138 water.C 260
mdmain.C 141 mdmain.C 68
mdmain.C 141 poteng.C 159
mdmain.C 141 syscons.C 34
mdmain.C 142 mdmain.C 69
mdmain.C 142 poteng.C 160
mdmain.C 142 syscons.C 34
mdmain.C 143 mdmain.C 70
mdmain.C 143 poteng.C 161
mdmain.C 143 syscons.C 34
mdmain.C 146 syscons.C 34
mdmain.C 147 syscons.C 35
mdmain.C 147 water.C 117
mdmain.C 148 kineti.C 43
mdmain.C 148 mdmain.C 72
mdmain.C 148 syscons.C 35
mdmain.C 152 water.C 115
mdmain.C 159 water.C 184
mdmain.C 162 mdmain.C 162
mdmain.C 162 mdmain.C 163
mdmain.C 163 mdmain.C 65
mdmain.C 163 mdmain.C 162
mdmain.C 163 mdmain.C 163
mdmain.C 163 water.C 234
mdmain.C 163 water.C 257
mdmain.C 163 water.C 260
poteng.C 47 water.C 206
poteng.C 47 water.C 208
poteng.C 47 water.C 210
poteng.C 52 bndry.C 38
poteng.C 52 bndry.C 39
poteng.C 52 bndry.C 40
poteng.C 52 bndry.C 43
poteng.C 52 bndry.C 44
poteng.C 52 bndry.C 45
poteng.C 52 cnstnt.C 93
poteng.C 52 cnstnt.C 94
poteng.C 52 interf.C 89
poteng.C 52 interf.C 91
poteng.C 52 interf.C 93
poteng.C 52 interf.C 158
poteng.C 52 interf.C 159
poteng.C 52 interf.C 160
poteng.C 52 interf.C 169
poteng.C 52 interf.C 170
poteng.C 52 interf.C 171
poteng.C 52 interf.C 181
poteng.C 52 interf.C 182
poteng.C 52 interf.C 183
poteng.C 52 interf.C 198
poteng.C 52 interf.C 199
poteng.C 52 interf.C 200
poteng.C 52 intraf.C 54
poteng.C 52 intraf.C 115
poteng.C 52 intraf.C 117
poteng.C 52 intraf.C 118
poteng.C 52 poteng.C 52
poteng.C 52 poteng.C 55
poteng.C 52 poteng.C 58
poteng.C 52 poteng.C 113
poteng.C 52 poteng.C 115
poteng.C 52 poteng.C 117
poteng.C 55 bndry.C 38
poteng.C 55 bndry.C 39
poteng.C 55 bndry.C 40
poteng.C 55 bndry.C 43
poteng.C 55 bndry.C 44
poteng.C 55 bndry.C 45
poteng.C 55 cnstnt.C 93
poteng.C 55 cnstnt.C 94
poteng.C 55 interf.C 89
poteng.C 55 interf.C 91
poteng.C 55 interf.C 93
poteng.C 55 interf.C 158
poteng.C 55 interf.C 159
poteng.C 55 interf.C 160
poteng.C 55 interf.C 169
poteng.C 55 interf.C 170
poteng.C 55 interf.C 171
poteng.C 55 interf.C 181
poteng.C 55 interf.C 182
poteng.C 55 interf.C 183
poteng.C 55 interf.C 198
poteng.C 55 interf.C 199
poteng.C 55 interf.C 200
poteng.C 55 intraf.C 54
poteng.C 55 intraf.C 115
poteng.C 55 intraf.C 117
poteng.C 55 intraf.C 118
poteng.C 55 poteng.C 52
poteng.C 55 poteng.C 55
poteng.C 55 poteng.C 58
poteng.C 55 poteng.C 113
poteng.C 55 poteng.C 115
poteng.C 55 poteng.C 117
poteng.C 58 bndry.C 38
poteng.C 58 bndry.C 39
poteng.C 58 bndry.C 40
poteng.C 58 bndry.C 43
poteng.C 58 bndry.C 44
poteng.C 58 bndry.C 45
poteng.C 58 cnstnt.C 93
poteng.C 58 cnstnt.C 94
poteng.C 58 interf.C 89
poteng.C 58 interf.C 91
poteng.C 58 interf.C 93
poteng.C 58 interf.C 158
poteng.C 58 interf.C 159
poteng.C 58 interf.C 160
poteng.C 58 interf.C 169
poteng.C 58 interf.C 170
poteng.C 58 interf.C 171
poteng.C 58 interf.C 181
poteng.C 58 interf.C 182
poteng.C 58 interf.C 183
poteng.C 58 interf.C 198
poteng.C 58 interf.C 199
poteng.C 58 interf.C 200
poteng.C 58 intraf.C 54
poteng.C 58 intraf.C 115
poteng.C 58 intraf.C 117
poteng.C 58 intraf.C 118
poteng.C 58 poteng.C 52
poteng.C 58 poteng.C 55
poteng.C 58 poteng.C 58
poteng.C 58 poteng.C 113
poteng.C 58 poteng.C 115
poteng.C 58 poteng.C 117
poteng.C 61 bndry.C 38
poteng.C 61 bndry.C 39
poteng.C 61 bndry.C 40
poteng.C 61 bndry.C 43
poteng.C 61 bndry.C 44
poteng.C 61 bndry.C 45
poteng.C 61 interf.C 158
poteng.C 61 interf.C 159
poteng.C 61 interf.C 160
poteng.C 61 interf.C 169
poteng.C 61 interf.C 170
poteng.C 61 interf.C 171
poteng.C 61 interf.C 181
poteng.C 61 interf.C 182
poteng.C 61 interf.C 183
poteng.C 61 interf.C 198
poteng.C 61 interf.C 199
poteng.C 61 interf.C 200
poteng.C 61 intraf.C 115
poteng.C 61 intraf.C 117
poteng.C 61 intraf.C 118
poteng.C 62 bndry.C 38
poteng.C 62 bndry.C 39
poteng.C 62 bndry.C 40
poteng.C 62 bndry.C 43
poteng.C 62 bndry.C 44
poteng.C 62 bndry.C 45
poteng.C 62 interf.C 158
poteng.C 62 interf.C 159
poteng.C 62 interf.C 160
poteng.C 62 interf.C 169
poteng.C 62 interf.C 170
poteng.C 62 interf.C 171
poteng.C 62 interf.C 181
poteng.C 62 interf.C 182
poteng.C 62 interf.C 183
poteng.C 62 interf.C 198
poteng.C 62 interf.C 199
poteng.C 62 interf.C 200
poteng.C 62 intraf.C 115
poteng.C 62 intraf.C 117
poteng.C 62 intraf.C 118
poteng.C 63 bndry.C 38
poteng.C 63 bndry.C 39
poteng.C 63 bndry.C 40
poteng.C 63 bndry.C 43
poteng.C 63 bndry.C 44
poteng.C 63 bndry.C 45
poteng.C 63 interf.C 158
poteng.C 63 interf.C 159
poteng.C 63 interf.C 160
poteng.C 63 interf.C 169
poteng.C 63 interf.C 170
poteng.C 63 interf.C 171
poteng.C 63 interf.C 181
poteng.C 63 interf.C 182
poteng.C 63 interf.C 183
poteng.C 63 interf.C 198
poteng.C 63 interf.C 199
poteng.C 63 interf.C 200
poteng.C 63 intraf.C 115
poteng.C 63 intraf.C 117
poteng.C 63 intraf.C 118
poteng.C 65 bndry.C 38
poteng.C 65 bndry.C 39
poteng.C 65 bndry.C 40
poteng.C 65 bndry.C 43
poteng.C 65 bndry.C 44
poteng.C 65 bndry.C 45
poteng.C 65 interf.C 158
poteng.C 65 interf.C 159
poteng.C 65 interf.C 160
poteng.C 65 interf.C 169
poteng.C 65 interf.C 170
poteng.C 65 interf.C 171
poteng.C 65 interf.C 181
poteng.C 65 interf.C 182
poteng.C 65 interf.C 183
poteng.C 65 interf.C 198
poteng.C 65 interf.C 199
poteng.C 65 interf.C 200
poteng.C 65 intraf.C 115
poteng.C 65 intraf.C 117
poteng.C 65 intraf.C 118
poteng.C 66 bndry.C 38
poteng.C 66 bndry.C 39
poteng.C 66 bndry.C 40
poteng.C 66 bndry.C 43
poteng.C 66 bndry.C 44
poteng.C 66 bndry.C 45
poteng.C 66 interf.C 158
poteng.C 66 interf.C 159
poteng.C 66 interf.C 160
poteng.C 66 interf.C 169
poteng.C 66 interf.C 170
poteng.C 66 interf.C 171
poteng.C 66 interf.C 181
poteng.C 66 interf.C 182
poteng.C 66 interf.C 183
poteng.C 66 interf.C 198
poteng.C 66 interf.C 199
poteng.C 66 interf.C 200
poteng.C 66 intraf.C 115
poteng.C 66 intraf.C 117
poteng.C 66 intraf.C 118
poteng.C 67 bndry.C 38
poteng.C 67 bndry.C 39
poteng.C 67 bndry.C 40
poteng.C 67 bndry.C 43
poteng.C 67 bndry.C 44
poteng.C 67 bndry.C 45
poteng.C 67 interf.C 158
poteng.C 67 interf.C 159
poteng.C 67 interf.C 160
poteng.C 67 interf.C 169
poteng.C 67 interf.C 170
poteng.C 67 interf.C 171
poteng.C 67 interf.C 181
poteng.C 67 interf.C 182
poteng.C 67 interf.C 183
poteng.C 67 interf.C 198
poteng.C 67 interf.C 199
poteng.C 67 interf.C 200
poteng.C 67 intraf.C 115
poteng.C 67 intraf.C 117
poteng.C 67 intraf.C 118
poteng.C 75 cnstnt.C 39
poteng.C 75 cnstnt.C 42
poteng.C 76 cnstnt.C 39
poteng.C 77 cnstnt.C 39
poteng.C 82 cnstnt.C 40
poteng.C 82 cnstnt.C 57
poteng.C 82 cnstnt.C 58
poteng.C 82 cnstnt.C 59
poteng.C 82 cnstnt.C 60
poteng.C 82 cnstnt.C 61
poteng.C 82 cnstnt.C 62
poteng.C 82 cnstnt.C 63
poteng.C 82 cnstnt.C 64
poteng.C 82 cnstnt.C 65
poteng.C 82 cnstnt.C 66
poteng.C 86 cnstnt.C 41
poteng.C 86 cnstnt.C 67
poteng.C 86 cnstnt.C 68
poteng.C 86 cnstnt.C 69
poteng.C 86 cnstnt.C 70
poteng.C 86 cnstnt.C 71
poteng.C 86 cnstnt.C 72
poteng.C 86 cnstnt.C 73
poteng.C 86 cnstnt.C 74
poteng.C 86 cnstnt.C 75
poteng.C 99 water.C 206
poteng.C 99 water.C 208
poteng.C 99 water.C 210
poteng.C 112 syscons.C 64
poteng.C 113 intraf.C 54
poteng.C 113 poteng.C 52
poteng.C 113 poteng.C 55
poteng.C 113 poteng.C 58
poteng.C 113 syscons.C 36
poteng.C 113 syscons.C 41
poteng.C 113 syscons.C 43
poteng.C 115 intraf.C 54
poteng.C 115 poteng.C 52
poteng.C 115 poteng.C 55
poteng.C 115 poteng.C 58
poteng.C 115 syscons.C 36
poteng.C 115 syscons.C 41
poteng.C 115 syscons.C 43
poteng.C 117 intraf.C 54
poteng.C 117 poteng.C 52
poteng.C 117 poteng.C 55
poteng.C 117 poteng.C 58
poteng.C 117 syscons.C 36
poteng.C 117 syscons.C 41
poteng.C 117 syscons.C 43
poteng.C 122 syscons.C 58
poteng.C 127 syscons.C 58
poteng.C 131 syscons.C 47
poteng.C 131 syscons.C 52
poteng.C 131 water.C 119
poteng.C 132 syscons.C 58
poteng.C 135 cnstnt.C 79
poteng.C 135 cnstnt.C 95
poteng.C 135 cnstnt.C 96
poteng.C 138 syscons.C 55
poteng.C 138 syscons.C 56
poteng.C 145 cnstnt.C 80
poteng.C 145 cnstnt.C 81
poteng.C 145 cnstnt.C 82
poteng.C 145 cnstnt.C 83
poteng.C 145 cnstnt.C 84
poteng.C 145 cnstnt.C 85
poteng.C 145 cnstnt.C 86
poteng.C 145 cnstnt.C 87
poteng.C 159 mdmain.C 68
poteng.C 159 mdmain.C 141
poteng.C 160 mdmain.C 69
poteng.C 160 mdmain.C 142
poteng.C 161 mdmain.C 70
poteng.C 161 mdmain.C 143
predcor.C 41 water.C 206
predcor.C 41 water.C 208
predcor.C 41 water.C 210
predcor.C 48 cnstnt.C 102
predcor.C 48 cnstnt.C 106
predcor.C 48 cnstnt.C 109
predcor.C 48 initia.C 111
predcor.C 48 initia.C 112
predcor.C 48 initia.C 113
predcor.C 48 initia.C 146
predcor.C 48 initia.C 147
predcor.C 48 initia.C 148
predcor.C 48 initia.C 185
predcor.C 48 initia.C 187
predcor.C 48 initia.C 189
predcor.C 48 predcor.C 51
predcor.C 48 predcor.C 80
predcor.C 51 cshift.C 36
predcor.C 51 cshift.C 37
predcor.C 51 cshift.C 38
predcor.C 51 cshift.C 39
predcor.C 51 cshift.C 40
predcor.C 51 cshift.C 41
predcor.C 51 cshift.C 42
predcor.C 51 cshift.C 43
predcor.C 51 cshift.C 44
predcor.C 51 cshift.C 45
predcor.C 51 cshift.C 46
predcor.C 51 cshift.C 47
predcor.C 51 cshift.C 48
predcor.C 51 initia.C 111
predcor.C 51 initia.C 112
predcor.C 51 initia.C 113
predcor.C 51 initia.C 142
predcor.C 51 initia.C 143
predcor.C 51 initia.C 144
predcor.C 51 initia.C 146
predcor.C 51 initia.C 147
predcor.C 51 initia.C 148
predcor.C 51 initia.C 163
predcor.C 51 initia.C 167
predcor.C 51 initia.C 171
predcor.C 51 initia.C 185
predcor.C 51 initia.C 187
predcor.C 51 initia.C 189
predcor.C 51 intraf.C 129
predcor.C 51 predcor.C 48
predcor.C 51 predcor.C 51
predcor.C 51 predcor.C 78
predcor.C 51 predcor.C 80
predcor.C 75 water.C 206
predcor.C 75 water.C 208
predcor.C 75 water.C 210
predcor.C 78 initia.C 111
predcor.C 78 initia.C 112
predcor.C 78 initia.C 113
predcor.C 78 initia.C 146
predcor.C 78 initia.C 147
predcor.C 78 initia.C 148
predcor.C 78 initia.C 185
predcor.C 78 initia.C 187
predcor.C 78 initia.C 189
predcor.C 78 predcor.C 51
predcor.C 78 predcor.C 80
predcor.C 80 cnstnt.C 119
predcor.C 80 cnstnt.C 127
predcor.C 80 cnstnt.C 128
predcor.C 80 cnstnt.C 129
predcor.C 80 cnstnt.C 132
predcor.C 80 cnstnt.C 133
predcor.C 80 cnstnt.C 134
predcor.C 80 cnstnt.C 135
predcor.C 80 cnstnt.C 138
predcor.C 80 cnstnt.C 139
predcor.C 80 cnstnt.C 140
predcor.C 80 cnstnt.C 141
predcor.C 80 cnstnt.C 142
predcor.C 80 cnstnt.C 145
predcor.C 80 cnstnt.C 146
predcor.C 80 cnstnt.C 147
predcor.C 80 cnstnt.C 148
predcor.C 80 cnstnt.C 149
predcor.C 80 cnstnt.C 150
predcor.C 80 cnstnt.C 153
predcor.C 80 cnstnt.C 154
predcor.C 80 cnstnt.C 155
predcor.C 80 cnstnt.C 156
predcor.C 80 cnstnt.C 157
predcor.C 80 cnstnt.C 158
predcor.C 80 cnstnt.C 159
predcor.C 80 cshift.C 36
predcor.C 80 cshift.C 37
predcor.C 80 cshift.C 38
predcor.C 80 cshift.C 39
predcor.C 80 cshift.C 40
predcor.C 80 cshift.C 41
predcor.C 80 cshift.C 42
predcor.C 80 cshift.C 43
predcor.C 80 cshift.C 44
predcor.C 80 cshift.C 45
predcor.C 80 cshift.C 46
predcor.C 80 cshift.C 47
predcor.C 80 cshift.C 48
predcor.C 80 initia.C 111
predcor.C 80 initia.C 112
predcor.C 80 initia.C 113
predcor.C 80 initia.C 142
predcor.C 80 initia.C 143
predcor.C 80 initia.C 144
predcor.C 80 initia.C 146
predcor.C 80 initia.C 147
predcor.C 80 initia.C 148
predcor.C 80 initia.C 163
predcor.C 80 initia.C 167
predcor.C 80 initia.C 171
predcor.C 80 initia.C 185
predcor.C 80 initia.C 187
predcor.C 80 initia.C 189
predcor.C 80 intraf.C 129
predcor.C 80 predcor.C 48
predcor.C 80 predcor.C 51
predcor.C 80 predcor.C 78
predcor.C 80 predcor.C 80
water.C 274 water.C 241
water.C 287 water.C 138
water.C 289 water.C 262
water.C 289 water.C 289
