main.c 36 main.c 46
main.c 36 main.c 123
main.c 36 main.c 144
main.c 43 main.c 45
main.c 43 main.c 59
main.c 43 main.c 95
main.c 43 main.c 122
main.c 43 main.c 124
main.c 43 main.c 143
main.c 43 main.c 145
main.c 44 main.c 45
main.c 44 main.c 122
main.c 44 main.c 143
main.c 45 main.c 43
main.c 45 main.c 44
main.c 45 main.c 45
main.c 45 main.c 58
main.c 45 main.c 94
main.c 45 main.c 122
main.c 45 main.c 143
main.c 45 main.c 153
main.c 46 main.c 36
main.c 46 main.c 46
main.c 46 main.c 56
main.c 46 main.c 92
main.c 46 main.c 123
main.c 46 main.c 144
main.c 55 main.c 59
main.c 55 main.c 95
main.c 55 main.c 124
main.c 55 main.c 145
main.c 56 main.c 46
main.c 56 main.c 123
main.c 56 main.c 144
main.c 58 main.c 45
main.c 58 main.c 59
main.c 58 main.c 95
main.c 58 main.c 122
main.c 58 main.c 124
main.c 58 main.c 143
main.c 58 main.c 145
main.c 59 main.c 43
main.c 59 main.c 55
main.c 59 main.c 58
main.c 59 main.c 59
main.c 59 main.c 91
main.c 59 main.c 94
main.c 59 main.c 95
main.c 59 main.c 124
main.c 59 main.c 145
main.c 104 main.c 59
main.c 104 main.c 95
main.c 104 main.c 124
main.c 104 main.c 145
main.c 105 main.c 59
main.c 105 main.c 95
main.c 105 main.c 124
main.c 105 main.c 145
main.c 110 main.c 45
main.c 110 main.c 59
main.c 110 main.c 95
main.c 110 main.c 122
main.c 110 main.c 124
main.c 110 main.c 143
main.c 110 main.c 145
main.c 113 main.c 43
main.c 113 main.c 55
main.c 113 main.c 58
main.c 113 main.c 59
main.c 113 main.c 91
main.c 113 main.c 94
main.c 113 main.c 95
main.c 113 main.c 124
main.c 113 main.c 145
main.c 160 main.c 169
main.c 161 main.c 169
