lu.c 411 lu.c 297
lu.c 412 lu.c 297
lu.c 419 lu.c 127
lu.c 419 lu.c 129
lu.c 419 lu.c 130
lu.c 441 lu.c 128
lu.c 441 lu.c 295
lu.c 446 lu.c 128
lu.c 446 lu.c 295
lu.c 461 lu.c 128
lu.c 461 lu.c 295
lu.c 464 lu.c 314
lu.c 464 lu.c 316
lu.c 464 lu.c 317
lu.c 464 lu.c 319
lu.c 464 lu.c 320
lu.c 464 lu.c 322
lu.c 464 lu.c 326
lu.c 464 lu.c 327
lu.c 464 lu.c 328
lu.c 464 lu.c 329
lu.c 464 lu.c 332
lu.c 464 lu.c 333
lu.c 464 lu.c 335
lu.c 464 lu.c 336
lu.c 464 lu.c 338
lu.c 464 lu.c 339
lu.c 464 lu.c 341
lu.c 464 lu.c 342
lu.c 464 lu.c 344
lu.c 464 lu.c 345
lu.c 464 lu.c 347
lu.c 464 lu.c 348
lu.c 464 lu.c 350
lu.c 464 lu.c 351
lu.c 464 lu.c 353
lu.c 464 lu.c 354
lu.c 464 lu.c 356
lu.c 464 lu.c 357
lu.c 464 lu.c 358
lu.c 464 lu.c 359
lu.c 464 lu.c 369
lu.c 464 lu.c 375
lu.c 464 lu.c 464
lu.c 464 lu.c 465
lu.c 464 lu.c 466
lu.c 464 lu.c 467
lu.c 464 lu.c 468
lu.c 465 lu.c 314
lu.c 465 lu.c 316
lu.c 465 lu.c 317
lu.c 465 lu.c 319
lu.c 465 lu.c 320
lu.c 465 lu.c 322
lu.c 465 lu.c 326
lu.c 465 lu.c 327
lu.c 465 lu.c 328
lu.c 465 lu.c 329
lu.c 465 lu.c 332
lu.c 465 lu.c 333
lu.c 465 lu.c 335
lu.c 465 lu.c 336
lu.c 465 lu.c 338
lu.c 465 lu.c 339
lu.c 465 lu.c 341
lu.c 465 lu.c 342
lu.c 465 lu.c 344
lu.c 465 lu.c 345
lu.c 465 lu.c 347
lu.c 465 lu.c 348
lu.c 465 lu.c 350
lu.c 465 lu.c 351
lu.c 465 lu.c 353
lu.c 465 lu.c 354
lu.c 465 lu.c 356
lu.c 465 lu.c 357
lu.c 465 lu.c 358
lu.c 465 lu.c 359
lu.c 465 lu.c 369
lu.c 465 lu.c 375
lu.c 465 lu.c 464
lu.c 465 lu.c 465
lu.c 465 lu.c 466
lu.c 465 lu.c 467
lu.c 465 lu.c 468
lu.c 466 lu.c 314
lu.c 466 lu.c 316
lu.c 466 lu.c 317
lu.c 466 lu.c 319
lu.c 466 lu.c 320
lu.c 466 lu.c 322
lu.c 466 lu.c 326
lu.c 466 lu.c 327
lu.c 466 lu.c 328
lu.c 466 lu.c 329
lu.c 466 lu.c 332
lu.c 466 lu.c 333
lu.c 466 lu.c 335
lu.c 466 lu.c 336
lu.c 466 lu.c 338
lu.c 466 lu.c 339
lu.c 466 lu.c 341
lu.c 466 lu.c 342
lu.c 466 lu.c 344
lu.c 466 lu.c 345
lu.c 466 lu.c 347
lu.c 466 lu.c 348
lu.c 466 lu.c 350
lu.c 466 lu.c 351
lu.c 466 lu.c 353
lu.c 466 lu.c 354
lu.c 466 lu.c 356
lu.c 466 lu.c 357
lu.c 466 lu.c 358
lu.c 466 lu.c 359
lu.c 466 lu.c 369
lu.c 466 lu.c 375
lu.c 466 lu.c 464
lu.c 466 lu.c 465
lu.c 466 lu.c 466
lu.c 466 lu.c 467
lu.c 466 lu.c 468
lu.c 467 lu.c 314
lu.c 467 lu.c 316
lu.c 467 lu.c 317
lu.c 467 lu.c 319
lu.c 467 lu.c 320
lu.c 467 lu.c 322
lu.c 467 lu.c 326
lu.c 467 lu.c 327
lu.c 467 lu.c 328
lu.c 467 lu.c 329
lu.c 467 lu.c 332
lu.c 467 lu.c 333
lu.c 467 lu.c 335
lu.c 467 lu.c 336
lu.c 467 lu.c 338
lu.c 467 lu.c 339
lu.c 467 lu.c 341
lu.c 467 lu.c 342
lu.c 467 lu.c 344
lu.c 467 lu.c 345
lu.c 467 lu.c 347
lu.c 467 lu.c 348
lu.c 467 lu.c 350
lu.c 467 lu.c 351
lu.c 467 lu.c 353
lu.c 467 lu.c 354
lu.c 467 lu.c 356
lu.c 467 lu.c 357
lu.c 467 lu.c 358
lu.c 467 lu.c 359
lu.c 467 lu.c 369
lu.c 467 lu.c 375
lu.c 467 lu.c 464
lu.c 467 lu.c 465
lu.c 467 lu.c 466
lu.c 467 lu.c 467
lu.c 467 lu.c 468
lu.c 468 lu.c 314
lu.c 468 lu.c 316
lu.c 468 lu.c 317
lu.c 468 lu.c 319
lu.c 468 lu.c 320
lu.c 468 lu.c 322
lu.c 468 lu.c 326
lu.c 468 lu.c 327
lu.c 468 lu.c 328
lu.c 468 lu.c 329
lu.c 468 lu.c 332
lu.c 468 lu.c 333
lu.c 468 lu.c 335
lu.c 468 lu.c 336
lu.c 468 lu.c 338
lu.c 468 lu.c 339
lu.c 468 lu.c 341
lu.c 468 lu.c 342
lu.c 468 lu.c 344
lu.c 468 lu.c 345
lu.c 468 lu.c 347
lu.c 468 lu.c 348
lu.c 468 lu.c 350
lu.c 468 lu.c 351
lu.c 468 lu.c 353
lu.c 468 lu.c 354
lu.c 468 lu.c 356
lu.c 468 lu.c 357
lu.c 468 lu.c 358
lu.c 468 lu.c 359
lu.c 468 lu.c 369
lu.c 468 lu.c 375
lu.c 468 lu.c 464
lu.c 468 lu.c 465
lu.c 468 lu.c 466
lu.c 468 lu.c 467
lu.c 468 lu.c 468
lu.c 472 lu.c 391
lu.c 472 lu.c 394
lu.c 472 lu.c 472
lu.c 473 lu.c 473
lu.c 474 lu.c 392
lu.c 474 lu.c 393
lu.c 474 lu.c 394
lu.c 474 lu.c 474
lu.c 489 lu.c 489
lu.c 489 lu.c 490
lu.c 489 lu.c 506
lu.c 489 lu.c 522
lu.c 489 lu.c 523
lu.c 489 lu.c 539
lu.c 489 lu.c 551
lu.c 489 lu.c 714
lu.c 489 lu.c 716
lu.c 489 lu.c 742
lu.c 489 lu.c 778
lu.c 489 lu.c 814
lu.c 489 lu.c 851
lu.c 489 lu.c 864
lu.c 489 lu.c 886
lu.c 490 lu.c 489
lu.c 490 lu.c 522
lu.c 490 lu.c 551
lu.c 490 lu.c 714
lu.c 490 lu.c 716
lu.c 506 lu.c 489
lu.c 506 lu.c 522
lu.c 506 lu.c 551
lu.c 506 lu.c 714
lu.c 506 lu.c 716
lu.c 522 lu.c 489
lu.c 522 lu.c 490
lu.c 522 lu.c 506
lu.c 522 lu.c 522
lu.c 522 lu.c 523
lu.c 522 lu.c 539
lu.c 522 lu.c 551
lu.c 522 lu.c 714
lu.c 522 lu.c 716
lu.c 522 lu.c 742
lu.c 522 lu.c 778
lu.c 522 lu.c 814
lu.c 522 lu.c 851
lu.c 522 lu.c 864
lu.c 522 lu.c 886
lu.c 523 lu.c 489
lu.c 523 lu.c 522
lu.c 523 lu.c 551
lu.c 523 lu.c 714
lu.c 523 lu.c 716
lu.c 539 lu.c 489
lu.c 539 lu.c 522
lu.c 539 lu.c 551
lu.c 539 lu.c 714
lu.c 539 lu.c 716
lu.c 551 lu.c 489
lu.c 551 lu.c 490
lu.c 551 lu.c 506
lu.c 551 lu.c 522
lu.c 551 lu.c 523
lu.c 551 lu.c 539
lu.c 551 lu.c 551
lu.c 551 lu.c 714
lu.c 551 lu.c 716
lu.c 551 lu.c 742
lu.c 551 lu.c 778
lu.c 551 lu.c 814
lu.c 551 lu.c 851
lu.c 551 lu.c 864
lu.c 551 lu.c 886
lu.c 559 lu.c 128
lu.c 564 lu.c 128
lu.c 569 lu.c 128
lu.c 595 lu.c 227
lu.c 603 lu.c 128
lu.c 603 lu.c 295
lu.c 610 lu.c 227
lu.c 620 lu.c 227
lu.c 634 lu.c 227
lu.c 643 lu.c 128
lu.c 643 lu.c 295
lu.c 658 lu.c 227
lu.c 668 lu.c 227
lu.c 669 lu.c 227
lu.c 757 lu.c 168
lu.c 757 lu.c 170
lu.c 758 lu.c 168
lu.c 758 lu.c 170
lu.c 760 lu.c 168
lu.c 760 lu.c 170
lu.c 761 lu.c 127
lu.c 768 lu.c 168
lu.c 768 lu.c 170
lu.c 769 lu.c 127
lu.c 778 lu.c 489
lu.c 778 lu.c 522
lu.c 778 lu.c 551
lu.c 778 lu.c 714
lu.c 778 lu.c 716
