fft.c 431 fft.c 306
fft.c 432 fft.c 306
fft.c 440 fft.c 138
fft.c 440 fft.c 304
fft.c 447 fft.c 196
fft.c 448 fft.c 555
fft.c 448 fft.c 554
fft.c 451 fft.c 138
fft.c 451 fft.c 196
fft.c 452 fft.c 196
fft.c 452 fft.c 138
fft.c 454 fft.c 236
fft.c 454 fft.c 238
fft.c 454 fft.c 259
fft.c 454 fft.c 260
fft.c 454 fft.c 235
fft.c 454 fft.c 261
fft.c 456 fft.c 304
fft.c 456 fft.c 138
fft.c 461 fft.c 168
fft.c 466 fft.c 238
fft.c 466 fft.c 235
fft.c 466 fft.c 261
fft.c 466 fft.c 170
fft.c 466 fft.c 195
fft.c 466 fft.c 224
fft.c 466 fft.c 236
fft.c 466 fft.c 259
fft.c 466 fft.c 168
fft.c 466 fft.c 222
fft.c 466 fft.c 212
fft.c 466 fft.c 260
fft.c 466 fft.c 148
fft.c 466 fft.c 214
fft.c 470 fft.c 170
fft.c 471 fft.c 224
fft.c 471 fft.c 222
fft.c 471 fft.c 260
fft.c 471 fft.c 235
fft.c 471 fft.c 259
fft.c 471 fft.c 238
fft.c 471 fft.c 212
fft.c 471 fft.c 170
fft.c 471 fft.c 214
fft.c 471 fft.c 195
fft.c 471 fft.c 148
fft.c 471 fft.c 168
fft.c 471 fft.c 236
fft.c 471 fft.c 261
fft.c 475 fft.c 168
fft.c 477 fft.c 374
fft.c 477 fft.c 365
fft.c 477 fft.c 355
fft.c 477 fft.c 334
fft.c 477 fft.c 356
fft.c 477 fft.c 349
fft.c 477 fft.c 346
fft.c 477 fft.c 348
fft.c 477 fft.c 364
fft.c 477 fft.c 352
fft.c 477 fft.c 373
fft.c 477 fft.c 345
fft.c 477 fft.c 478
fft.c 477 fft.c 477
fft.c 477 fft.c 367
fft.c 477 fft.c 370
fft.c 477 fft.c 353
fft.c 477 fft.c 362
fft.c 477 fft.c 358
fft.c 477 fft.c 344
fft.c 477 fft.c 339
fft.c 477 fft.c 343
fft.c 477 fft.c 350
fft.c 477 fft.c 361
fft.c 477 fft.c 359
fft.c 477 fft.c 375
fft.c 477 fft.c 368
fft.c 477 fft.c 347
fft.c 478 fft.c 350
fft.c 478 fft.c 343
fft.c 478 fft.c 364
fft.c 478 fft.c 477
fft.c 478 fft.c 334
fft.c 478 fft.c 368
fft.c 478 fft.c 344
fft.c 478 fft.c 361
fft.c 478 fft.c 356
fft.c 478 fft.c 365
fft.c 478 fft.c 375
fft.c 478 fft.c 345
fft.c 478 fft.c 359
fft.c 478 fft.c 362
fft.c 478 fft.c 348
fft.c 478 fft.c 352
fft.c 478 fft.c 370
fft.c 478 fft.c 346
fft.c 478 fft.c 353
fft.c 478 fft.c 374
fft.c 478 fft.c 358
fft.c 478 fft.c 373
fft.c 478 fft.c 339
fft.c 478 fft.c 349
fft.c 478 fft.c 355
fft.c 478 fft.c 367
fft.c 478 fft.c 347
fft.c 478 fft.c 478
fft.c 481 fft.c 399
fft.c 481 fft.c 391
fft.c 481 fft.c 395
fft.c 481 fft.c 481
fft.c 481 fft.c 393
fft.c 482 fft.c 399
fft.c 482 fft.c 389
fft.c 482 fft.c 482
fft.c 482 fft.c 395
fft.c 493 fft.c 196
fft.c 497 fft.c 212
fft.c 497 fft.c 196
fft.c 497 fft.c 224
fft.c 497 fft.c 214
fft.c 497 fft.c 222
fft.c 498 fft.c 196
fft.c 499 fft.c 801
fft.c 499 fft.c 736
fft.c 499 fft.c 846
fft.c 499 fft.c 789
fft.c 499 fft.c 568
fft.c 499 fft.c 802
fft.c 499 fft.c 534
fft.c 499 fft.c 533
fft.c 499 fft.c 569
fft.c 499 fft.c 694
fft.c 499 fft.c 683
fft.c 499 fft.c 755
fft.c 499 fft.c 772
fft.c 499 fft.c 695
fft.c 499 fft.c 773
fft.c 499 fft.c 843
fft.c 499 fft.c 844
fft.c 499 fft.c 684
fft.c 499 fft.c 735
fft.c 499 fft.c 754
fft.c 499 fft.c 788
fft.c 499 fft.c 845
fft.c 603 fft.c 304
fft.c 603 fft.c 138
fft.c 623 fft.c 138
fft.c 623 fft.c 304
fft.c 643 fft.c 304
fft.c 643 fft.c 138
fft.c 657 fft.c 304
fft.c 657 fft.c 138
fft.c 660 fft.c 172
fft.c 666 fft.c 304
fft.c 666 fft.c 138
fft.c 679 fft.c 569
fft.c 679 fft.c 568
fft.c 680 fft.c 569
fft.c 680 fft.c 568
fft.c 681 fft.c 773
fft.c 681 fft.c 735
fft.c 681 fft.c 802
fft.c 681 fft.c 843
fft.c 681 fft.c 694
fft.c 681 fft.c 534
fft.c 681 fft.c 754
fft.c 681 fft.c 684
fft.c 681 fft.c 772
fft.c 681 fft.c 789
fft.c 681 fft.c 695
fft.c 681 fft.c 846
fft.c 681 fft.c 683
fft.c 681 fft.c 736
fft.c 681 fft.c 533
fft.c 681 fft.c 788
fft.c 681 fft.c 845
fft.c 681 fft.c 801
fft.c 681 fft.c 755
fft.c 681 fft.c 844
fft.c 682 fft.c 534
fft.c 682 fft.c 736
fft.c 682 fft.c 802
fft.c 682 fft.c 844
fft.c 682 fft.c 843
fft.c 682 fft.c 789
fft.c 682 fft.c 773
fft.c 682 fft.c 788
fft.c 682 fft.c 695
fft.c 682 fft.c 755
fft.c 682 fft.c 846
fft.c 682 fft.c 684
fft.c 682 fft.c 694
fft.c 682 fft.c 533
fft.c 682 fft.c 683
fft.c 682 fft.c 754
fft.c 682 fft.c 801
fft.c 682 fft.c 845
fft.c 682 fft.c 735
fft.c 682 fft.c 772
fft.c 683 fft.c 735
fft.c 683 fft.c 736
fft.c 683 fft.c 842
fft.c 683 fft.c 860
fft.c 683 fft.c 755
fft.c 683 fft.c 695
fft.c 683 fft.c 846
fft.c 683 fft.c 841
fft.c 683 fft.c 517
fft.c 683 fft.c 845
fft.c 683 fft.c 534
fft.c 683 fft.c 772
fft.c 683 fft.c 754
fft.c 683 fft.c 533
fft.c 683 fft.c 788
fft.c 683 fft.c 694
fft.c 683 fft.c 499
fft.c 683 fft.c 684
fft.c 683 fft.c 844
fft.c 683 fft.c 683
fft.c 683 fft.c 773
fft.c 683 fft.c 802
fft.c 683 fft.c 843
fft.c 683 fft.c 789
fft.c 683 fft.c 682
fft.c 683 fft.c 837
fft.c 683 fft.c 838
fft.c 683 fft.c 681
fft.c 683 fft.c 801
fft.c 684 fft.c 772
fft.c 684 fft.c 499
fft.c 684 fft.c 533
fft.c 684 fft.c 683
fft.c 684 fft.c 684
fft.c 684 fft.c 860
fft.c 684 fft.c 773
fft.c 684 fft.c 789
fft.c 684 fft.c 735
fft.c 684 fft.c 534
fft.c 684 fft.c 517
fft.c 684 fft.c 838
fft.c 684 fft.c 843
fft.c 684 fft.c 844
fft.c 684 fft.c 842
fft.c 684 fft.c 695
fft.c 684 fft.c 788
fft.c 684 fft.c 736
fft.c 684 fft.c 801
fft.c 684 fft.c 754
fft.c 684 fft.c 837
fft.c 684 fft.c 841
fft.c 684 fft.c 845
fft.c 684 fft.c 802
fft.c 684 fft.c 681
fft.c 684 fft.c 846
fft.c 684 fft.c 694
fft.c 684 fft.c 682
fft.c 684 fft.c 755
fft.c 694 fft.c 842
fft.c 694 fft.c 517
fft.c 694 fft.c 837
fft.c 694 fft.c 681
fft.c 694 fft.c 534
fft.c 694 fft.c 499
fft.c 694 fft.c 736
fft.c 694 fft.c 843
fft.c 694 fft.c 684
fft.c 694 fft.c 846
fft.c 694 fft.c 755
fft.c 694 fft.c 845
fft.c 694 fft.c 860
fft.c 694 fft.c 735
fft.c 694 fft.c 683
fft.c 694 fft.c 841
fft.c 694 fft.c 773
fft.c 694 fft.c 788
fft.c 694 fft.c 694
fft.c 694 fft.c 533
fft.c 694 fft.c 802
fft.c 694 fft.c 754
fft.c 694 fft.c 844
fft.c 694 fft.c 801
fft.c 694 fft.c 838
fft.c 694 fft.c 682
fft.c 694 fft.c 772
fft.c 694 fft.c 789
fft.c 694 fft.c 695
fft.c 695 fft.c 845
fft.c 695 fft.c 534
fft.c 695 fft.c 683
fft.c 695 fft.c 841
fft.c 695 fft.c 773
fft.c 695 fft.c 754
fft.c 695 fft.c 499
fft.c 695 fft.c 694
fft.c 695 fft.c 846
fft.c 695 fft.c 684
fft.c 695 fft.c 860
fft.c 695 fft.c 801
fft.c 695 fft.c 842
fft.c 695 fft.c 517
fft.c 695 fft.c 755
fft.c 695 fft.c 789
fft.c 695 fft.c 838
fft.c 695 fft.c 837
fft.c 695 fft.c 735
fft.c 695 fft.c 802
fft.c 695 fft.c 681
fft.c 695 fft.c 843
fft.c 695 fft.c 844
fft.c 695 fft.c 736
fft.c 695 fft.c 788
fft.c 695 fft.c 682
fft.c 695 fft.c 772
fft.c 695 fft.c 533
fft.c 695 fft.c 695
fft.c 718 fft.c 155
fft.c 718 fft.c 209
fft.c 719 fft.c 155
fft.c 719 fft.c 209
fft.c 724 fft.c 138
fft.c 726 fft.c 138
fft.c 735 fft.c 755
fft.c 735 fft.c 801
fft.c 735 fft.c 842
fft.c 735 fft.c 499
fft.c 735 fft.c 517
fft.c 735 fft.c 846
fft.c 735 fft.c 773
fft.c 735 fft.c 754
fft.c 735 fft.c 684
fft.c 735 fft.c 841
fft.c 735 fft.c 534
fft.c 735 fft.c 788
fft.c 735 fft.c 694
fft.c 735 fft.c 845
fft.c 735 fft.c 683
fft.c 735 fft.c 772
fft.c 735 fft.c 533
fft.c 735 fft.c 789
fft.c 735 fft.c 695
fft.c 735 fft.c 736
fft.c 735 fft.c 844
fft.c 735 fft.c 682
fft.c 735 fft.c 802
fft.c 735 fft.c 843
fft.c 735 fft.c 838
fft.c 735 fft.c 837
fft.c 735 fft.c 735
fft.c 735 fft.c 681
fft.c 735 fft.c 860
fft.c 736 fft.c 838
fft.c 736 fft.c 735
fft.c 736 fft.c 754
fft.c 736 fft.c 534
fft.c 736 fft.c 846
fft.c 736 fft.c 736
fft.c 736 fft.c 842
fft.c 736 fft.c 772
fft.c 736 fft.c 789
fft.c 736 fft.c 684
fft.c 736 fft.c 843
fft.c 736 fft.c 755
fft.c 736 fft.c 837
fft.c 736 fft.c 681
fft.c 736 fft.c 695
fft.c 736 fft.c 773
fft.c 736 fft.c 801
fft.c 736 fft.c 788
fft.c 736 fft.c 844
fft.c 736 fft.c 694
fft.c 736 fft.c 802
fft.c 736 fft.c 499
fft.c 736 fft.c 841
fft.c 736 fft.c 533
fft.c 736 fft.c 517
fft.c 736 fft.c 860
fft.c 736 fft.c 845
fft.c 736 fft.c 683
fft.c 736 fft.c 682
fft.c 754 fft.c 684
fft.c 754 fft.c 773
fft.c 754 fft.c 754
fft.c 754 fft.c 802
fft.c 754 fft.c 843
fft.c 754 fft.c 844
fft.c 754 fft.c 533
fft.c 754 fft.c 789
fft.c 754 fft.c 755
fft.c 754 fft.c 838
fft.c 754 fft.c 837
fft.c 754 fft.c 681
fft.c 754 fft.c 845
fft.c 754 fft.c 842
fft.c 754 fft.c 788
fft.c 754 fft.c 735
fft.c 754 fft.c 682
fft.c 754 fft.c 517
fft.c 754 fft.c 736
fft.c 754 fft.c 860
fft.c 754 fft.c 695
fft.c 754 fft.c 499
fft.c 754 fft.c 846
fft.c 754 fft.c 772
fft.c 754 fft.c 841
fft.c 754 fft.c 801
fft.c 754 fft.c 534
fft.c 754 fft.c 683
fft.c 754 fft.c 694
fft.c 755 fft.c 838
fft.c 755 fft.c 517
fft.c 755 fft.c 802
fft.c 755 fft.c 772
fft.c 755 fft.c 789
fft.c 755 fft.c 844
fft.c 755 fft.c 801
fft.c 755 fft.c 860
fft.c 755 fft.c 837
fft.c 755 fft.c 695
fft.c 755 fft.c 534
fft.c 755 fft.c 682
fft.c 755 fft.c 499
fft.c 755 fft.c 736
fft.c 755 fft.c 843
fft.c 755 fft.c 681
fft.c 755 fft.c 755
fft.c 755 fft.c 684
fft.c 755 fft.c 846
fft.c 755 fft.c 735
fft.c 755 fft.c 773
fft.c 755 fft.c 788
fft.c 755 fft.c 842
fft.c 755 fft.c 533
fft.c 755 fft.c 845
fft.c 755 fft.c 754
fft.c 755 fft.c 683
fft.c 755 fft.c 841
fft.c 755 fft.c 694
fft.c 772 fft.c 695
fft.c 772 fft.c 681
fft.c 772 fft.c 755
fft.c 772 fft.c 843
fft.c 772 fft.c 837
fft.c 772 fft.c 682
fft.c 772 fft.c 735
fft.c 772 fft.c 499
fft.c 772 fft.c 801
fft.c 772 fft.c 694
fft.c 772 fft.c 789
fft.c 772 fft.c 844
fft.c 772 fft.c 683
fft.c 772 fft.c 838
fft.c 772 fft.c 533
fft.c 772 fft.c 841
fft.c 772 fft.c 802
fft.c 772 fft.c 517
fft.c 772 fft.c 860
fft.c 772 fft.c 845
fft.c 772 fft.c 788
fft.c 772 fft.c 772
fft.c 772 fft.c 534
fft.c 772 fft.c 842
fft.c 772 fft.c 754
fft.c 772 fft.c 736
fft.c 772 fft.c 684
fft.c 772 fft.c 846
fft.c 772 fft.c 773
fft.c 773 fft.c 694
fft.c 773 fft.c 842
fft.c 773 fft.c 844
fft.c 773 fft.c 499
fft.c 773 fft.c 736
fft.c 773 fft.c 681
fft.c 773 fft.c 802
fft.c 773 fft.c 695
fft.c 773 fft.c 773
fft.c 773 fft.c 788
fft.c 773 fft.c 755
fft.c 773 fft.c 837
fft.c 773 fft.c 517
fft.c 773 fft.c 838
fft.c 773 fft.c 801
fft.c 773 fft.c 860
fft.c 773 fft.c 735
fft.c 773 fft.c 841
fft.c 773 fft.c 534
fft.c 773 fft.c 772
fft.c 773 fft.c 789
fft.c 773 fft.c 754
fft.c 773 fft.c 684
fft.c 773 fft.c 683
fft.c 773 fft.c 533
fft.c 773 fft.c 845
fft.c 773 fft.c 843
fft.c 773 fft.c 846
fft.c 773 fft.c 682
fft.c 788 fft.c 533
fft.c 788 fft.c 846
fft.c 788 fft.c 736
fft.c 788 fft.c 682
fft.c 788 fft.c 841
fft.c 788 fft.c 735
fft.c 788 fft.c 681
fft.c 788 fft.c 845
fft.c 788 fft.c 789
fft.c 788 fft.c 837
fft.c 788 fft.c 517
fft.c 788 fft.c 755
fft.c 788 fft.c 773
fft.c 788 fft.c 499
fft.c 788 fft.c 844
fft.c 788 fft.c 802
fft.c 788 fft.c 843
fft.c 788 fft.c 694
fft.c 788 fft.c 788
fft.c 788 fft.c 838
fft.c 788 fft.c 754
fft.c 788 fft.c 684
fft.c 788 fft.c 772
fft.c 788 fft.c 534
fft.c 788 fft.c 860
fft.c 788 fft.c 683
fft.c 788 fft.c 842
fft.c 788 fft.c 801
fft.c 788 fft.c 695
fft.c 789 fft.c 517
fft.c 789 fft.c 789
fft.c 789 fft.c 684
fft.c 789 fft.c 844
fft.c 789 fft.c 533
fft.c 789 fft.c 754
fft.c 789 fft.c 681
fft.c 789 fft.c 534
fft.c 789 fft.c 772
fft.c 789 fft.c 841
fft.c 789 fft.c 788
fft.c 789 fft.c 735
fft.c 789 fft.c 845
fft.c 789 fft.c 842
fft.c 789 fft.c 755
fft.c 789 fft.c 682
fft.c 789 fft.c 773
fft.c 789 fft.c 846
fft.c 789 fft.c 801
fft.c 789 fft.c 695
fft.c 789 fft.c 860
fft.c 789 fft.c 736
fft.c 789 fft.c 802
fft.c 789 fft.c 843
fft.c 789 fft.c 694
fft.c 789 fft.c 683
fft.c 789 fft.c 499
fft.c 789 fft.c 838
fft.c 789 fft.c 837
fft.c 801 fft.c 843
fft.c 801 fft.c 681
fft.c 801 fft.c 755
fft.c 801 fft.c 842
fft.c 801 fft.c 684
fft.c 801 fft.c 846
fft.c 801 fft.c 735
fft.c 801 fft.c 773
fft.c 801 fft.c 788
fft.c 801 fft.c 736
fft.c 801 fft.c 533
fft.c 801 fft.c 517
fft.c 801 fft.c 845
fft.c 801 fft.c 754
fft.c 801 fft.c 860
fft.c 801 fft.c 838
fft.c 801 fft.c 683
fft.c 801 fft.c 841
fft.c 801 fft.c 694
fft.c 801 fft.c 802
fft.c 801 fft.c 772
fft.c 801 fft.c 789
fft.c 801 fft.c 844
fft.c 801 fft.c 682
fft.c 801 fft.c 801
fft.c 801 fft.c 837
fft.c 801 fft.c 695
fft.c 801 fft.c 534
fft.c 801 fft.c 499
fft.c 802 fft.c 499
fft.c 802 fft.c 533
fft.c 802 fft.c 773
fft.c 802 fft.c 860
fft.c 802 fft.c 736
fft.c 802 fft.c 694
fft.c 802 fft.c 772
fft.c 802 fft.c 754
fft.c 802 fft.c 843
fft.c 802 fft.c 838
fft.c 802 fft.c 844
fft.c 802 fft.c 682
fft.c 802 fft.c 755
fft.c 802 fft.c 683
fft.c 802 fft.c 684
fft.c 802 fft.c 681
fft.c 802 fft.c 801
fft.c 802 fft.c 837
fft.c 802 fft.c 789
fft.c 802 fft.c 845
fft.c 802 fft.c 802
fft.c 802 fft.c 534
fft.c 802 fft.c 841
fft.c 802 fft.c 846
fft.c 802 fft.c 735
fft.c 802 fft.c 695
fft.c 802 fft.c 517
fft.c 802 fft.c 788
fft.c 802 fft.c 842
fft.c 837 fft.c 772
fft.c 837 fft.c 735
fft.c 837 fft.c 844
fft.c 837 fft.c 695
fft.c 837 fft.c 755
fft.c 837 fft.c 773
fft.c 837 fft.c 754
fft.c 837 fft.c 736
fft.c 837 fft.c 533
fft.c 837 fft.c 789
fft.c 837 fft.c 694
fft.c 837 fft.c 801
fft.c 837 fft.c 846
fft.c 837 fft.c 684
fft.c 837 fft.c 534
fft.c 837 fft.c 845
fft.c 837 fft.c 802
fft.c 837 fft.c 788
fft.c 837 fft.c 843
fft.c 837 fft.c 683
fft.c 838 fft.c 755
fft.c 838 fft.c 684
fft.c 838 fft.c 846
fft.c 838 fft.c 845
fft.c 838 fft.c 735
fft.c 838 fft.c 801
fft.c 838 fft.c 773
fft.c 838 fft.c 788
fft.c 838 fft.c 533
fft.c 838 fft.c 802
fft.c 838 fft.c 683
fft.c 838 fft.c 694
fft.c 838 fft.c 772
fft.c 838 fft.c 789
fft.c 838 fft.c 844
fft.c 838 fft.c 695
fft.c 838 fft.c 754
fft.c 838 fft.c 534
fft.c 838 fft.c 736
fft.c 838 fft.c 843
fft.c 841 fft.c 533
fft.c 841 fft.c 683
fft.c 841 fft.c 695
fft.c 841 fft.c 844
fft.c 841 fft.c 736
fft.c 841 fft.c 843
fft.c 841 fft.c 802
fft.c 841 fft.c 773
fft.c 841 fft.c 754
fft.c 841 fft.c 684
fft.c 841 fft.c 788
fft.c 841 fft.c 755
fft.c 841 fft.c 801
fft.c 841 fft.c 735
fft.c 841 fft.c 534
fft.c 841 fft.c 845
fft.c 841 fft.c 694
fft.c 841 fft.c 772
fft.c 841 fft.c 846
fft.c 841 fft.c 789
fft.c 842 fft.c 754
fft.c 842 fft.c 773
fft.c 842 fft.c 802
fft.c 842 fft.c 801
fft.c 842 fft.c 846
fft.c 842 fft.c 735
fft.c 842 fft.c 789
fft.c 842 fft.c 845
fft.c 842 fft.c 755
fft.c 842 fft.c 843
fft.c 842 fft.c 694
fft.c 842 fft.c 788
fft.c 842 fft.c 684
fft.c 842 fft.c 534
fft.c 842 fft.c 683
fft.c 842 fft.c 533
fft.c 842 fft.c 844
fft.c 842 fft.c 695
fft.c 842 fft.c 736
fft.c 842 fft.c 772
fft.c 843 fft.c 682
fft.c 843 fft.c 735
fft.c 843 fft.c 802
fft.c 843 fft.c 755
fft.c 843 fft.c 517
fft.c 843 fft.c 499
fft.c 843 fft.c 789
fft.c 843 fft.c 773
fft.c 843 fft.c 846
fft.c 843 fft.c 801
fft.c 843 fft.c 684
fft.c 843 fft.c 754
fft.c 843 fft.c 694
fft.c 843 fft.c 843
fft.c 843 fft.c 534
fft.c 843 fft.c 772
fft.c 843 fft.c 837
fft.c 843 fft.c 842
fft.c 843 fft.c 683
fft.c 843 fft.c 788
fft.c 843 fft.c 860
fft.c 843 fft.c 845
fft.c 843 fft.c 695
fft.c 843 fft.c 841
fft.c 843 fft.c 533
fft.c 843 fft.c 736
fft.c 843 fft.c 838
fft.c 843 fft.c 844
fft.c 843 fft.c 681
fft.c 844 fft.c 754
fft.c 844 fft.c 736
fft.c 844 fft.c 681
fft.c 844 fft.c 772
fft.c 844 fft.c 682
fft.c 844 fft.c 695
fft.c 844 fft.c 789
fft.c 844 fft.c 845
fft.c 844 fft.c 841
fft.c 844 fft.c 683
fft.c 844 fft.c 773
fft.c 844 fft.c 694
fft.c 844 fft.c 533
fft.c 844 fft.c 860
fft.c 844 fft.c 534
fft.c 844 fft.c 788
fft.c 844 fft.c 846
fft.c 844 fft.c 684
fft.c 844 fft.c 499
fft.c 844 fft.c 801
fft.c 844 fft.c 838
fft.c 844 fft.c 842
fft.c 844 fft.c 755
fft.c 844 fft.c 837
fft.c 844 fft.c 517
fft.c 844 fft.c 735
fft.c 844 fft.c 802
fft.c 844 fft.c 843
fft.c 844 fft.c 844
fft.c 845 fft.c 683
fft.c 845 fft.c 845
fft.c 845 fft.c 694
fft.c 845 fft.c 860
fft.c 845 fft.c 773
fft.c 845 fft.c 499
fft.c 845 fft.c 841
fft.c 845 fft.c 802
fft.c 845 fft.c 754
fft.c 845 fft.c 682
fft.c 845 fft.c 517
fft.c 845 fft.c 844
fft.c 845 fft.c 695
fft.c 845 fft.c 801
fft.c 845 fft.c 534
fft.c 845 fft.c 788
fft.c 845 fft.c 681
fft.c 845 fft.c 736
fft.c 845 fft.c 837
fft.c 845 fft.c 843
fft.c 845 fft.c 684
fft.c 845 fft.c 789
fft.c 845 fft.c 772
fft.c 845 fft.c 846
fft.c 845 fft.c 533
fft.c 845 fft.c 735
fft.c 845 fft.c 838
fft.c 845 fft.c 755
fft.c 845 fft.c 842
fft.c 846 fft.c 681
fft.c 846 fft.c 695
fft.c 846 fft.c 735
fft.c 846 fft.c 682
fft.c 846 fft.c 801
fft.c 846 fft.c 837
fft.c 846 fft.c 846
fft.c 846 fft.c 754
fft.c 846 fft.c 802
fft.c 846 fft.c 789
fft.c 846 fft.c 736
fft.c 846 fft.c 841
fft.c 846 fft.c 534
fft.c 846 fft.c 838
fft.c 846 fft.c 499
fft.c 846 fft.c 842
fft.c 846 fft.c 755
fft.c 846 fft.c 772
fft.c 846 fft.c 788
fft.c 846 fft.c 683
fft.c 846 fft.c 684
fft.c 846 fft.c 845
fft.c 846 fft.c 860
fft.c 846 fft.c 843
fft.c 846 fft.c 533
fft.c 846 fft.c 773
fft.c 846 fft.c 694
fft.c 846 fft.c 517
fft.c 846 fft.c 844
